<?xml version="1.0" encoding="UTF-8"?>
<testsuite name="uitests.disposal.DisposalFromGroupTest" tests="4" skipped="0" failures="0" errors="0" timestamp="2024-10-23T19:39:56" hostname="WIN-3RAHDNDFC19" time="72.003">
  <properties/>
  <testcase name="[1] MURRIAN" classname="uitests.disposal.DisposalFromGroupTest" time="21.1"/>
  <testcase name="[2] LOST" classname="uitests.disposal.DisposalFromGroupTest" time="16.694"/>
  <testcase name="[3] FACT_KILL" classname="uitests.disposal.DisposalFromGroupTest" time="16.945"/>
  <testcase name="[4] FORCED_KILL" classname="uitests.disposal.DisposalFromGroupTest" time="17.166"/>
  <system-out><![CDATA[Request method:	POST
Request URI:	https://v3.dev.regagro.ru/login
Proxy:			<none>
Request params:	<none>
Query params:	<none>
Form params:	<none>
Path params:	<none>
Headers:		X-Csrf-Token=Ws5OgBoMF8LStbgmAxYUGmUTo07Q912ZUI50yRvY
				Accept=*/*
				Content-Type=application/json
Cookies:		XSRF-TOKEN=eyJpdiI6IkZBZnJvaTVQU2UzNktjcXNYTjhLbmc9PSIsInZhbHVlIjoiMkcxZThKT3R2NkZobSsvQ05kaHBxVmRCL0h1SEFqR0plMm0yWjZIZHJNSWl2aWNaNDVCS2EveFZvN0t3T292Q0JhZGdrVG9Zdi9XYlZWdHhoV0YwQSszRkptS3BPTFdITTBIckhieVR5THlsZTc4N3ZVdGkwdFVGWk45WktWd04iLCJtYWMiOiJlNTBjMDg3MmQwOGY0NDYyNDBkMmM4ZWY5NWFjNmM4MDBiNjFkZTczOTI2NzMwNTkxYzIwNzUyOTIyZjUzNDhhIiwidGFnIjoiIn0%3D
				laravel_session=eyJpdiI6IkdXbjFvZWc2SXg0b2I3RWg5d3JmbEE9PSIsInZhbHVlIjoieFFaSE9rNjNuY1JjZXZLdXkwdGIwaUFuZUZWRUtLV3lXSG1MTUdUNENlaklsYnVLbmlvT3B4a29xQmtoUWdEUXpKeXhiUXpxWkpTdjV3SXh4ZFFibEtMbHhjTGZJVEtCcmNtQkpqemR0bTBlV0djWHhYN0w1dHpacFZzaUdhejYiLCJtYWMiOiIyZjMzMDEwYjc5NDk3ZWNjOTIzNmYxOTczMjM0NmFhZWY3MGQ5NjUwOGQ1NzRhNzJiZDlmMGU5YzBiMGNiOWQ4IiwidGFnIjoiIn0%3D
Multiparts:		<none>
Body:
{
    "email": "cheh@p.v",
    "password": "33221100"
}
Request method:	GET
Request URI:	https://v3.dev.regagro.ru/ajax/animals/15547
Proxy:			<none>
Request params:	<none>
Query params:	<none>
Form params:	<none>
Path params:	<none>
Headers:		Cookie=laravel_session=eyJpdiI6Ik1wWEFZcWNmdkFTZzIwSGx6L1VQU0E9PSIsInZhbHVlIjoiY0xpb0Q0UkFJK2VEakU5TkYrNXNCVktBVkdJMnc5K0pSeHY2bmQxRGxZUldjeDhUTkZQUEh0R0VKVFFVN3BEa29yRnF5Rkh4aGJiUUlSNzJwRkJ3cWxNUnN2MDhiQkpFYkdpQzZUTTJ1cGFoWWwwcTFDblprWE9MazlLZXRuMTciLCJtYWMiOiI5Mjg1YzUwMDRkYzQyM2FmZDQyMWI5ZDhiYmM0OGRiMjBhNWZhNzkxMGFlMGQ0MGM0NTNlZGRkOTliY2VhMzBmIiwidGFnIjoiIn0%3D
				X-XSRF-TOKEN=eyJpdiI6IlRvM2YzYjhTTVVUSDJJcy9QMHorZWc9PSIsInZhbHVlIjoiQmE3aWc3OGJONjhOSGF3cHNjWVNpQzA5RUtxa2hEeDNmbStwaVoyZ0E0bzRrN0JkRTI5U0cxVG00aGQ5Ujg3M3BBYzU0YUpFemcvZGpkOUd6UHowWlJwbGFsQ0ErakZieURUSUdkZ3pFeVRGZjRCVVQ1dU96SW53T0VVM0IvSSsiLCJtYWMiOiI1NzQ0NzViODYxYjBjN2MzZjI0YWM2YjBiZDc2MmNkNTRmZGQxNmJkMTI3ZTVmNTY0MjJlY2FjOGM2NjcxY2VkIiwidGFnIjoiIn0%3D
				Accept=*/*
				Content-Type=application/json
Cookies:		<none>
Multiparts:		<none>
Body:			<none>
HTTP/1.1 200 OK
Date: Wed, 23 Oct 2024 19:40:06 GMT
Server: LiteSpeed
cache-control: no-cache, private
content-type: application/json
content-encoding: gzip
vary: Accept-Encoding
alt-svc: h3=":443"; ma=2592000, h3-29=":443"; ma=2592000, h3-Q050=":443"; ma=2592000, h3-Q046=":443"; ma=2592000, h3-Q043=":443"; ma=2592000, quic=":443"; ma=2592000; v="43,46"
set-cookie: XSRF-TOKEN=eyJpdiI6IkZQbjFjZVZoVVhCMDIzdHBNb0dSTWc9PSIsInZhbHVlIjoiT0RIbU9QZE9McjNzOUZINEw1QXczeFd2ckNqVlpGM1FzYUxScDYwektnVVdYRVkrTG5uZkRjREJvMDBTcWNQellQd2FmOThLZkRMc3J2anplRlhBMndORmFmNVZMM0JTZXhUQWNaRFNYTSt5WElFVkFLeERiSkxjbVo4N3gvdTAiLCJtYWMiOiI1NTUyOTU5NDc5MWRmZjUxZWZjNjE2ZmQ0ODI5MDI3Y2E5MDk2NTViMTIwODRkNDE5Mzk3N2E3NTM3YTA5ZDg3IiwidGFnIjoiIn0%3D; expires=Thu, 24 Oct 2024 19:40:06 GMT; Max-Age=86400; path=/; samesite=lax
set-cookie: laravel_session=eyJpdiI6IlFwN2lnTDkrUjNBMG1pbXZ0R0U5Y0E9PSIsInZhbHVlIjoiV0ZlRzE5WlVBaE1DcERGWEkrVDNQWkJ4dEtudnNkM0JwUE5oblVWaWlycXR2ZnovbW1sR0FEZDQ5ejdUNXZ1WXY5bU1VMVRGZEJqS2hDeUFpNHdOcGVOSzhXTzV2K1VEcGpOSDJGS2VUelVmYkd0cHpXM3IvKzZROWxFdklGbVMiLCJtYWMiOiIzNTg3YmRmNDNkN2MzMjFkY2NkMTJjMTI0OGJlMTJmOGQ5YmE5Y2FmMzc5Njc2NmI1Mzk4ODE5NjcyMmFkMzYwIiwidGFnIjoiIn0%3D; expires=Thu, 24 Oct 2024 19:40:06 GMT; Max-Age=86400; path=/; httponly; samesite=lax
Keep-Alive: timeout=5, max=100
Connection: Keep-Alive
Transfer-Encoding: chunked

{
    "id": 15547,
    "created_at": "2024-07-31T07:54:12.000000Z",
    "updated_at": "2024-09-30T07:52:35.000000Z",
    "birth_date": "2023-12-16",
    "birth_date_edited": 0,
    "is_tribal": 0,
    "tribal_certificate": null,
    "kind_id": 2,
    "suit_id": null,
    "breed_id": 425,
    "registration_ground_id": 1,
    "gender": 3,
    "keep_type_id": 15,
    "keep_purpose_id": 1,
    "keep_place_id": 5,
    "enterprise_id": 239,
    "count": 13,
    "name": "Группа",
    "deleted_at": null,
    "user_id": 72,
    "is_offspring": 0,
    "is_insemination": 0,
    "is_castrated": 0,
    "product_direction_id": 2,
    "number": "1430232443",
    "twin_number": null,
    "is_group": 1,
    "guid": "9ca70a3d-2fa0-4574-9cd3-82a2f86a1fec",
    "animal_parent_id": null,
    "is_super_group": 0,
    "is_mobile": 0,
    "first_marker_date": "2024-01-01 00:00:00",
    "cross_id": null,
    "from_group_id": null,
    "disposal_list_id": null,
    "supervised_object_id": 238,
    "withdraw_at": null,
    "withdraw_user_id": null,
    "age_group": null,
    "age": {
        "in_hours": [
            7867,
            7123
        ],
        "in_days": [
            327,
            296
        ],
        "in_months": [
            10,
            9
        ],
        "in_years": [
            0,
            0
        ],
        "human_1": "10 месяцев - 9 месяцев",
        "human_2": "10 месяцев - 9 месяцев",
        "human_3": "10 месяцев - 9 месяцев"
    },
    "can_birth_date_edit": true,
    "kind": {
        "id": 2,
        "name": "Свиньи",
        "is_active": 1,
        "sort": 4,
        "icon_url": "animal_icons/pig.svg",
        "deleted_at": null
    },
    "suit": null,
    "breed": {
        "id": 425,
        "name": "Неизвестна",
        "kind_id": 2,
        "deleted_at": null
    },
    "registration_ground": {
        "id": 1,
        "name": "Заявление владельца",
        "sort": 1
    },
    "keep_type": {
        "id": 15,
        "name": "Содержание в закрытом помещении с выпасом",
        "deleted_at": null
    },
    "keep_purpose": {
        "id": 1,
        "name": "Для получения подконтрольных госветнадзору товаров, предназначенных в пищу",
        "deleted_at": null,
        "sort": 1
    },
    "keep_place": {
        "id": 5,
        "name": "Навес",
        "deleted_at": null
    },
    "enterprise": {
        "id": 239,
        "created_at": "2023-12-12T11:52:40.000000Z",
        "updated_at": "2024-09-02T20:18:04.000000Z",
        "deleted_at": null,
        "name": "\"Навуходоносор\"",
        "uuid": "9ad4ab34-313c-41a4-90aa-23df439b50e2",
        "longitude": "36.0029098",
        "latitude": "53.4330830",
        "owner_id": 205,
        "enterprise_type_id": 26,
        "user_id": 77,
        "service_area_id": 52,
        "owner": {
            "id": 205,
            "created_at": "2024-01-11T14:09:14.000000Z",
            "updated_at": "2024-09-17T06:56:44.000000Z",
            "inn": "7736280232",
            "kpp": "772301006",
            "inn_kpp": "7736280232/772301006",
            "name": "Буль Галина  Бланковна",
            "phone": null,
            "email": null,
            "last_name": null,
            "first_name": null,
            "patronymic": null,
            "uuid": "9b113591-d760-4b93-b744-502f9ce3d34b",
            "user_id": 72,
            "legal_form_id": 1,
            "snils": "",
            "owner_addresses": [
                {
                    "id": 205,
                    "created_at": "2024-01-11T14:09:15.000000Z",
                    "updated_at": "2024-06-04T08:21:14.000000Z",
                    "full_address": "респ. Башкортостан, Уфимский р-н., с Ольховое",
                    "postal_code": null,
                    "country_code": null,
                    "region_code": "6f2cbfd8-692a-4ee4-9b16-067210bde3fc",
                    "district_code": "c7a81174-8d01-4ae6-83e6-386ae23ee629",
                    "locality_code": "710ce64a-8380-4bb5-9671-ee0db8898b06",
                    "sub_locality_code": null,
                    "pos_council_code": null,
                    "street_code": null,
                    "house": null,
                    "block": null,
                    "flat": null,
                    "owner_id": 205,
                    "address_type_id": 1,
                    "plan_structure_code": null
                }
            ],
            "legal_form": {
                "id": 1,
                "name": "Юридическое лицо"
            },
            "vetis_owner": null
        },
        "enterprise_addresses": [
            {
                "id": 239,
                "created_at": "2023-12-12T11:52:40.000000Z",
                "updated_at": "2023-12-12T11:52:40.000000Z",
                "full_address": "Орловская обл., Болховский р-н., г Болхов, д. 1",
                "postal_code": null,
                "country_code": null,
                "region_code": "5e465691-de23-4c4e-9f46-f35a125b5970",
                "district_code": "b3ccc7a9-8439-4686-a936-65a2b6212362",
                "locality_code": "4393f437-1a48-4083-bed9-ad3382fdad16",
                "sub_locality_code": null,
                "pos_council_code": null,
                "street_code": null,
                "house": "1",
                "block": null,
                "flat": null,
                "enterprise_id": 239,
                "address_type_id": 1,
                "comment": null,
                "plan_structure_code": null
            }
        ],
        "service_area": {
            "id": 52,
            "created_at": "2023-07-04T13:05:51.000000Z",
            "updated_at": "2023-07-04T13:05:51.000000Z",
            "name": "Территория 1",
            "uuid": "9990e4ed-8282-40f5-a3a7-5919cfb28ee7",
            "user_id": 1,
            "deleted_at": null,
            "organization_id": 66,
            "description": null
        }
    },
    "animal_pedigree": null,
    "product_direction": {
        "id": 2,
        "name": "Мясное"
    },
    "animal_identifications": [
        {
            "id": 16280,
            "created_at": "2024-07-31T07:54:12.000000Z",
            "updated_at": "2024-07-31T07:54:12.000000Z",
            "animal_id": 15547,
            "user_id": 72,
            "marker_type_id": 20,
            "identification_reason_id": 1,
            "number": "1430232443",
            "twin_number": null,
            "is_active": 1,
            "complect_number": null,
            "description": "Внутрихозяйственное табло",
            "marker_place_id": 35,
            "other_marker_place": null,
            "marker_date": "2024-01-01 00:00:00",
            "marker_type": {
                "id": 20,
                "name": "Внутрихозяйственное табло",
                "max": null,
                "min": null,
                "regexp": null,
                "priority": 21,
                "sort": 21,
                "is_only_group": 1,
                "deleted_at": null
            },
            "marker_place": {
                "id": 35,
                "name": "Внешняя стенка места содержания",
                "sort": 35,
                "guid": "06897efd-e9d4-4fb6-a1ff-db6505caa23d",
                "deleted_at": null,
                "is_only_group": 1
            }
        }
    ],
    "animal_import": null,
    "animal_birth_date_range": {
        "id": 756,
        "animal_id": 15547,
        "date_from": "2023-12-01",
        "date_to": "2024-01-01"
    },
    "cross": null,
    "animal_count_range": {
        "id": 15530,
        "animal_id": 15547,
        "count_from": 1,
        "count_to": 1,
        "count_male": 10,
        "count_female": 3
    },
    "user": {
        "id": 72,
        "name": "Чехов Петр Васильевич",
        "email": "cheh@p.v",
        "email_verified_at": null,
        "created_at": "2023-07-04T13:38:15.000000Z",
        "updated_at": "2023-10-20T12:54:46.000000Z",
        "organization_id": 66,
        "locale": "ru",
        "first_name": "Петр",
        "last_name": "Чехов",
        "patronymic": "Васильевич",
        "post": "ветеринарный специалист",
        "phone": "+7(546)546-34-53",
        "deleted_at": null,
        "avatar_content": null,
        "guid": "7cbb8ba4-db1d-4c7a-b083-6849725a330d",
        "organization": {
            "id": 66,
            "created_at": "2023-07-04T13:04:26.000000Z",
            "updated_at": "2024-10-08T07:46:46.000000Z",
            "name": "СББЖ Орловского района",
            "uuid": "9990e46c-e648-4eed-a011-a684a5124abb",
            "user_id": 80,
            "post": "директ2",
            "director_first_name": "Шумил",
            "director_second_name": "Василий",
            "director_patronymic": "Петрович",
            "phone": "+7(453)534-53-45",
            "email": "zel@shum.ru",
            "inn": "5678944444",
            "kpp": "567894444",
            "path": null,
            "description": "5 территорий",
            "okpo": null,
            "okved2": null,
            "oktmo": null,
            "okogu": null,
            "okopf": null,
            "okfs": null,
            "organization_id": 65,
            "deleted_at": null,
            "organization_type_id": 1,
            "drug_storage_org_setting_id": 15,
            "service_areas": [
                {
                    "id": 52,
                    "created_at": "2023-07-04T13:05:51.000000Z",
                    "updated_at": "2023-07-04T13:05:51.000000Z",
                    "name": "Территория 1",
                    "uuid": "9990e4ed-8282-40f5-a3a7-5919cfb28ee7",
                    "user_id": 1,
                    "deleted_at": null,
                    "organization_id": 66,
                    "description": null
                },
                {
                    "id": 53,
                    "created_at": "2023-07-04T13:06:00.000000Z",
                    "updated_at": "2023-07-04T13:06:00.000000Z",
                    "name": "Территория 2",
                    "uuid": "9990e4fb-97d1-48a6-8c41-37ada312ccc0",
                    "user_id": 1,
                    "deleted_at": null,
                    "organization_id": 66,
                    "description": null
                },
                {
                    "id": 57,
                    "created_at": "2023-07-07T07:12:15.000000Z",
                    "updated_at": "2023-07-07T07:12:15.000000Z",
                    "name": "Территория 3",
                    "uuid": "99966f6c-b3ae-4568-8611-49157d734353",
                    "user_id": 1,
                    "deleted_at": null,
                    "organization_id": 66,
                    "description": null
                },
                {
                    "id": 58,
                    "created_at": "2023-07-07T07:12:24.000000Z",
                    "updated_at": "2023-07-07T07:12:24.000000Z",
                    "name": "Территория 4",
                    "uuid": "99966f7a-8271-4eeb-9eed-0b8ebe67fb00",
                    "user_id": 1,
                    "deleted_at": null,
                    "organization_id": 66,
                    "description": null
                },
                {
                    "id": 59,
                    "created_at": "2023-07-07T07:12:32.000000Z",
                    "updated_at": "2023-07-07T07:12:32.000000Z",
                    "name": "Территория 5",
                    "uuid": "99966f86-44ce-4169-88ec-95d3957f7b26",
                    "user_id": 1,
                    "deleted_at": null,
                    "organization_id": 66,
                    "description": null
                },
                {
                    "id": 104,
                    "created_at": "2024-09-03T07:38:59.000000Z",
                    "updated_at": "2024-09-03T07:38:59.000000Z",
                    "name": "Территория 6",
                    "uuid": "9ceb6a42-57fb-4d30-938f-349b0dd2dba0",
                    "user_id": 1,
                    "deleted_at": null,
                    "organization_id": 66,
                    "description": null
                },
                {
                    "id": 105,
                    "created_at": "2024-09-04T11:44:44.000000Z",
                    "updated_at": "2024-09-04T11:44:44.000000Z",
                    "name": "Территория 7",
                    "uuid": "9cedc521-40ea-4856-9fca-3150e28538f5",
                    "user_id": 1,
                    "deleted_at": null,
                    "organization_id": 66,
                    "description": "Территория баранов"
                }
            ]
        },
        "vetis_setting": {
            "id": 4,
            "created_at": "2024-03-15T08:17:40.000000Z",
            "updated_at": "2024-08-19T15:43:33.000000Z",
            "login": "deblik-ag-240131REGAGRO",
            "user_id": 72
        }
    },
    "vetis_animal": null,
    "supervised_object": {
        "id": 238,
        "created_at": null,
        "updated_at": "2024-08-08T05:51:47.000000Z",
        "owner_id": 184,
        "enterprise_id": 239,
        "name": "Объект ООО \"НЕРАЛ-ПРОДУКТ\" ",
        "number": "9b6e4063-2420-4baf-96a5-ac964b52ba2b",
        "guid": "9b6e4063-2425-4b70-be14-12eac56b4e27",
        "vetis_guid": "b837b9cf-9ce1-4734-95a9-0e4d36995058",
        "deleted_at": null,
        "integrated_at": null,
        "integrated_count": null,
        "type_id": 4,
        "user_id": 77,
        "deleted_user_id": null,
        "last_sync_at": null,
        "owner": {
            "id": 184,
            "created_at": "2023-10-03T06:55:30.000000Z",
            "updated_at": "2024-08-06T10:34:41.000000Z",
            "inn": "1254365210",
            "kpp": "222255511",
            "inn_kpp": "1254365210/222255511",
            "name": "Тестовый владелец ",
            "phone": null,
            "email": null,
            "last_name": "Тестовый",
            "first_name": "владелец",
            "patronymic": null,
            "uuid": "9a47700a-0391-4507-800d-80c8fb84416e",
            "user_id": 72,
            "legal_form_id": 1,
            "snils": "",
            "owner_addresses": [
                {
                    "id": 184,
                    "created_at": "2023-10-03T06:55:30.000000Z",
                    "updated_at": "2024-08-06T10:31:14.000000Z",
                    "full_address": "респ. Коми, г Воркута, ул Капитальная",
                    "postal_code": "430010",
                    "country_code": null,
                    "region_code": "c20180d9-ad9c-46d1-9eff-d60bc424592a",
                    "district_code": null,
                    "locality_code": "e0bf9ea3-7cbf-4b13-95f1-32c3ee9b3ae5",
                    "sub_locality_code": null,
                    "pos_council_code": null,
                    "street_code": "2d8f0484-1e7f-4a53-aaee-b76de1ce0731",
                    "house": null,
                    "block": null,
                    "flat": null,
                    "owner_id": 184,
                    "address_type_id": 1,
                    "plan_structure_code": null
                }
            ],
            "legal_form": {
                "id": 1,
                "name": "Юридическое лицо"
            },
            "vetis_owner": null
        }
    },
    "withdraw_user": null,
    "withdraw_application": null,
    "super_group": null
}
Request method:	GET
Request URI:	https://v3.dev.regagro.ru/ajax/animals/15547
Proxy:			<none>
Request params:	<none>
Query params:	<none>
Form params:	<none>
Path params:	<none>
Headers:		Cookie=laravel_session=eyJpdiI6Ik1wWEFZcWNmdkFTZzIwSGx6L1VQU0E9PSIsInZhbHVlIjoiY0xpb0Q0UkFJK2VEakU5TkYrNXNCVktBVkdJMnc5K0pSeHY2bmQxRGxZUldjeDhUTkZQUEh0R0VKVFFVN3BEa29yRnF5Rkh4aGJiUUlSNzJwRkJ3cWxNUnN2MDhiQkpFYkdpQzZUTTJ1cGFoWWwwcTFDblprWE9MazlLZXRuMTciLCJtYWMiOiI5Mjg1YzUwMDRkYzQyM2FmZDQyMWI5ZDhiYmM0OGRiMjBhNWZhNzkxMGFlMGQ0MGM0NTNlZGRkOTliY2VhMzBmIiwidGFnIjoiIn0%3D
				X-XSRF-TOKEN=eyJpdiI6IlRvM2YzYjhTTVVUSDJJcy9QMHorZWc9PSIsInZhbHVlIjoiQmE3aWc3OGJONjhOSGF3cHNjWVNpQzA5RUtxa2hEeDNmbStwaVoyZ0E0bzRrN0JkRTI5U0cxVG00aGQ5Ujg3M3BBYzU0YUpFemcvZGpkOUd6UHowWlJwbGFsQ0ErakZieURUSUdkZ3pFeVRGZjRCVVQ1dU96SW53T0VVM0IvSSsiLCJtYWMiOiI1NzQ0NzViODYxYjBjN2MzZjI0YWM2YjBiZDc2MmNkNTRmZGQxNmJkMTI3ZTVmNTY0MjJlY2FjOGM2NjcxY2VkIiwidGFnIjoiIn0%3D
				Accept=*/*
				Content-Type=application/json
Cookies:		<none>
Multiparts:		<none>
Body:			<none>
HTTP/1.1 200 OK
Date: Wed, 23 Oct 2024 19:40:08 GMT
Server: LiteSpeed
cache-control: no-cache, private
content-type: application/json
content-encoding: gzip
vary: Accept-Encoding
alt-svc: h3=":443"; ma=2592000, h3-29=":443"; ma=2592000, h3-Q050=":443"; ma=2592000, h3-Q046=":443"; ma=2592000, h3-Q043=":443"; ma=2592000, quic=":443"; ma=2592000; v="43,46"
set-cookie: XSRF-TOKEN=eyJpdiI6ImQ3MisrQzNabjd0N1BrbWV2YmgxR0E9PSIsInZhbHVlIjoiZWpUd256eFpqajBGUW04bEJ0R2FSdUJzaXhqWTdNREVlT1poTnpZVzRNWGVISGJKMnZuaTFLRU5CWFpUblRrR04zSDVHOVl3aXZCSzE3YzFWTWVrcXpoMFF0NVJieUlVR3ZiblJBdVltMm1Vclp6b01FQU42ZThNakVnSnhGWVIiLCJtYWMiOiJjYTc3YWVlYjM4NDYxYjIyZDY3MjNlYTQyMTQzYjY5OWZiNjFhNWNjOTc4MDY1ZTJlOWQ3ZjVhNWEyYjFiN2IwIiwidGFnIjoiIn0%3D; expires=Thu, 24 Oct 2024 19:40:08 GMT; Max-Age=86400; path=/; samesite=lax
set-cookie: laravel_session=eyJpdiI6IlBJd2paSjdYWFlpLzA2V2xUSjFiTGc9PSIsInZhbHVlIjoicy9HQnF6dU0zQ2NIZDJSNFdwenlZNWcxYm8rZlBxdHpiVUkvVEw3dkZHeWFzTG9YTmlTVFRSdEI0RFpTUmpUaFRzdjFTUUhicnljdktyTk1ycytpMUtJR3RZT3JZbjdDcnVJZUhJdXZiNmY4VGNJcU9rR3BmV2pwV2Z2V1hucm4iLCJtYWMiOiI0ODIxNTI5MGYzYjNhOTI4ODM0YTRkZDY5YjRkNWZiNmJiNGZkMDk5OTdlNTMyMTU4YmQyMjM1Nzc5ODk5N2YxIiwidGFnIjoiIn0%3D; expires=Thu, 24 Oct 2024 19:40:08 GMT; Max-Age=86400; path=/; httponly; samesite=lax
Keep-Alive: timeout=5, max=100
Connection: Keep-Alive
Transfer-Encoding: chunked

{
    "id": 15547,
    "created_at": "2024-07-31T07:54:12.000000Z",
    "updated_at": "2024-09-30T07:52:35.000000Z",
    "birth_date": "2023-12-16",
    "birth_date_edited": 0,
    "is_tribal": 0,
    "tribal_certificate": null,
    "kind_id": 2,
    "suit_id": null,
    "breed_id": 425,
    "registration_ground_id": 1,
    "gender": 3,
    "keep_type_id": 15,
    "keep_purpose_id": 1,
    "keep_place_id": 5,
    "enterprise_id": 239,
    "count": 13,
    "name": "Группа",
    "deleted_at": null,
    "user_id": 72,
    "is_offspring": 0,
    "is_insemination": 0,
    "is_castrated": 0,
    "product_direction_id": 2,
    "number": "1430232443",
    "twin_number": null,
    "is_group": 1,
    "guid": "9ca70a3d-2fa0-4574-9cd3-82a2f86a1fec",
    "animal_parent_id": null,
    "is_super_group": 0,
    "is_mobile": 0,
    "first_marker_date": "2024-01-01 00:00:00",
    "cross_id": null,
    "from_group_id": null,
    "disposal_list_id": null,
    "supervised_object_id": 238,
    "withdraw_at": null,
    "withdraw_user_id": null,
    "age_group": null,
    "age": {
        "in_hours": [
            7867,
            7123
        ],
        "in_days": [
            327,
            296
        ],
        "in_months": [
            10,
            9
        ],
        "in_years": [
            0,
            0
        ],
        "human_1": "10 месяцев - 9 месяцев",
        "human_2": "10 месяцев - 9 месяцев",
        "human_3": "10 месяцев - 9 месяцев"
    },
    "can_birth_date_edit": true,
    "kind": {
        "id": 2,
        "name": "Свиньи",
        "is_active": 1,
        "sort": 4,
        "icon_url": "animal_icons/pig.svg",
        "deleted_at": null
    },
    "suit": null,
    "breed": {
        "id": 425,
        "name": "Неизвестна",
        "kind_id": 2,
        "deleted_at": null
    },
    "registration_ground": {
        "id": 1,
        "name": "Заявление владельца",
        "sort": 1
    },
    "keep_type": {
        "id": 15,
        "name": "Содержание в закрытом помещении с выпасом",
        "deleted_at": null
    },
    "keep_purpose": {
        "id": 1,
        "name": "Для получения подконтрольных госветнадзору товаров, предназначенных в пищу",
        "deleted_at": null,
        "sort": 1
    },
    "keep_place": {
        "id": 5,
        "name": "Навес",
        "deleted_at": null
    },
    "enterprise": {
        "id": 239,
        "created_at": "2023-12-12T11:52:40.000000Z",
        "updated_at": "2024-09-02T20:18:04.000000Z",
        "deleted_at": null,
        "name": "\"Навуходоносор\"",
        "uuid": "9ad4ab34-313c-41a4-90aa-23df439b50e2",
        "longitude": "36.0029098",
        "latitude": "53.4330830",
        "owner_id": 205,
        "enterprise_type_id": 26,
        "user_id": 77,
        "service_area_id": 52,
        "owner": {
            "id": 205,
            "created_at": "2024-01-11T14:09:14.000000Z",
            "updated_at": "2024-09-17T06:56:44.000000Z",
            "inn": "7736280232",
            "kpp": "772301006",
            "inn_kpp": "7736280232/772301006",
            "name": "Буль Галина  Бланковна",
            "phone": null,
            "email": null,
            "last_name": null,
            "first_name": null,
            "patronymic": null,
            "uuid": "9b113591-d760-4b93-b744-502f9ce3d34b",
            "user_id": 72,
            "legal_form_id": 1,
            "snils": "",
            "owner_addresses": [
                {
                    "id": 205,
                    "created_at": "2024-01-11T14:09:15.000000Z",
                    "updated_at": "2024-06-04T08:21:14.000000Z",
                    "full_address": "респ. Башкортостан, Уфимский р-н., с Ольховое",
                    "postal_code": null,
                    "country_code": null,
                    "region_code": "6f2cbfd8-692a-4ee4-9b16-067210bde3fc",
                    "district_code": "c7a81174-8d01-4ae6-83e6-386ae23ee629",
                    "locality_code": "710ce64a-8380-4bb5-9671-ee0db8898b06",
                    "sub_locality_code": null,
                    "pos_council_code": null,
                    "street_code": null,
                    "house": null,
                    "block": null,
                    "flat": null,
                    "owner_id": 205,
                    "address_type_id": 1,
                    "plan_structure_code": null
                }
            ],
            "legal_form": {
                "id": 1,
                "name": "Юридическое лицо"
            },
            "vetis_owner": null
        },
        "enterprise_addresses": [
            {
                "id": 239,
                "created_at": "2023-12-12T11:52:40.000000Z",
                "updated_at": "2023-12-12T11:52:40.000000Z",
                "full_address": "Орловская обл., Болховский р-н., г Болхов, д. 1",
                "postal_code": null,
                "country_code": null,
                "region_code": "5e465691-de23-4c4e-9f46-f35a125b5970",
                "district_code": "b3ccc7a9-8439-4686-a936-65a2b6212362",
                "locality_code": "4393f437-1a48-4083-bed9-ad3382fdad16",
                "sub_locality_code": null,
                "pos_council_code": null,
                "street_code": null,
                "house": "1",
                "block": null,
                "flat": null,
                "enterprise_id": 239,
                "address_type_id": 1,
                "comment": null,
                "plan_structure_code": null
            }
        ],
        "service_area": {
            "id": 52,
            "created_at": "2023-07-04T13:05:51.000000Z",
            "updated_at": "2023-07-04T13:05:51.000000Z",
            "name": "Территория 1",
            "uuid": "9990e4ed-8282-40f5-a3a7-5919cfb28ee7",
            "user_id": 1,
            "deleted_at": null,
            "organization_id": 66,
            "description": null
        }
    },
    "animal_pedigree": null,
    "product_direction": {
        "id": 2,
        "name": "Мясное"
    },
    "animal_identifications": [
        {
            "id": 16280,
            "created_at": "2024-07-31T07:54:12.000000Z",
            "updated_at": "2024-07-31T07:54:12.000000Z",
            "animal_id": 15547,
            "user_id": 72,
            "marker_type_id": 20,
            "identification_reason_id": 1,
            "number": "1430232443",
            "twin_number": null,
            "is_active": 1,
            "complect_number": null,
            "description": "Внутрихозяйственное табло",
            "marker_place_id": 35,
            "other_marker_place": null,
            "marker_date": "2024-01-01 00:00:00",
            "marker_type": {
                "id": 20,
                "name": "Внутрихозяйственное табло",
                "max": null,
                "min": null,
                "regexp": null,
                "priority": 21,
                "sort": 21,
                "is_only_group": 1,
                "deleted_at": null
            },
            "marker_place": {
                "id": 35,
                "name": "Внешняя стенка места содержания",
                "sort": 35,
                "guid": "06897efd-e9d4-4fb6-a1ff-db6505caa23d",
                "deleted_at": null,
                "is_only_group": 1
            }
        }
    ],
    "animal_import": null,
    "animal_birth_date_range": {
        "id": 756,
        "animal_id": 15547,
        "date_from": "2023-12-01",
        "date_to": "2024-01-01"
    },
    "cross": null,
    "animal_count_range": {
        "id": 15530,
        "animal_id": 15547,
        "count_from": 1,
        "count_to": 1,
        "count_male": 10,
        "count_female": 3
    },
    "user": {
        "id": 72,
        "name": "Чехов Петр Васильевич",
        "email": "cheh@p.v",
        "email_verified_at": null,
        "created_at": "2023-07-04T13:38:15.000000Z",
        "updated_at": "2023-10-20T12:54:46.000000Z",
        "organization_id": 66,
        "locale": "ru",
        "first_name": "Петр",
        "last_name": "Чехов",
        "patronymic": "Васильевич",
        "post": "ветеринарный специалист",
        "phone": "+7(546)546-34-53",
        "deleted_at": null,
        "avatar_content": null,
        "guid": "7cbb8ba4-db1d-4c7a-b083-6849725a330d",
        "organization": {
            "id": 66,
            "created_at": "2023-07-04T13:04:26.000000Z",
            "updated_at": "2024-10-08T07:46:46.000000Z",
            "name": "СББЖ Орловского района",
            "uuid": "9990e46c-e648-4eed-a011-a684a5124abb",
            "user_id": 80,
            "post": "директ2",
            "director_first_name": "Шумил",
            "director_second_name": "Василий",
            "director_patronymic": "Петрович",
            "phone": "+7(453)534-53-45",
            "email": "zel@shum.ru",
            "inn": "5678944444",
            "kpp": "567894444",
            "path": null,
            "description": "5 территорий",
            "okpo": null,
            "okved2": null,
            "oktmo": null,
            "okogu": null,
            "okopf": null,
            "okfs": null,
            "organization_id": 65,
            "deleted_at": null,
            "organization_type_id": 1,
            "drug_storage_org_setting_id": 15,
            "service_areas": [
                {
                    "id": 52,
                    "created_at": "2023-07-04T13:05:51.000000Z",
                    "updated_at": "2023-07-04T13:05:51.000000Z",
                    "name": "Территория 1",
                    "uuid": "9990e4ed-8282-40f5-a3a7-5919cfb28ee7",
                    "user_id": 1,
                    "deleted_at": null,
                    "organization_id": 66,
                    "description": null
                },
                {
                    "id": 53,
                    "created_at": "2023-07-04T13:06:00.000000Z",
                    "updated_at": "2023-07-04T13:06:00.000000Z",
                    "name": "Территория 2",
                    "uuid": "9990e4fb-97d1-48a6-8c41-37ada312ccc0",
                    "user_id": 1,
                    "deleted_at": null,
                    "organization_id": 66,
                    "description": null
                },
                {
                    "id": 57,
                    "created_at": "2023-07-07T07:12:15.000000Z",
                    "updated_at": "2023-07-07T07:12:15.000000Z",
                    "name": "Территория 3",
                    "uuid": "99966f6c-b3ae-4568-8611-49157d734353",
                    "user_id": 1,
                    "deleted_at": null,
                    "organization_id": 66,
                    "description": null
                },
                {
                    "id": 58,
                    "created_at": "2023-07-07T07:12:24.000000Z",
                    "updated_at": "2023-07-07T07:12:24.000000Z",
                    "name": "Территория 4",
                    "uuid": "99966f7a-8271-4eeb-9eed-0b8ebe67fb00",
                    "user_id": 1,
                    "deleted_at": null,
                    "organization_id": 66,
                    "description": null
                },
                {
                    "id": 59,
                    "created_at": "2023-07-07T07:12:32.000000Z",
                    "updated_at": "2023-07-07T07:12:32.000000Z",
                    "name": "Территория 5",
                    "uuid": "99966f86-44ce-4169-88ec-95d3957f7b26",
                    "user_id": 1,
                    "deleted_at": null,
                    "organization_id": 66,
                    "description": null
                },
                {
                    "id": 104,
                    "created_at": "2024-09-03T07:38:59.000000Z",
                    "updated_at": "2024-09-03T07:38:59.000000Z",
                    "name": "Территория 6",
                    "uuid": "9ceb6a42-57fb-4d30-938f-349b0dd2dba0",
                    "user_id": 1,
                    "deleted_at": null,
                    "organization_id": 66,
                    "description": null
                },
                {
                    "id": 105,
                    "created_at": "2024-09-04T11:44:44.000000Z",
                    "updated_at": "2024-09-04T11:44:44.000000Z",
                    "name": "Территория 7",
                    "uuid": "9cedc521-40ea-4856-9fca-3150e28538f5",
                    "user_id": 1,
                    "deleted_at": null,
                    "organization_id": 66,
                    "description": "Территория баранов"
                }
            ]
        },
        "vetis_setting": {
            "id": 4,
            "created_at": "2024-03-15T08:17:40.000000Z",
            "updated_at": "2024-08-19T15:43:33.000000Z",
            "login": "deblik-ag-240131REGAGRO",
            "user_id": 72
        }
    },
    "vetis_animal": null,
    "supervised_object": {
        "id": 238,
        "created_at": null,
        "updated_at": "2024-08-08T05:51:47.000000Z",
        "owner_id": 184,
        "enterprise_id": 239,
        "name": "Объект ООО \"НЕРАЛ-ПРОДУКТ\" ",
        "number": "9b6e4063-2420-4baf-96a5-ac964b52ba2b",
        "guid": "9b6e4063-2425-4b70-be14-12eac56b4e27",
        "vetis_guid": "b837b9cf-9ce1-4734-95a9-0e4d36995058",
        "deleted_at": null,
        "integrated_at": null,
        "integrated_count": null,
        "type_id": 4,
        "user_id": 77,
        "deleted_user_id": null,
        "last_sync_at": null,
        "owner": {
            "id": 184,
            "created_at": "2023-10-03T06:55:30.000000Z",
            "updated_at": "2024-08-06T10:34:41.000000Z",
            "inn": "1254365210",
            "kpp": "222255511",
            "inn_kpp": "1254365210/222255511",
            "name": "Тестовый владелец ",
            "phone": null,
            "email": null,
            "last_name": "Тестовый",
            "first_name": "владелец",
            "patronymic": null,
            "uuid": "9a47700a-0391-4507-800d-80c8fb84416e",
            "user_id": 72,
            "legal_form_id": 1,
            "snils": "",
            "owner_addresses": [
                {
                    "id": 184,
                    "created_at": "2023-10-03T06:55:30.000000Z",
                    "updated_at": "2024-08-06T10:31:14.000000Z",
                    "full_address": "респ. Коми, г Воркута, ул Капитальная",
                    "postal_code": "430010",
                    "country_code": null,
                    "region_code": "c20180d9-ad9c-46d1-9eff-d60bc424592a",
                    "district_code": null,
                    "locality_code": "e0bf9ea3-7cbf-4b13-95f1-32c3ee9b3ae5",
                    "sub_locality_code": null,
                    "pos_council_code": null,
                    "street_code": "2d8f0484-1e7f-4a53-aaee-b76de1ce0731",
                    "house": null,
                    "block": null,
                    "flat": null,
                    "owner_id": 184,
                    "address_type_id": 1,
                    "plan_structure_code": null
                }
            ],
            "legal_form": {
                "id": 1,
                "name": "Юридическое лицо"
            },
            "vetis_owner": null
        }
    },
    "withdraw_user": null,
    "withdraw_application": null,
    "super_group": null
}
Request method:	GET
Request URI:	https://v3.dev.regagro.ru/ajax/animals/15547
Proxy:			<none>
Request params:	<none>
Query params:	<none>
Form params:	<none>
Path params:	<none>
Headers:		Cookie=laravel_session=eyJpdiI6Ik1wWEFZcWNmdkFTZzIwSGx6L1VQU0E9PSIsInZhbHVlIjoiY0xpb0Q0UkFJK2VEakU5TkYrNXNCVktBVkdJMnc5K0pSeHY2bmQxRGxZUldjeDhUTkZQUEh0R0VKVFFVN3BEa29yRnF5Rkh4aGJiUUlSNzJwRkJ3cWxNUnN2MDhiQkpFYkdpQzZUTTJ1cGFoWWwwcTFDblprWE9MazlLZXRuMTciLCJtYWMiOiI5Mjg1YzUwMDRkYzQyM2FmZDQyMWI5ZDhiYmM0OGRiMjBhNWZhNzkxMGFlMGQ0MGM0NTNlZGRkOTliY2VhMzBmIiwidGFnIjoiIn0%3D
				X-XSRF-TOKEN=eyJpdiI6IlRvM2YzYjhTTVVUSDJJcy9QMHorZWc9PSIsInZhbHVlIjoiQmE3aWc3OGJONjhOSGF3cHNjWVNpQzA5RUtxa2hEeDNmbStwaVoyZ0E0bzRrN0JkRTI5U0cxVG00aGQ5Ujg3M3BBYzU0YUpFemcvZGpkOUd6UHowWlJwbGFsQ0ErakZieURUSUdkZ3pFeVRGZjRCVVQ1dU96SW53T0VVM0IvSSsiLCJtYWMiOiI1NzQ0NzViODYxYjBjN2MzZjI0YWM2YjBiZDc2MmNkNTRmZGQxNmJkMTI3ZTVmNTY0MjJlY2FjOGM2NjcxY2VkIiwidGFnIjoiIn0%3D
				Accept=*/*
				Content-Type=application/json
Cookies:		<none>
Multiparts:		<none>
Body:			<none>
HTTP/1.1 200 OK
Date: Wed, 23 Oct 2024 19:40:08 GMT
Server: LiteSpeed
cache-control: no-cache, private
content-type: application/json
content-encoding: gzip
vary: Accept-Encoding
alt-svc: h3=":443"; ma=2592000, h3-29=":443"; ma=2592000, h3-Q050=":443"; ma=2592000, h3-Q046=":443"; ma=2592000, h3-Q043=":443"; ma=2592000, quic=":443"; ma=2592000; v="43,46"
set-cookie: XSRF-TOKEN=eyJpdiI6ImlSSGlPMUI4UHBmQjVVN3RkZFJYSEE9PSIsInZhbHVlIjoiUG9BUFJRcHhSUmtTSHZTM0MwdzZvVFh6MkJ0TW9ka0dZR1NRMnBMb3AvMy9BL1NkUG1Ma3E2d1BWeHNqdTFqTUpJd2Qvc0dTWW5LNUkyR2lVb1BPTDd5R21xYUttSUI3ZUxlRWZEKytSQ3pGdUN2b0p4TGJEQ3BPaDhjNlhqRVciLCJtYWMiOiIxYjY3NDQzMzk0ZWRjOTRiZDc3MzU2NjAxZDUwOWQ0MDkxNGJlZTU1YmE4Y2I1YmJhMGU2ZTVjNGQ2OGZjODFkIiwidGFnIjoiIn0%3D; expires=Thu, 24 Oct 2024 19:40:08 GMT; Max-Age=86400; path=/; samesite=lax
set-cookie: laravel_session=eyJpdiI6IitMQ0hSbEhaS1cvNGpvWmQ1ZktSS2c9PSIsInZhbHVlIjoiYmZzdGFUNjhZc1NxaVhNcngrczRtZVFBSWlLbkd2NVUyeEpjb1F2MXF0M0NPbkZxbXQvWmp4VWZQbjh4RTRjTTFJMk0vL0RuckFTclFqeUF2YzB3MnhkS0d1cWpkcloydlE1Q3I0d3h2MGNJL1prQkVYKzdyUU1LRXpOUEFIVnoiLCJtYWMiOiI2ZmMwOTg3MThiY2Q0MzM4NjZiZjE2ZDE1OTkyMDNlYmVlOTNmZTI2OGFjZDljZDFkNjEwZTkyZWEwZmEyM2RmIiwidGFnIjoiIn0%3D; expires=Thu, 24 Oct 2024 19:40:08 GMT; Max-Age=86400; path=/; httponly; samesite=lax
Keep-Alive: timeout=5, max=100
Connection: Keep-Alive
Transfer-Encoding: chunked

{
    "id": 15547,
    "created_at": "2024-07-31T07:54:12.000000Z",
    "updated_at": "2024-09-30T07:52:35.000000Z",
    "birth_date": "2023-12-16",
    "birth_date_edited": 0,
    "is_tribal": 0,
    "tribal_certificate": null,
    "kind_id": 2,
    "suit_id": null,
    "breed_id": 425,
    "registration_ground_id": 1,
    "gender": 3,
    "keep_type_id": 15,
    "keep_purpose_id": 1,
    "keep_place_id": 5,
    "enterprise_id": 239,
    "count": 13,
    "name": "Группа",
    "deleted_at": null,
    "user_id": 72,
    "is_offspring": 0,
    "is_insemination": 0,
    "is_castrated": 0,
    "product_direction_id": 2,
    "number": "1430232443",
    "twin_number": null,
    "is_group": 1,
    "guid": "9ca70a3d-2fa0-4574-9cd3-82a2f86a1fec",
    "animal_parent_id": null,
    "is_super_group": 0,
    "is_mobile": 0,
    "first_marker_date": "2024-01-01 00:00:00",
    "cross_id": null,
    "from_group_id": null,
    "disposal_list_id": null,
    "supervised_object_id": 238,
    "withdraw_at": null,
    "withdraw_user_id": null,
    "age_group": null,
    "age": {
        "in_hours": [
            7867,
            7123
        ],
        "in_days": [
            327,
            296
        ],
        "in_months": [
            10,
            9
        ],
        "in_years": [
            0,
            0
        ],
        "human_1": "10 месяцев - 9 месяцев",
        "human_2": "10 месяцев - 9 месяцев",
        "human_3": "10 месяцев - 9 месяцев"
    },
    "can_birth_date_edit": true,
    "kind": {
        "id": 2,
        "name": "Свиньи",
        "is_active": 1,
        "sort": 4,
        "icon_url": "animal_icons/pig.svg",
        "deleted_at": null
    },
    "suit": null,
    "breed": {
        "id": 425,
        "name": "Неизвестна",
        "kind_id": 2,
        "deleted_at": null
    },
    "registration_ground": {
        "id": 1,
        "name": "Заявление владельца",
        "sort": 1
    },
    "keep_type": {
        "id": 15,
        "name": "Содержание в закрытом помещении с выпасом",
        "deleted_at": null
    },
    "keep_purpose": {
        "id": 1,
        "name": "Для получения подконтрольных госветнадзору товаров, предназначенных в пищу",
        "deleted_at": null,
        "sort": 1
    },
    "keep_place": {
        "id": 5,
        "name": "Навес",
        "deleted_at": null
    },
    "enterprise": {
        "id": 239,
        "created_at": "2023-12-12T11:52:40.000000Z",
        "updated_at": "2024-09-02T20:18:04.000000Z",
        "deleted_at": null,
        "name": "\"Навуходоносор\"",
        "uuid": "9ad4ab34-313c-41a4-90aa-23df439b50e2",
        "longitude": "36.0029098",
        "latitude": "53.4330830",
        "owner_id": 205,
        "enterprise_type_id": 26,
        "user_id": 77,
        "service_area_id": 52,
        "owner": {
            "id": 205,
            "created_at": "2024-01-11T14:09:14.000000Z",
            "updated_at": "2024-09-17T06:56:44.000000Z",
            "inn": "7736280232",
            "kpp": "772301006",
            "inn_kpp": "7736280232/772301006",
            "name": "Буль Галина  Бланковна",
            "phone": null,
            "email": null,
            "last_name": null,
            "first_name": null,
            "patronymic": null,
            "uuid": "9b113591-d760-4b93-b744-502f9ce3d34b",
            "user_id": 72,
            "legal_form_id": 1,
            "snils": "",
            "owner_addresses": [
                {
                    "id": 205,
                    "created_at": "2024-01-11T14:09:15.000000Z",
                    "updated_at": "2024-06-04T08:21:14.000000Z",
                    "full_address": "респ. Башкортостан, Уфимский р-н., с Ольховое",
                    "postal_code": null,
                    "country_code": null,
                    "region_code": "6f2cbfd8-692a-4ee4-9b16-067210bde3fc",
                    "district_code": "c7a81174-8d01-4ae6-83e6-386ae23ee629",
                    "locality_code": "710ce64a-8380-4bb5-9671-ee0db8898b06",
                    "sub_locality_code": null,
                    "pos_council_code": null,
                    "street_code": null,
                    "house": null,
                    "block": null,
                    "flat": null,
                    "owner_id": 205,
                    "address_type_id": 1,
                    "plan_structure_code": null
                }
            ],
            "legal_form": {
                "id": 1,
                "name": "Юридическое лицо"
            },
            "vetis_owner": null
        },
        "enterprise_addresses": [
            {
                "id": 239,
                "created_at": "2023-12-12T11:52:40.000000Z",
                "updated_at": "2023-12-12T11:52:40.000000Z",
                "full_address": "Орловская обл., Болховский р-н., г Болхов, д. 1",
                "postal_code": null,
                "country_code": null,
                "region_code": "5e465691-de23-4c4e-9f46-f35a125b5970",
                "district_code": "b3ccc7a9-8439-4686-a936-65a2b6212362",
                "locality_code": "4393f437-1a48-4083-bed9-ad3382fdad16",
                "sub_locality_code": null,
                "pos_council_code": null,
                "street_code": null,
                "house": "1",
                "block": null,
                "flat": null,
                "enterprise_id": 239,
                "address_type_id": 1,
                "comment": null,
                "plan_structure_code": null
            }
        ],
        "service_area": {
            "id": 52,
            "created_at": "2023-07-04T13:05:51.000000Z",
            "updated_at": "2023-07-04T13:05:51.000000Z",
            "name": "Территория 1",
            "uuid": "9990e4ed-8282-40f5-a3a7-5919cfb28ee7",
            "user_id": 1,
            "deleted_at": null,
            "organization_id": 66,
            "description": null
        }
    },
    "animal_pedigree": null,
    "product_direction": {
        "id": 2,
        "name": "Мясное"
    },
    "animal_identifications": [
        {
            "id": 16280,
            "created_at": "2024-07-31T07:54:12.000000Z",
            "updated_at": "2024-07-31T07:54:12.000000Z",
            "animal_id": 15547,
            "user_id": 72,
            "marker_type_id": 20,
            "identification_reason_id": 1,
            "number": "1430232443",
            "twin_number": null,
            "is_active": 1,
            "complect_number": null,
            "description": "Внутрихозяйственное табло",
            "marker_place_id": 35,
            "other_marker_place": null,
            "marker_date": "2024-01-01 00:00:00",
            "marker_type": {
                "id": 20,
                "name": "Внутрихозяйственное табло",
                "max": null,
                "min": null,
                "regexp": null,
                "priority": 21,
                "sort": 21,
                "is_only_group": 1,
                "deleted_at": null
            },
            "marker_place": {
                "id": 35,
                "name": "Внешняя стенка места содержания",
                "sort": 35,
                "guid": "06897efd-e9d4-4fb6-a1ff-db6505caa23d",
                "deleted_at": null,
                "is_only_group": 1
            }
        }
    ],
    "animal_import": null,
    "animal_birth_date_range": {
        "id": 756,
        "animal_id": 15547,
        "date_from": "2023-12-01",
        "date_to": "2024-01-01"
    },
    "cross": null,
    "animal_count_range": {
        "id": 15530,
        "animal_id": 15547,
        "count_from": 1,
        "count_to": 1,
        "count_male": 10,
        "count_female": 3
    },
    "user": {
        "id": 72,
        "name": "Чехов Петр Васильевич",
        "email": "cheh@p.v",
        "email_verified_at": null,
        "created_at": "2023-07-04T13:38:15.000000Z",
        "updated_at": "2023-10-20T12:54:46.000000Z",
        "organization_id": 66,
        "locale": "ru",
        "first_name": "Петр",
        "last_name": "Чехов",
        "patronymic": "Васильевич",
        "post": "ветеринарный специалист",
        "phone": "+7(546)546-34-53",
        "deleted_at": null,
        "avatar_content": null,
        "guid": "7cbb8ba4-db1d-4c7a-b083-6849725a330d",
        "organization": {
            "id": 66,
            "created_at": "2023-07-04T13:04:26.000000Z",
            "updated_at": "2024-10-08T07:46:46.000000Z",
            "name": "СББЖ Орловского района",
            "uuid": "9990e46c-e648-4eed-a011-a684a5124abb",
            "user_id": 80,
            "post": "директ2",
            "director_first_name": "Шумил",
            "director_second_name": "Василий",
            "director_patronymic": "Петрович",
            "phone": "+7(453)534-53-45",
            "email": "zel@shum.ru",
            "inn": "5678944444",
            "kpp": "567894444",
            "path": null,
            "description": "5 территорий",
            "okpo": null,
            "okved2": null,
            "oktmo": null,
            "okogu": null,
            "okopf": null,
            "okfs": null,
            "organization_id": 65,
            "deleted_at": null,
            "organization_type_id": 1,
            "drug_storage_org_setting_id": 15,
            "service_areas": [
                {
                    "id": 52,
                    "created_at": "2023-07-04T13:05:51.000000Z",
                    "updated_at": "2023-07-04T13:05:51.000000Z",
                    "name": "Территория 1",
                    "uuid": "9990e4ed-8282-40f5-a3a7-5919cfb28ee7",
                    "user_id": 1,
                    "deleted_at": null,
                    "organization_id": 66,
                    "description": null
                },
                {
                    "id": 53,
                    "created_at": "2023-07-04T13:06:00.000000Z",
                    "updated_at": "2023-07-04T13:06:00.000000Z",
                    "name": "Территория 2",
                    "uuid": "9990e4fb-97d1-48a6-8c41-37ada312ccc0",
                    "user_id": 1,
                    "deleted_at": null,
                    "organization_id": 66,
                    "description": null
                },
                {
                    "id": 57,
                    "created_at": "2023-07-07T07:12:15.000000Z",
                    "updated_at": "2023-07-07T07:12:15.000000Z",
                    "name": "Территория 3",
                    "uuid": "99966f6c-b3ae-4568-8611-49157d734353",
                    "user_id": 1,
                    "deleted_at": null,
                    "organization_id": 66,
                    "description": null
                },
                {
                    "id": 58,
                    "created_at": "2023-07-07T07:12:24.000000Z",
                    "updated_at": "2023-07-07T07:12:24.000000Z",
                    "name": "Территория 4",
                    "uuid": "99966f7a-8271-4eeb-9eed-0b8ebe67fb00",
                    "user_id": 1,
                    "deleted_at": null,
                    "organization_id": 66,
                    "description": null
                },
                {
                    "id": 59,
                    "created_at": "2023-07-07T07:12:32.000000Z",
                    "updated_at": "2023-07-07T07:12:32.000000Z",
                    "name": "Территория 5",
                    "uuid": "99966f86-44ce-4169-88ec-95d3957f7b26",
                    "user_id": 1,
                    "deleted_at": null,
                    "organization_id": 66,
                    "description": null
                },
                {
                    "id": 104,
                    "created_at": "2024-09-03T07:38:59.000000Z",
                    "updated_at": "2024-09-03T07:38:59.000000Z",
                    "name": "Территория 6",
                    "uuid": "9ceb6a42-57fb-4d30-938f-349b0dd2dba0",
                    "user_id": 1,
                    "deleted_at": null,
                    "organization_id": 66,
                    "description": null
                },
                {
                    "id": 105,
                    "created_at": "2024-09-04T11:44:44.000000Z",
                    "updated_at": "2024-09-04T11:44:44.000000Z",
                    "name": "Территория 7",
                    "uuid": "9cedc521-40ea-4856-9fca-3150e28538f5",
                    "user_id": 1,
                    "deleted_at": null,
                    "organization_id": 66,
                    "description": "Территория баранов"
                }
            ]
        },
        "vetis_setting": {
            "id": 4,
            "created_at": "2024-03-15T08:17:40.000000Z",
            "updated_at": "2024-08-19T15:43:33.000000Z",
            "login": "deblik-ag-240131REGAGRO",
            "user_id": 72
        }
    },
    "vetis_animal": null,
    "supervised_object": {
        "id": 238,
        "created_at": null,
        "updated_at": "2024-08-08T05:51:47.000000Z",
        "owner_id": 184,
        "enterprise_id": 239,
        "name": "Объект ООО \"НЕРАЛ-ПРОДУКТ\" ",
        "number": "9b6e4063-2420-4baf-96a5-ac964b52ba2b",
        "guid": "9b6e4063-2425-4b70-be14-12eac56b4e27",
        "vetis_guid": "b837b9cf-9ce1-4734-95a9-0e4d36995058",
        "deleted_at": null,
        "integrated_at": null,
        "integrated_count": null,
        "type_id": 4,
        "user_id": 77,
        "deleted_user_id": null,
        "last_sync_at": null,
        "owner": {
            "id": 184,
            "created_at": "2023-10-03T06:55:30.000000Z",
            "updated_at": "2024-08-06T10:34:41.000000Z",
            "inn": "1254365210",
            "kpp": "222255511",
            "inn_kpp": "1254365210/222255511",
            "name": "Тестовый владелец ",
            "phone": null,
            "email": null,
            "last_name": "Тестовый",
            "first_name": "владелец",
            "patronymic": null,
            "uuid": "9a47700a-0391-4507-800d-80c8fb84416e",
            "user_id": 72,
            "legal_form_id": 1,
            "snils": "",
            "owner_addresses": [
                {
                    "id": 184,
                    "created_at": "2023-10-03T06:55:30.000000Z",
                    "updated_at": "2024-08-06T10:31:14.000000Z",
                    "full_address": "респ. Коми, г Воркута, ул Капитальная",
                    "postal_code": "430010",
                    "country_code": null,
                    "region_code": "c20180d9-ad9c-46d1-9eff-d60bc424592a",
                    "district_code": null,
                    "locality_code": "e0bf9ea3-7cbf-4b13-95f1-32c3ee9b3ae5",
                    "sub_locality_code": null,
                    "pos_council_code": null,
                    "street_code": "2d8f0484-1e7f-4a53-aaee-b76de1ce0731",
                    "house": null,
                    "block": null,
                    "flat": null,
                    "owner_id": 184,
                    "address_type_id": 1,
                    "plan_structure_code": null
                }
            ],
            "legal_form": {
                "id": 1,
                "name": "Юридическое лицо"
            },
            "vetis_owner": null
        }
    },
    "withdraw_user": null,
    "withdraw_application": null,
    "super_group": null
}
Request method:	GET
Request URI:	https://v3.dev.regagro.ru/ajax/animals/15547
Proxy:			<none>
Request params:	<none>
Query params:	<none>
Form params:	<none>
Path params:	<none>
Headers:		Cookie=laravel_session=eyJpdiI6Ik1wWEFZcWNmdkFTZzIwSGx6L1VQU0E9PSIsInZhbHVlIjoiY0xpb0Q0UkFJK2VEakU5TkYrNXNCVktBVkdJMnc5K0pSeHY2bmQxRGxZUldjeDhUTkZQUEh0R0VKVFFVN3BEa29yRnF5Rkh4aGJiUUlSNzJwRkJ3cWxNUnN2MDhiQkpFYkdpQzZUTTJ1cGFoWWwwcTFDblprWE9MazlLZXRuMTciLCJtYWMiOiI5Mjg1YzUwMDRkYzQyM2FmZDQyMWI5ZDhiYmM0OGRiMjBhNWZhNzkxMGFlMGQ0MGM0NTNlZGRkOTliY2VhMzBmIiwidGFnIjoiIn0%3D
				X-XSRF-TOKEN=eyJpdiI6IlRvM2YzYjhTTVVUSDJJcy9QMHorZWc9PSIsInZhbHVlIjoiQmE3aWc3OGJONjhOSGF3cHNjWVNpQzA5RUtxa2hEeDNmbStwaVoyZ0E0bzRrN0JkRTI5U0cxVG00aGQ5Ujg3M3BBYzU0YUpFemcvZGpkOUd6UHowWlJwbGFsQ0ErakZieURUSUdkZ3pFeVRGZjRCVVQ1dU96SW53T0VVM0IvSSsiLCJtYWMiOiI1NzQ0NzViODYxYjBjN2MzZjI0YWM2YjBiZDc2MmNkNTRmZGQxNmJkMTI3ZTVmNTY0MjJlY2FjOGM2NjcxY2VkIiwidGFnIjoiIn0%3D
				Accept=*/*
				Content-Type=application/json
Cookies:		<none>
Multiparts:		<none>
Body:			<none>
HTTP/1.1 200 OK
Date: Wed, 23 Oct 2024 19:40:16 GMT
Server: LiteSpeed
cache-control: no-cache, private
content-type: application/json
content-encoding: gzip
vary: Accept-Encoding
alt-svc: h3=":443"; ma=2592000, h3-29=":443"; ma=2592000, h3-Q050=":443"; ma=2592000, h3-Q046=":443"; ma=2592000, h3-Q043=":443"; ma=2592000, quic=":443"; ma=2592000; v="43,46"
set-cookie: XSRF-TOKEN=eyJpdiI6ImNleXF2UGN4VERVYTcxMjRudm9qNFE9PSIsInZhbHVlIjoidHVOUlcrNDFpMVErS2dPT3RPc2RDMUJiS09RdXJoTnZ6ZXlQUmNpbUdYSjJyRThob0JXMTBTS3BhRFAwMG96MXhpOUZ2Yis3V1hFN0o2MWNGNHFYWGxOb2hrSTRyeG5EQ2xMdll4VUh5bXNCY0l2cWl6aU05Q1BMYmV4dGVDMkkiLCJtYWMiOiIxZTMwNTQyYzBhYTE5MWZmMWQ3MWZhODA3NDE2NGFlZTBlMDMzMWY2ZTQwMTU4NjFhOTk4MzAzMzdmNDZhZjQxIiwidGFnIjoiIn0%3D; expires=Thu, 24 Oct 2024 19:40:16 GMT; Max-Age=86400; path=/; samesite=lax
set-cookie: laravel_session=eyJpdiI6Ijc0ZlNacnRNcVowM1JGbEhPZXBHdUE9PSIsInZhbHVlIjoiWEFNSXVSdTZSM0ZCN21iUVI0UFRMOXRlT2U1Zmt6RDhIMSs1eGpTNUtrUVorQVRIZU5YTnhrQU5YUDBjTVJzbjBzbks0Wnh3eE5jZkVoa0ZnRUUwN0lFL1Jhb2JYSi9hQUczL0dpSS95MXMrcGZTRkdzOHVmdWJqbE5YWVc4V2YiLCJtYWMiOiI4MjQ1NzQ3NDQ1MWEzNjIzNmFiMDM4MzdkMGVkZTkwNDQ5YTljZGJlNDNlYTkxMDQ4MTg4YjA1NWFhOWE2ZTk3IiwidGFnIjoiIn0%3D; expires=Thu, 24 Oct 2024 19:40:16 GMT; Max-Age=86400; path=/; httponly; samesite=lax
Keep-Alive: timeout=5, max=100
Connection: Keep-Alive
Transfer-Encoding: chunked

{
    "id": 15547,
    "created_at": "2024-07-31T07:54:12.000000Z",
    "updated_at": "2024-10-23T19:40:12.000000Z",
    "birth_date": "2023-12-16",
    "birth_date_edited": 0,
    "is_tribal": 0,
    "tribal_certificate": null,
    "kind_id": 2,
    "suit_id": null,
    "breed_id": 425,
    "registration_ground_id": 1,
    "gender": 3,
    "keep_type_id": 15,
    "keep_purpose_id": 1,
    "keep_place_id": 5,
    "enterprise_id": 239,
    "count": 12,
    "name": "Группа",
    "deleted_at": null,
    "user_id": 72,
    "is_offspring": 0,
    "is_insemination": 0,
    "is_castrated": 0,
    "product_direction_id": 2,
    "number": "1430232443",
    "twin_number": null,
    "is_group": 1,
    "guid": "9ca70a3d-2fa0-4574-9cd3-82a2f86a1fec",
    "animal_parent_id": null,
    "is_super_group": 0,
    "is_mobile": 0,
    "first_marker_date": "2024-01-01 00:00:00",
    "cross_id": null,
    "from_group_id": null,
    "disposal_list_id": null,
    "supervised_object_id": 238,
    "withdraw_at": null,
    "withdraw_user_id": null,
    "age_group": null,
    "age": {
        "in_hours": [
            7867,
            7123
        ],
        "in_days": [
            327,
            296
        ],
        "in_months": [
            10,
            9
        ],
        "in_years": [
            0,
            0
        ],
        "human_1": "10 месяцев - 9 месяцев",
        "human_2": "10 месяцев - 9 месяцев",
        "human_3": "10 месяцев - 9 месяцев"
    },
    "can_birth_date_edit": true,
    "kind": {
        "id": 2,
        "name": "Свиньи",
        "is_active": 1,
        "sort": 4,
        "icon_url": "animal_icons/pig.svg",
        "deleted_at": null
    },
    "suit": null,
    "breed": {
        "id": 425,
        "name": "Неизвестна",
        "kind_id": 2,
        "deleted_at": null
    },
    "registration_ground": {
        "id": 1,
        "name": "Заявление владельца",
        "sort": 1
    },
    "keep_type": {
        "id": 15,
        "name": "Содержание в закрытом помещении с выпасом",
        "deleted_at": null
    },
    "keep_purpose": {
        "id": 1,
        "name": "Для получения подконтрольных госветнадзору товаров, предназначенных в пищу",
        "deleted_at": null,
        "sort": 1
    },
    "keep_place": {
        "id": 5,
        "name": "Навес",
        "deleted_at": null
    },
    "enterprise": {
        "id": 239,
        "created_at": "2023-12-12T11:52:40.000000Z",
        "updated_at": "2024-09-02T20:18:04.000000Z",
        "deleted_at": null,
        "name": "\"Навуходоносор\"",
        "uuid": "9ad4ab34-313c-41a4-90aa-23df439b50e2",
        "longitude": "36.0029098",
        "latitude": "53.4330830",
        "owner_id": 205,
        "enterprise_type_id": 26,
        "user_id": 77,
        "service_area_id": 52,
        "owner": {
            "id": 205,
            "created_at": "2024-01-11T14:09:14.000000Z",
            "updated_at": "2024-09-17T06:56:44.000000Z",
            "inn": "7736280232",
            "kpp": "772301006",
            "inn_kpp": "7736280232/772301006",
            "name": "Буль Галина  Бланковна",
            "phone": null,
            "email": null,
            "last_name": null,
            "first_name": null,
            "patronymic": null,
            "uuid": "9b113591-d760-4b93-b744-502f9ce3d34b",
            "user_id": 72,
            "legal_form_id": 1,
            "snils": "",
            "owner_addresses": [
                {
                    "id": 205,
                    "created_at": "2024-01-11T14:09:15.000000Z",
                    "updated_at": "2024-06-04T08:21:14.000000Z",
                    "full_address": "респ. Башкортостан, Уфимский р-н., с Ольховое",
                    "postal_code": null,
                    "country_code": null,
                    "region_code": "6f2cbfd8-692a-4ee4-9b16-067210bde3fc",
                    "district_code": "c7a81174-8d01-4ae6-83e6-386ae23ee629",
                    "locality_code": "710ce64a-8380-4bb5-9671-ee0db8898b06",
                    "sub_locality_code": null,
                    "pos_council_code": null,
                    "street_code": null,
                    "house": null,
                    "block": null,
                    "flat": null,
                    "owner_id": 205,
                    "address_type_id": 1,
                    "plan_structure_code": null
                }
            ],
            "legal_form": {
                "id": 1,
                "name": "Юридическое лицо"
            },
            "vetis_owner": null
        },
        "enterprise_addresses": [
            {
                "id": 239,
                "created_at": "2023-12-12T11:52:40.000000Z",
                "updated_at": "2023-12-12T11:52:40.000000Z",
                "full_address": "Орловская обл., Болховский р-н., г Болхов, д. 1",
                "postal_code": null,
                "country_code": null,
                "region_code": "5e465691-de23-4c4e-9f46-f35a125b5970",
                "district_code": "b3ccc7a9-8439-4686-a936-65a2b6212362",
                "locality_code": "4393f437-1a48-4083-bed9-ad3382fdad16",
                "sub_locality_code": null,
                "pos_council_code": null,
                "street_code": null,
                "house": "1",
                "block": null,
                "flat": null,
                "enterprise_id": 239,
                "address_type_id": 1,
                "comment": null,
                "plan_structure_code": null
            }
        ],
        "service_area": {
            "id": 52,
            "created_at": "2023-07-04T13:05:51.000000Z",
            "updated_at": "2023-07-04T13:05:51.000000Z",
            "name": "Территория 1",
            "uuid": "9990e4ed-8282-40f5-a3a7-5919cfb28ee7",
            "user_id": 1,
            "deleted_at": null,
            "organization_id": 66,
            "description": null
        }
    },
    "animal_pedigree": null,
    "product_direction": {
        "id": 2,
        "name": "Мясное"
    },
    "animal_identifications": [
        {
            "id": 16280,
            "created_at": "2024-07-31T07:54:12.000000Z",
            "updated_at": "2024-07-31T07:54:12.000000Z",
            "animal_id": 15547,
            "user_id": 72,
            "marker_type_id": 20,
            "identification_reason_id": 1,
            "number": "1430232443",
            "twin_number": null,
            "is_active": 1,
            "complect_number": null,
            "description": "Внутрихозяйственное табло",
            "marker_place_id": 35,
            "other_marker_place": null,
            "marker_date": "2024-01-01 00:00:00",
            "marker_type": {
                "id": 20,
                "name": "Внутрихозяйственное табло",
                "max": null,
                "min": null,
                "regexp": null,
                "priority": 21,
                "sort": 21,
                "is_only_group": 1,
                "deleted_at": null
            },
            "marker_place": {
                "id": 35,
                "name": "Внешняя стенка места содержания",
                "sort": 35,
                "guid": "06897efd-e9d4-4fb6-a1ff-db6505caa23d",
                "deleted_at": null,
                "is_only_group": 1
            }
        }
    ],
    "animal_import": null,
    "animal_birth_date_range": {
        "id": 756,
        "animal_id": 15547,
        "date_from": "2023-12-01",
        "date_to": "2024-01-01"
    },
    "cross": null,
    "animal_count_range": {
        "id": 15530,
        "animal_id": 15547,
        "count_from": 1,
        "count_to": 1,
        "count_male": 9,
        "count_female": 3
    },
    "user": {
        "id": 72,
        "name": "Чехов Петр Васильевич",
        "email": "cheh@p.v",
        "email_verified_at": null,
        "created_at": "2023-07-04T13:38:15.000000Z",
        "updated_at": "2023-10-20T12:54:46.000000Z",
        "organization_id": 66,
        "locale": "ru",
        "first_name": "Петр",
        "last_name": "Чехов",
        "patronymic": "Васильевич",
        "post": "ветеринарный специалист",
        "phone": "+7(546)546-34-53",
        "deleted_at": null,
        "avatar_content": null,
        "guid": "7cbb8ba4-db1d-4c7a-b083-6849725a330d",
        "organization": {
            "id": 66,
            "created_at": "2023-07-04T13:04:26.000000Z",
            "updated_at": "2024-10-08T07:46:46.000000Z",
            "name": "СББЖ Орловского района",
            "uuid": "9990e46c-e648-4eed-a011-a684a5124abb",
            "user_id": 80,
            "post": "директ2",
            "director_first_name": "Шумил",
            "director_second_name": "Василий",
            "director_patronymic": "Петрович",
            "phone": "+7(453)534-53-45",
            "email": "zel@shum.ru",
            "inn": "5678944444",
            "kpp": "567894444",
            "path": null,
            "description": "5 территорий",
            "okpo": null,
            "okved2": null,
            "oktmo": null,
            "okogu": null,
            "okopf": null,
            "okfs": null,
            "organization_id": 65,
            "deleted_at": null,
            "organization_type_id": 1,
            "drug_storage_org_setting_id": 15,
            "service_areas": [
                {
                    "id": 52,
                    "created_at": "2023-07-04T13:05:51.000000Z",
                    "updated_at": "2023-07-04T13:05:51.000000Z",
                    "name": "Территория 1",
                    "uuid": "9990e4ed-8282-40f5-a3a7-5919cfb28ee7",
                    "user_id": 1,
                    "deleted_at": null,
                    "organization_id": 66,
                    "description": null
                },
                {
                    "id": 53,
                    "created_at": "2023-07-04T13:06:00.000000Z",
                    "updated_at": "2023-07-04T13:06:00.000000Z",
                    "name": "Территория 2",
                    "uuid": "9990e4fb-97d1-48a6-8c41-37ada312ccc0",
                    "user_id": 1,
                    "deleted_at": null,
                    "organization_id": 66,
                    "description": null
                },
                {
                    "id": 57,
                    "created_at": "2023-07-07T07:12:15.000000Z",
                    "updated_at": "2023-07-07T07:12:15.000000Z",
                    "name": "Территория 3",
                    "uuid": "99966f6c-b3ae-4568-8611-49157d734353",
                    "user_id": 1,
                    "deleted_at": null,
                    "organization_id": 66,
                    "description": null
                },
                {
                    "id": 58,
                    "created_at": "2023-07-07T07:12:24.000000Z",
                    "updated_at": "2023-07-07T07:12:24.000000Z",
                    "name": "Территория 4",
                    "uuid": "99966f7a-8271-4eeb-9eed-0b8ebe67fb00",
                    "user_id": 1,
                    "deleted_at": null,
                    "organization_id": 66,
                    "description": null
                },
                {
                    "id": 59,
                    "created_at": "2023-07-07T07:12:32.000000Z",
                    "updated_at": "2023-07-07T07:12:32.000000Z",
                    "name": "Территория 5",
                    "uuid": "99966f86-44ce-4169-88ec-95d3957f7b26",
                    "user_id": 1,
                    "deleted_at": null,
                    "organization_id": 66,
                    "description": null
                },
                {
                    "id": 104,
                    "created_at": "2024-09-03T07:38:59.000000Z",
                    "updated_at": "2024-09-03T07:38:59.000000Z",
                    "name": "Территория 6",
                    "uuid": "9ceb6a42-57fb-4d30-938f-349b0dd2dba0",
                    "user_id": 1,
                    "deleted_at": null,
                    "organization_id": 66,
                    "description": null
                },
                {
                    "id": 105,
                    "created_at": "2024-09-04T11:44:44.000000Z",
                    "updated_at": "2024-09-04T11:44:44.000000Z",
                    "name": "Территория 7",
                    "uuid": "9cedc521-40ea-4856-9fca-3150e28538f5",
                    "user_id": 1,
                    "deleted_at": null,
                    "organization_id": 66,
                    "description": "Территория баранов"
                }
            ]
        },
        "vetis_setting": {
            "id": 4,
            "created_at": "2024-03-15T08:17:40.000000Z",
            "updated_at": "2024-08-19T15:43:33.000000Z",
            "login": "deblik-ag-240131REGAGRO",
            "user_id": 72
        }
    },
    "vetis_animal": null,
    "supervised_object": {
        "id": 238,
        "created_at": null,
        "updated_at": "2024-08-08T05:51:47.000000Z",
        "owner_id": 184,
        "enterprise_id": 239,
        "name": "Объект ООО \"НЕРАЛ-ПРОДУКТ\" ",
        "number": "9b6e4063-2420-4baf-96a5-ac964b52ba2b",
        "guid": "9b6e4063-2425-4b70-be14-12eac56b4e27",
        "vetis_guid": "b837b9cf-9ce1-4734-95a9-0e4d36995058",
        "deleted_at": null,
        "integrated_at": null,
        "integrated_count": null,
        "type_id": 4,
        "user_id": 77,
        "deleted_user_id": null,
        "last_sync_at": null,
        "owner": {
            "id": 184,
            "created_at": "2023-10-03T06:55:30.000000Z",
            "updated_at": "2024-08-06T10:34:41.000000Z",
            "inn": "1254365210",
            "kpp": "222255511",
            "inn_kpp": "1254365210/222255511",
            "name": "Тестовый владелец ",
            "phone": null,
            "email": null,
            "last_name": "Тестовый",
            "first_name": "владелец",
            "patronymic": null,
            "uuid": "9a47700a-0391-4507-800d-80c8fb84416e",
            "user_id": 72,
            "legal_form_id": 1,
            "snils": "",
            "owner_addresses": [
                {
                    "id": 184,
                    "created_at": "2023-10-03T06:55:30.000000Z",
                    "updated_at": "2024-08-06T10:31:14.000000Z",
                    "full_address": "респ. Коми, г Воркута, ул Капитальная",
                    "postal_code": "430010",
                    "country_code": null,
                    "region_code": "c20180d9-ad9c-46d1-9eff-d60bc424592a",
                    "district_code": null,
                    "locality_code": "e0bf9ea3-7cbf-4b13-95f1-32c3ee9b3ae5",
                    "sub_locality_code": null,
                    "pos_council_code": null,
                    "street_code": "2d8f0484-1e7f-4a53-aaee-b76de1ce0731",
                    "house": null,
                    "block": null,
                    "flat": null,
                    "owner_id": 184,
                    "address_type_id": 1,
                    "plan_structure_code": null
                }
            ],
            "legal_form": {
                "id": 1,
                "name": "Юридическое лицо"
            },
            "vetis_owner": null
        }
    },
    "withdraw_user": null,
    "withdraw_application": null,
    "super_group": null
}
Request method:	GET
Request URI:	https://v3.dev.regagro.ru/ajax/animals/14674
Proxy:			<none>
Request params:	<none>
Query params:	<none>
Form params:	<none>
Path params:	<none>
Headers:		Cookie=laravel_session=eyJpdiI6Ik1wWEFZcWNmdkFTZzIwSGx6L1VQU0E9PSIsInZhbHVlIjoiY0xpb0Q0UkFJK2VEakU5TkYrNXNCVktBVkdJMnc5K0pSeHY2bmQxRGxZUldjeDhUTkZQUEh0R0VKVFFVN3BEa29yRnF5Rkh4aGJiUUlSNzJwRkJ3cWxNUnN2MDhiQkpFYkdpQzZUTTJ1cGFoWWwwcTFDblprWE9MazlLZXRuMTciLCJtYWMiOiI5Mjg1YzUwMDRkYzQyM2FmZDQyMWI5ZDhiYmM0OGRiMjBhNWZhNzkxMGFlMGQ0MGM0NTNlZGRkOTliY2VhMzBmIiwidGFnIjoiIn0%3D
				X-XSRF-TOKEN=eyJpdiI6IlRvM2YzYjhTTVVUSDJJcy9QMHorZWc9PSIsInZhbHVlIjoiQmE3aWc3OGJONjhOSGF3cHNjWVNpQzA5RUtxa2hEeDNmbStwaVoyZ0E0bzRrN0JkRTI5U0cxVG00aGQ5Ujg3M3BBYzU0YUpFemcvZGpkOUd6UHowWlJwbGFsQ0ErakZieURUSUdkZ3pFeVRGZjRCVVQ1dU96SW53T0VVM0IvSSsiLCJtYWMiOiI1NzQ0NzViODYxYjBjN2MzZjI0YWM2YjBiZDc2MmNkNTRmZGQxNmJkMTI3ZTVmNTY0MjJlY2FjOGM2NjcxY2VkIiwidGFnIjoiIn0%3D
				Accept=*/*
				Content-Type=application/json
Cookies:		<none>
Multiparts:		<none>
Body:			<none>
HTTP/1.1 200 OK
Date: Wed, 23 Oct 2024 19:40:25 GMT
Server: LiteSpeed
cache-control: no-cache, private
content-type: application/json
content-encoding: gzip
vary: Accept-Encoding
alt-svc: h3=":443"; ma=2592000, h3-29=":443"; ma=2592000, h3-Q050=":443"; ma=2592000, h3-Q046=":443"; ma=2592000, h3-Q043=":443"; ma=2592000, quic=":443"; ma=2592000; v="43,46"
set-cookie: XSRF-TOKEN=eyJpdiI6IlZEWlE3ZjRXYjBTZ1Q4eTdOdXBvb2c9PSIsInZhbHVlIjoia04wem9pbjlDbDFCdm1tanhYQml4SUNmOEhEMy9heHNDT1R6MmphRnZtQ3M1cUNKc2RaR1pJT1pxMGhOSFV0N0NNNHdKRzRGWVpVUTAyUHc4cmVVTmZmaElNbWJmS1p2RlJOcXRNa0NkUGdvY2taWE9zMVdZSnJaZ241U2Z2MnUiLCJtYWMiOiJkY2FlZjZmZDBlYTcxMzdjMjA1ZTgxMjRhOTBiNmQyOThjZTY2ZmNkODBkMmZhODQ4YTVlMTQ4NzA4MjkxYzlhIiwidGFnIjoiIn0%3D; expires=Thu, 24 Oct 2024 19:40:25 GMT; Max-Age=86400; path=/; samesite=lax
set-cookie: laravel_session=eyJpdiI6IkswckpLSjZ2dE5iNnVDVktEK1ExZFE9PSIsInZhbHVlIjoiZ0lHS0FZV1hwejN3UHV5SUNJY0pTUWU0WlBndDQ3T2JrNVVSMy9OWi92UkRzL2U4ZFhDWDlDUFhzdi96bWRNaTFZc0krN1FjZ09WWFRKYUFad3pHWVJoR2M4NXc0TE5JM1dka2V0YmJwOXBjMnlLd1NBS2FqL2REc1pXRzBGUXMiLCJtYWMiOiJlYmQzMmJiNTMzMmQ2NzI3ODIzZmJlOWIzY2NiMjYyYTZjZWZjNzBmNjcxMWYxY2FhN2U0YzI2ZGJmYjQxNTQxIiwidGFnIjoiIn0%3D; expires=Thu, 24 Oct 2024 19:40:25 GMT; Max-Age=86400; path=/; httponly; samesite=lax
Keep-Alive: timeout=5, max=100
Connection: Keep-Alive
Transfer-Encoding: chunked

{
    "id": 14674,
    "created_at": "2024-04-02T08:46:05.000000Z",
    "updated_at": "2024-09-11T07:42:55.000000Z",
    "birth_date": "2023-09-02",
    "birth_date_edited": 0,
    "is_tribal": 0,
    "tribal_certificate": null,
    "kind_id": 2,
    "suit_id": null,
    "breed_id": 425,
    "registration_ground_id": 1,
    "gender": 3,
    "keep_type_id": 15,
    "keep_purpose_id": 1,
    "keep_place_id": 6,
    "enterprise_id": 239,
    "count": 12,
    "name": "Группа",
    "deleted_at": null,
    "user_id": 72,
    "is_offspring": 0,
    "is_insemination": 0,
    "is_castrated": 0,
    "product_direction_id": 11,
    "number": "279244414904563",
    "twin_number": null,
    "is_group": 1,
    "guid": "9bb5b6b2-38e3-4cba-a105-ec6e4f142550",
    "animal_parent_id": null,
    "is_super_group": 0,
    "is_mobile": 0,
    "first_marker_date": "2024-02-29 00:00:00",
    "cross_id": null,
    "from_group_id": null,
    "disposal_list_id": null,
    "supervised_object_id": 238,
    "withdraw_at": null,
    "withdraw_user_id": null,
    "age_group": null,
    "age": {
        "in_hours": [
            10027,
            10027
        ],
        "in_days": [
            417,
            417
        ],
        "in_months": [
            13,
            13
        ],
        "in_years": [
            1,
            1
        ],
        "human_1": "1 год - 1 год",
        "human_2": "1 год - 1 год",
        "human_3": "1 год - 1 год"
    },
    "can_birth_date_edit": true,
    "kind": {
        "id": 2,
        "name": "Свиньи",
        "is_active": 1,
        "sort": 4,
        "icon_url": "animal_icons/pig.svg",
        "deleted_at": null
    },
    "suit": null,
    "breed": {
        "id": 425,
        "name": "Неизвестна",
        "kind_id": 2,
        "deleted_at": null
    },
    "registration_ground": {
        "id": 1,
        "name": "Заявление владельца",
        "sort": 1
    },
    "keep_type": {
        "id": 15,
        "name": "Содержание в закрытом помещении с выпасом",
        "deleted_at": null
    },
    "keep_purpose": {
        "id": 1,
        "name": "Для получения подконтрольных госветнадзору товаров, предназначенных в пищу",
        "deleted_at": null,
        "sort": 1
    },
    "keep_place": {
        "id": 6,
        "name": "Загон",
        "deleted_at": null
    },
    "enterprise": {
        "id": 239,
        "created_at": "2023-12-12T11:52:40.000000Z",
        "updated_at": "2024-09-02T20:18:04.000000Z",
        "deleted_at": null,
        "name": "\"Навуходоносор\"",
        "uuid": "9ad4ab34-313c-41a4-90aa-23df439b50e2",
        "longitude": "36.0029098",
        "latitude": "53.4330830",
        "owner_id": 205,
        "enterprise_type_id": 26,
        "user_id": 77,
        "service_area_id": 52,
        "owner": {
            "id": 205,
            "created_at": "2024-01-11T14:09:14.000000Z",
            "updated_at": "2024-09-17T06:56:44.000000Z",
            "inn": "7736280232",
            "kpp": "772301006",
            "inn_kpp": "7736280232/772301006",
            "name": "Буль Галина  Бланковна",
            "phone": null,
            "email": null,
            "last_name": null,
            "first_name": null,
            "patronymic": null,
            "uuid": "9b113591-d760-4b93-b744-502f9ce3d34b",
            "user_id": 72,
            "legal_form_id": 1,
            "snils": "",
            "owner_addresses": [
                {
                    "id": 205,
                    "created_at": "2024-01-11T14:09:15.000000Z",
                    "updated_at": "2024-06-04T08:21:14.000000Z",
                    "full_address": "респ. Башкортостан, Уфимский р-н., с Ольховое",
                    "postal_code": null,
                    "country_code": null,
                    "region_code": "6f2cbfd8-692a-4ee4-9b16-067210bde3fc",
                    "district_code": "c7a81174-8d01-4ae6-83e6-386ae23ee629",
                    "locality_code": "710ce64a-8380-4bb5-9671-ee0db8898b06",
                    "sub_locality_code": null,
                    "pos_council_code": null,
                    "street_code": null,
                    "house": null,
                    "block": null,
                    "flat": null,
                    "owner_id": 205,
                    "address_type_id": 1,
                    "plan_structure_code": null
                }
            ],
            "legal_form": {
                "id": 1,
                "name": "Юридическое лицо"
            },
            "vetis_owner": null
        },
        "enterprise_addresses": [
            {
                "id": 239,
                "created_at": "2023-12-12T11:52:40.000000Z",
                "updated_at": "2023-12-12T11:52:40.000000Z",
                "full_address": "Орловская обл., Болховский р-н., г Болхов, д. 1",
                "postal_code": null,
                "country_code": null,
                "region_code": "5e465691-de23-4c4e-9f46-f35a125b5970",
[...]
        "number": "9b6e4063-2420-4baf-96a5-ac964b52ba2b",
        "guid": "9b6e4063-2425-4b70-be14-12eac56b4e27",
        "vetis_guid": "b837b9cf-9ce1-4734-95a9-0e4d36995058",
        "deleted_at": null,
        "integrated_at": null,
        "integrated_count": null,
        "type_id": 4,
        "user_id": 77,
        "deleted_user_id": null,
        "last_sync_at": null,
        "owner": {
            "id": 184,
            "created_at": "2023-10-03T06:55:30.000000Z",
            "updated_at": "2024-08-06T10:34:41.000000Z",
            "inn": "1254365210",
            "kpp": "222255511",
            "inn_kpp": "1254365210/222255511",
            "name": "Тестовый владелец ",
            "phone": null,
            "email": null,
            "last_name": "Тестовый",
            "first_name": "владелец",
            "patronymic": null,
            "uuid": "9a47700a-0391-4507-800d-80c8fb84416e",
            "user_id": 72,
            "legal_form_id": 1,
            "snils": "",
            "owner_addresses": [
                {
                    "id": 184,
                    "created_at": "2023-10-03T06:55:30.000000Z",
                    "updated_at": "2024-08-06T10:31:14.000000Z",
                    "full_address": "респ. Коми, г Воркута, ул Капитальная",
                    "postal_code": "430010",
                    "country_code": null,
                    "region_code": "c20180d9-ad9c-46d1-9eff-d60bc424592a",
                    "district_code": null,
                    "locality_code": "e0bf9ea3-7cbf-4b13-95f1-32c3ee9b3ae5",
                    "sub_locality_code": null,
                    "pos_council_code": null,
                    "street_code": "2d8f0484-1e7f-4a53-aaee-b76de1ce0731",
                    "house": null,
                    "block": null,
                    "flat": null,
                    "owner_id": 184,
                    "address_type_id": 1,
                    "plan_structure_code": null
                }
            ],
            "legal_form": {
                "id": 1,
                "name": "Юридическое лицо"
            },
            "vetis_owner": null
        }
    },
    "withdraw_user": null,
    "withdraw_application": null,
    "super_group": null
}
Request method:	GET
Request URI:	https://v3.dev.regagro.ru/ajax/animals/14080
Proxy:			<none>
Request params:	<none>
Query params:	<none>
Form params:	<none>
Path params:	<none>
Headers:		Cookie=laravel_session=eyJpdiI6Ik1wWEFZcWNmdkFTZzIwSGx6L1VQU0E9PSIsInZhbHVlIjoiY0xpb0Q0UkFJK2VEakU5TkYrNXNCVktBVkdJMnc5K0pSeHY2bmQxRGxZUldjeDhUTkZQUEh0R0VKVFFVN3BEa29yRnF5Rkh4aGJiUUlSNzJwRkJ3cWxNUnN2MDhiQkpFYkdpQzZUTTJ1cGFoWWwwcTFDblprWE9MazlLZXRuMTciLCJtYWMiOiI5Mjg1YzUwMDRkYzQyM2FmZDQyMWI5ZDhiYmM0OGRiMjBhNWZhNzkxMGFlMGQ0MGM0NTNlZGRkOTliY2VhMzBmIiwidGFnIjoiIn0%3D
				X-XSRF-TOKEN=eyJpdiI6IlRvM2YzYjhTTVVUSDJJcy9QMHorZWc9PSIsInZhbHVlIjoiQmE3aWc3OGJONjhOSGF3cHNjWVNpQzA5RUtxa2hEeDNmbStwaVoyZ0E0bzRrN0JkRTI5U0cxVG00aGQ5Ujg3M3BBYzU0YUpFemcvZGpkOUd6UHowWlJwbGFsQ0ErakZieURUSUdkZ3pFeVRGZjRCVVQ1dU96SW53T0VVM0IvSSsiLCJtYWMiOiI1NzQ0NzViODYxYjBjN2MzZjI0YWM2YjBiZDc2MmNkNTRmZGQxNmJkMTI3ZTVmNTY0MjJlY2FjOGM2NjcxY2VkIiwidGFnIjoiIn0%3D
				Accept=*/*
				Content-Type=application/json
Cookies:		<none>
Multiparts:		<none>
Body:			<none>
HTTP/1.1 200 OK
Date: Wed, 23 Oct 2024 19:41:08 GMT
Server: LiteSpeed
cache-control: no-cache, private
content-type: application/json
content-encoding: gzip
vary: Accept-Encoding
alt-svc: h3=":443"; ma=2592000, h3-29=":443"; ma=2592000, h3-Q050=":443"; ma=2592000, h3-Q046=":443"; ma=2592000, h3-Q043=":443"; ma=2592000, quic=":443"; ma=2592000; v="43,46"
set-cookie: XSRF-TOKEN=eyJpdiI6ImFaODd2V1pJMi9tczBsQ1JXWXZTOXc9PSIsInZhbHVlIjoiVi9IUERaclhLTWdrRTg1Sm1jdUhIWThYZHZvWWw2KzVaU3BWTTVwdXBpQjNQS1BWUzZvS1pUSVNiTklZdmoyR2JZUE5QY0EzMkhaVVMxZ3BoQU1PVHlCY0VWejZmU2ViUHl3WTkzS2dDaXJQbG4vbVJFb0hFejY4djBhSm5IUXciLCJtYWMiOiJjMTE5MmFiYWY3NWVhODI3MjU5Yzc1NjNmY2FkYjJkNjdiYjQzOTA5NmEzYzZkNDc5OTYxMGZhMTQ1MmIyM2RmIiwidGFnIjoiIn0%3D; expires=Thu, 24 Oct 2024 19:41:09 GMT; Max-Age=86400; path=/; samesite=lax
set-cookie: laravel_session=eyJpdiI6Im1TTTlkZlQ0N0VrM0xEaDVUK2F1WXc9PSIsInZhbHVlIjoiVmdmb2RIYURqS0dKc0hnaEVyN2VTN3kwdXQvdmRtR1pWTk8ya1NkS2lGaDZSNXIxY3RqUkdkS0tManNrWlpyNXZzTFIwZU5WVStOVXJWbElOTVVlZE9PQmNWaXBhekk5RXY2Z290cXZIRXRYK01XSUxOdzUrZEpqRTYzd3hOM0YiLCJtYWMiOiIxZDRjOTA3MWQ0MWM0ZjY0MzJkYTk4MmZiZjU1MTk0NDQzYTFjNGMwZWJlYjdjMDM2MDRjNzMxZDI2ZjI5ODNmIiwidGFnIjoiIn0%3D; expires=Thu, 24 Oct 2024 19:41:09 GMT; Max-Age=86400; path=/; httponly; samesite=lax
Keep-Alive: timeout=5, max=100
Connection: Keep-Alive
Transfer-Encoding: chunked

{
    "id": 14080,
    "created_at": "2024-03-17T19:33:26.000000Z",
    "updated_at": "2024-10-23T19:41:04.000000Z",
    "birth_date": "2023-12-02",
    "birth_date_edited": 0,
    "is_tribal": 0,
    "tribal_certificate": null,
    "kind_id": 2,
    "suit_id": null,
    "breed_id": 425,
    "registration_ground_id": 4,
    "gender": 3,
    "keep_type_id": 8,
    "keep_purpose_id": 1,
    "keep_place_id": 6,
    "enterprise_id": 239,
    "count": 5,
    "name": "Группа",
    "deleted_at": null,
    "user_id": 72,
    "is_offspring": 0,
    "is_insemination": 0,
    "is_castrated": 0,
    "product_direction_id": 12,
    "number": "380290830660200",
    "twin_number": null,
    "is_group": 1,
    "guid": "9b966e76-cf9b-43da-be57-781aad40ca77",
    "animal_parent_id": null,
    "is_super_group": 0,
    "is_mobile": 0,
    "first_marker_date": "2024-02-27 00:00:00",
    "cross_id": null,
    "from_group_id": null,
    "disposal_list_id": null,
    "supervised_object_id": 238,
    "withdraw_at": null,
    "withdraw_user_id": null,
    "age_group": null,
    "age": {
        "in_hours": [
            8203,
            7483
        ],
        "in_days": [
            341,
            311
        ],
        "in_months": [
            11,
            10
        ],
        "in_years": [
            0,
            0
        ],
        "human_1": "11 месяцев - 10 месяцев",
        "human_2": "11 месяцев - 10 месяцев",
        "human_3": "11 месяцев - 10 месяцев"
    },
    "can_birth_date_edit": true,
    "kind": {
        "id": 2,
        "name": "Свиньи",
        "is_active": 1,
        "sort": 4,
        "icon_url": "animal_icons/pig.svg",
        "deleted_at": null
    },
    "suit": null,
    "breed": {
        "id": 425,
        "name": "Неизвестна",
        "kind_id": 2,
        "deleted_at": null
    },
    "registration_ground": {
        "id": 4,
        "name": "Иное",
        "sort": 4
    },
    "keep_type": {
        "id": 8,
        "name": "Клеточное содержание в закрытом помещении",
        "deleted_at": null
    },
    "keep_purpose": {
        "id": 1,
        "name": "Для получения подконтрольных госветнадзору товаров, предназначенных в пищу",
        "deleted_at": null,
        "sort": 1
    },
    "keep_place": {
        "id": 6,
        "name": "Загон",
        "deleted_at": null
    },
    "enterprise": {
        "id": 239,
        "created_at": "2023-12-12T11:52:40.000000Z",
        "updated_at": "2024-09-02T20:18:04.000000Z",
        "deleted_at": null,
        "name": "\"Навуходоносор\"",
        "uuid": "9ad4ab34-313c-41a4-90aa-23df439b50e2",
        "longitude": "36.0029098",
        "latitude": "53.4330830",
        "owner_id": 205,
        "enterprise_type_id": 26,
        "user_id": 77,
        "service_area_id": 52,
        "owner": {
            "id": 205,
            "created_at": "2024-01-11T14:09:14.000000Z",
            "updated_at": "2024-09-17T06:56:44.000000Z",
            "inn": "7736280232",
            "kpp": "772301006",
            "inn_kpp": "7736280232/772301006",
            "name": "Буль Галина  Бланковна",
            "phone": null,
            "email": null,
            "last_name": null,
            "first_name": null,
            "patronymic": null,
            "uuid": "9b113591-d760-4b93-b744-502f9ce3d34b",
            "user_id": 72,
            "legal_form_id": 1,
            "snils": "",
            "owner_addresses": [
                {
                    "id": 205,
                    "created_at": "2024-01-11T14:09:15.000000Z",
                    "updated_at": "2024-06-04T08:21:14.000000Z",
                    "full_address": "респ. Башкортостан, Уфимский р-н., с Ольховое",
                    "postal_code": null,
                    "country_code": null,
                    "region_code": "6f2cbfd8-692a-4ee4-9b16-067210bde3fc",
                    "district_code": "c7a81174-8d01-4ae6-83e6-386ae23ee629",
                    "locality_code": "710ce64a-8380-4bb5-9671-ee0db8898b06",
                    "sub_locality_code": null,
                    "pos_council_code": null,
                    "street_code": null,
                    "house": null,
                    "block": null,
                    "flat": null,
                    "owner_id": 205,
                    "address_type_id": 1,
                    "plan_structure_code": null
                }
            ],
            "legal_form": {
                "id": 1,
                "name": "Юридическое лицо"
            },
            "vetis_owner": null
        },
        "enterprise_addresses": [
            {
                "id": 239,
                "created_at": "2023-12-12T11:52:40.000000Z",
                "updated_at": "2023-12-12T11:52:40.000000Z",
                "full_address": "Орловская обл., Болховский р-н., г Болхов, д. 1",
                "postal_code": null,
                "country_code": null,
                "region_code": "5e465691-de23-4c4e-9f46-f35a125b5970",
                "district_code": "b3ccc7a9-8439-4686-a936-65a2b6212362",
                "locality_code": "4393f437-1a48-4083-bed9-ad3382fdad16",
                "sub_locality_code": null,
                "pos_council_code": null,
                "street_code": null,
                "house": "1",
                "block": null,
                "flat": null,
                "enterprise_id": 239,
                "address_type_id": 1,
                "comment": null,
                "plan_structure_code": null
            }
        ],
        "service_area": {
            "id": 52,
            "created_at": "2023-07-04T13:05:51.000000Z",
            "updated_at": "2023-07-04T13:05:51.000000Z",
            "name": "Территория 1",
            "uuid": "9990e4ed-8282-40f5-a3a7-5919cfb28ee7",
            "user_id": 1,
            "deleted_at": null,
            "organization_id": 66,
            "description": null
        }
    },
    "animal_pedigree": null,
    "product_direction": {
        "id": 12,
        "name": "Другое"
    },
    "animal_identifications": [
        {
            "id": 14707,
            "created_at": "2024-03-17T19:33:26.000000Z",
            "updated_at": "2024-03-17T19:33:26.000000Z",
            "animal_id": 14080,
            "user_id": 72,
            "marker_type_id": 2,
            "identification_reason_id": 1,
            "number": "380290830660200",
            "twin_number": null,
            "is_active": 1,
            "complect_number": null,
            "description": "Чип",
            "marker_place_id": 20,
            "other_marker_place": null,
            "marker_date": "2024-03-17 00:00:00",
            "marker_type": {
                "id": 2,
                "name": "Чип",
                "max": 15,
                "min": 15,
                "regexp": "/^[0-9]+$/",
                "priority": 2,
                "sort": 2,
                "is_only_group": 0,
                "deleted_at": null
            },
            "marker_place": {
                "id": 20,
                "name": "Основание левого уха",
                "sort": 20,
                "guid": "7ff5141f-51d8-4223-a573-aac52e4f1765",
                "deleted_at": null,
                "is_only_group": 0
            }
        }
    ],
    "animal_import": null,
    "animal_birth_date_range": {
        "id": 402,
        "animal_id": 14080,
        "date_from": "2023-11-17",
        "date_to": "2023-12-17"
    },
    "cross": null,
    "animal_count_range": {
        "id": 14063,
        "animal_id": 14080,
        "count_from": 1,
        "count_to": 1,
        "count_male": 5,
        "count_female": 0
    },
    "user": {
        "id": 72,
        "name": "Чехов Петр Васильевич",
        "email": "cheh@p.v",
        "email_verified_at": null,
        "created_at": "2023-07-04T13:38:15.000000Z",
        "updated_at": "2023-10-20T12:54:46.000000Z",
        "organization_id": 66,
        "locale": "ru",
        "first_name": "Петр",
        "last_name": "Чехов",
        "patronymic": "Васильевич",
        "post": "ветеринарный специалист",
        "phone": "+7(546)546-34-53",
        "deleted_at": null,
        "avatar_content": null,
        "guid": "7cbb8ba4-db1d-4c7a-b083-6849725a330d",
        "organization": {
            "id": 66,
            "created_at": "2023-07-04T13:04:26.000000Z",
            "updated_at": "2024-10-08T07:46:46.000000Z",
            "name": "СББЖ Орловского района",
            "uuid": "9990e46c-e648-4eed-a011-a684a5124abb",
            "user_id": 80,
            "post": "директ2",
            "director_first_name": "Шумил",
            "director_second_name": "Василий",
            "director_patronymic": "Петрович",
            "phone": "+7(453)534-53-45",
            "email": "zel@shum.ru",
            "inn": "5678944444",
            "kpp": "567894444",
            "path": null,
            "description": "5 территорий",
            "okpo": null,
            "okved2": null,
            "oktmo": null,
            "okogu": null,
            "okopf": null,
            "okfs": null,
            "organization_id": 65,
            "deleted_at": null,
            "organization_type_id": 1,
            "drug_storage_org_setting_id": 15,
            "service_areas": [
                {
                    "id": 52,
                    "created_at": "2023-07-04T13:05:51.000000Z",
                    "updated_at": "2023-07-04T13:05:51.000000Z",
                    "name": "Территория 1",
                    "uuid": "9990e4ed-8282-40f5-a3a7-5919cfb28ee7",
                    "user_id": 1,
                    "deleted_at": null,
                    "organization_id": 66,
                    "description": null
                },
                {
                    "id": 53,
                    "created_at": "2023-07-04T13:06:00.000000Z",
                    "updated_at": "2023-07-04T13:06:00.000000Z",
                    "name": "Территория 2",
                    "uuid": "9990e4fb-97d1-48a6-8c41-37ada312ccc0",
                    "user_id": 1,
                    "deleted_at": null,
                    "organization_id": 66,
                    "description": null
                },
                {
                    "id": 57,
                    "created_at": "2023-07-07T07:12:15.000000Z",
                    "updated_at": "2023-07-07T07:12:15.000000Z",
                    "name": "Территория 3",
                    "uuid": "99966f6c-b3ae-4568-8611-49157d734353",
                    "user_id": 1,
                    "deleted_at": null,
                    "organization_id": 66,
                    "description": null
                },
                {
                    "id": 58,
                    "created_at": "2023-07-07T07:12:24.000000Z",
                    "updated_at": "2023-07-07T07:12:24.000000Z",
                    "name": "Территория 4",
                    "uuid": "99966f7a-8271-4eeb-9eed-0b8ebe67fb00",
                    "user_id": 1,
                    "deleted_at": null,
                    "organization_id": 66,
                    "description": null
                },
                {
                    "id": 59,
                    "created_at": "2023-07-07T07:12:32.000000Z",
                    "updated_at": "2023-07-07T07:12:32.000000Z",
                    "name": "Территория 5",
                    "uuid": "99966f86-44ce-4169-88ec-95d3957f7b26",
                    "user_id": 1,
                    "deleted_at": null,
                    "organization_id": 66,
                    "description": null
                },
                {
                    "id": 104,
                    "created_at": "2024-09-03T07:38:59.000000Z",
                    "updated_at": "2024-09-03T07:38:59.000000Z",
                    "name": "Территория 6",
                    "uuid": "9ceb6a42-57fb-4d30-938f-349b0dd2dba0",
                    "user_id": 1,
                    "deleted_at": null,
                    "organization_id": 66,
                    "description": null
                },
                {
                    "id": 105,
                    "created_at": "2024-09-04T11:44:44.000000Z",
                    "updated_at": "2024-09-04T11:44:44.000000Z",
                    "name": "Территория 7",
                    "uuid": "9cedc521-40ea-4856-9fca-3150e28538f5",
                    "user_id": 1,
                    "deleted_at": null,
                    "organization_id": 66,
                    "description": "Территория баранов"
                }
            ]
        },
        "vetis_setting": {
            "id": 4,
            "created_at": "2024-03-15T08:17:40.000000Z",
            "updated_at": "2024-08-19T15:43:33.000000Z",
            "login": "deblik-ag-240131REGAGRO",
            "user_id": 72
        }
    },
    "vetis_animal": null,
    "supervised_object": {
        "id": 238,
        "created_at": null,
        "updated_at": "2024-08-08T05:51:47.000000Z",
        "owner_id": 184,
        "enterprise_id": 239,
        "name": "Объект ООО \"НЕРАЛ-ПРОДУКТ\" ",
        "number": "9b6e4063-2420-4baf-96a5-ac964b52ba2b",
        "guid": "9b6e4063-2425-4b70-be14-12eac56b4e27",
        "vetis_guid": "b837b9cf-9ce1-4734-95a9-0e4d36995058",
        "deleted_at": null,
        "integrated_at": null,
        "integrated_count": null,
        "type_id": 4,
        "user_id": 77,
        "deleted_user_id": null,
        "last_sync_at": null,
        "owner": {
            "id": 184,
            "created_at": "2023-10-03T06:55:30.000000Z",
            "updated_at": "2024-08-06T10:34:41.000000Z",
            "inn": "1254365210",
            "kpp": "222255511",
            "inn_kpp": "1254365210/222255511",
            "name": "Тестовый владелец ",
            "phone": null,
            "email": null,
            "last_name": "Тестовый",
            "first_name": "владелец",
            "patronymic": null,
            "uuid": "9a47700a-0391-4507-800d-80c8fb84416e",
            "user_id": 72,
            "legal_form_id": 1,
            "snils": "",
            "owner_addresses": [
                {
                    "id": 184,
                    "created_at": "2023-10-03T06:55:30.000000Z",
                    "updated_at": "2024-08-06T10:31:14.000000Z",
                    "full_address": "респ. Коми, г Воркута, ул Капитальная",
                    "postal_code": "430010",
                    "country_code": null,
                    "region_code": "c20180d9-ad9c-46d1-9eff-d60bc424592a",
                    "district_code": null,
                    "locality_code": "e0bf9ea3-7cbf-4b13-95f1-32c3ee9b3ae5",
                    "sub_locality_code": null,
                    "pos_council_code": null,
                    "street_code": "2d8f0484-1e7f-4a53-aaee-b76de1ce0731",
                    "house": null,
                    "block": null,
                    "flat": null,
                    "owner_id": 184,
                    "address_type_id": 1,
                    "plan_structure_code": null
                }
            ],
            "legal_form": {
                "id": 1,
                "name": "Юридическое лицо"
            },
            "vetis_owner": null
        }
    },
    "withdraw_user": null,
    "withdraw_application": null,
    "super_group": null
}
]]></system-out>
  <system-err><![CDATA[]]></system-err>
</testsuite>
