<?xml version="1.0" encoding="UTF-8"?>
<testsuite name="uitests.disposal.DisposalFinishReasonsTest" tests="10" skipped="0" failures="0" errors="0" timestamp="2024-10-23T13:17:18" hostname="WIN-3RAHDNDFC19" time="446.6">
  <properties/>
  <testcase name="Регистрация списка выбытия для типа MURRIAN" classname="uitests.disposal.DisposalFinishReasonsTest" time="45.776"/>
  <testcase name="Регистрация списка выбытия для типа LOST" classname="uitests.disposal.DisposalFinishReasonsTest" time="42.372"/>
  <testcase name="Регистрация списка выбытия для типа PERSONAL_NEEDS" classname="uitests.disposal.DisposalFinishReasonsTest" time="44.751"/>
  <testcase name="Регистрация списка выбытия для типа FACT_KILL" classname="uitests.disposal.DisposalFinishReasonsTest" time="47.204"/>
  <testcase name="Регистрация списка выбытия для типа FORCED_KILL" classname="uitests.disposal.DisposalFinishReasonsTest" time="39.815"/>
  <testcase name="Регистрация списка выбытия для типа OUTSIDE_THE_RF" classname="uitests.disposal.DisposalFinishReasonsTest" time="40.52"/>
  <testcase name="Регистрация списка выбытия для типа SALE" classname="uitests.disposal.DisposalFinishReasonsTest" time="46.002"/>
  <testcase name="Регистрация списка выбытия для типа MOVING_BETWEEN_OWNERS_OBJECTS" classname="uitests.disposal.DisposalFinishReasonsTest" time="45.441"/>
  <testcase name="Регистрация списка выбытия для типа TEMPORARY_MOVEMENT" classname="uitests.disposal.DisposalFinishReasonsTest" time="46.253"/>
  <testcase name="Регистрация списка выбытия для типа DIRECTION_FOR_KILL" classname="uitests.disposal.DisposalFinishReasonsTest" time="44.857"/>
  <system-out><![CDATA[Request method:	POST
Request URI:	https://v3.dev.regagro.ru/login
Proxy:			<none>
Request params:	<none>
Query params:	<none>
Form params:	<none>
Path params:	<none>
Headers:		X-Csrf-Token=3hxpK1ePdRO7OOr7TcIqqbVMgSU7HdnsRXv24oty
				Accept=*/*
				Content-Type=application/json
Cookies:		XSRF-TOKEN=eyJpdiI6IjdJYldWZXBTc3I1b0FYaWllWTFKSnc9PSIsInZhbHVlIjoiZllYdzBYSDB3NWNEUEp3Wm1uS2kyNWJUNHJ6NWlqdi95cTh2VktBUWZaYy91Qkd5WERYeTJUSUJTMUxaNnBtaHEzRXJhaE9kYlphR29UMDdkbFJta3MrVzNlTHBPOVpJaGhJWWdHQjdFQVNDUDhrUFFlY3hEMFpnNTFxdzNyT3YiLCJtYWMiOiJiYWE5NDQxMDJiY2ZiNmEzMWFmYWE5ZjA5YzdmODAyNjc3YWU2NzQzNmEwMThhMmMxODE2ZWJlZDg4Mzc3ZjlkIiwidGFnIjoiIn0%3D
				laravel_session=eyJpdiI6IjdCWnhCaUtzYjhzT005UzlYWWNoUFE9PSIsInZhbHVlIjoiQmNiK05BWXpoK0JkemF6K3NnNU5zd2pOODNYVlh1a3p1SU1wdWNweFMrTGt3dDZDaEt2ZXVrSnhsbjBROGh1aC9GYjEvZHZtOW5ZTGpQczJ0djhTRTlLbzJJWG1pVUg2ODhzaUVkVmpBUDh0bExyWXVRSUVWMlFJM1ZTdTdVRWsiLCJtYWMiOiI2MDFmNDBlMjlhOWRiNmYxZGY2ZWU0OTI2NmM3YTc2ZmYzMTdmNTI0NzA5NWM5YWI5OTQwYjcyZGQ3M2NjMjlhIiwidGFnIjoiIn0%3D
Multiparts:		<none>
Body:
{
    "email": "cheh@p.v",
    "password": "33221100"
}
Request method:	GET
Request URI:	https://v3.dev.regagro.ru/ajax/animals/16574
Proxy:			<none>
Request params:	<none>
Query params:	<none>
Form params:	<none>
Path params:	<none>
Headers:		Cookie=laravel_session=eyJpdiI6InZ1QlNOQWUxbXFpRjR0UEpSSHdSOEE9PSIsInZhbHVlIjoieDAzbU5peGNpRjhHRVgrS1pCRkM0QWMxN0h2RmxkQ1JUSThGNC84S2YxVjYxb2kzWHoyQUk5dEFSM20wTkNqQnNhVWpiTCtUakg2eUtNaUswSUFTR3c2TUdyaEdWZnN1QWNIN3pIQ3JBYVpuZ3JrMEdMWXVpWk1CbGZVdzRwNWkiLCJtYWMiOiJjNTE2NTRhZjYzZmU4MTY3MWU2YWVmZTg0OWVjMGE1N2ZiODU4MWI4NTY3N2M2MzY4ZmE2OWEwY2Y4OGQ5MTBlIiwidGFnIjoiIn0%3D
				X-XSRF-TOKEN=eyJpdiI6IlhCREpLVzUwRE5rR2xacXIzclRTSkE9PSIsInZhbHVlIjoiYmdld3k5RzBjN1JtdnFTU0YrOG5CYUp5bmpWMXA0Y2c1a3FnNGhsU3lTZWxYWDRzWUwreUQxL1Q5UUxjKzJaSWJBS0h6R2daQ1lENHFoWkNoYko3Zk1SRzFSbDJYY2syMzl3b3lTRG5hMFQvYzhZSHVxZHI5bnl2bGM3SnZCalkiLCJtYWMiOiIzODg4NTI5ODVhYmY1ODZkMDQ2MDI0MmQzZmFmYTBjM2I1MzMwZmJmYTA4NDY2ZjYyZjNlMzBkNzEyNWI4MDRhIiwidGFnIjoiIn0%3D
				Accept=*/*
				Content-Type=application/json
Cookies:		<none>
Multiparts:		<none>
Body:			<none>
HTTP/1.1 200 OK
Date: Wed, 23 Oct 2024 13:21:48 GMT
Server: LiteSpeed
cache-control: no-cache, private
content-type: application/json
content-encoding: gzip
vary: Accept-Encoding
alt-svc: h3=":443"; ma=2592000, h3-29=":443"; ma=2592000, h3-Q050=":443"; ma=2592000, h3-Q046=":443"; ma=2592000, h3-Q043=":443"; ma=2592000, quic=":443"; ma=2592000; v="43,46"
set-cookie: XSRF-TOKEN=eyJpdiI6IktWbEpXSjJFdWwrcWRsd09HRGhlZEE9PSIsInZhbHVlIjoiSXdnQnpkQlo0U1JuVlIyWmFLMEphWWVLTzFTTFJUd3VRWDNnWFBDaWRwc2lQVXM0aW1iNTEzU0h4bGNxRzlJVWZaZEoweEpGbEwvc1NQRWUrS2lZbWZpbUQ0Y2liWkMxdG5pdUFCVnJiVm8yL05nckdhVWVRR2I4TnQ2WUlDZjgiLCJtYWMiOiJmY2U4MThiMjZjZWVjOThiOTNiZTFhY2EzYTRhODczMDhlNWFiMThmYzE4MjBiMDQ3Y2IzZmI4ZWNjYWQ4NDEyIiwidGFnIjoiIn0%3D; expires=Thu, 24 Oct 2024 13:21:48 GMT; Max-Age=86400; path=/; samesite=lax
set-cookie: laravel_session=eyJpdiI6IkFTaThXV3R0SlJnTCsvRzgxeUc5bmc9PSIsInZhbHVlIjoiNHlLNjFUeEFDMGdMbFp2YmRRRkVNZlQyTDhoL2pQVWtpWFV3bm1jYXMrK08vcDFjRFY0Z2szWnBBQ2NuN3Z6aWc3M1l6TEIxTWdqVUQ2NWo1OEpLVDNDVFAwV0tzZnk0RjhibHZUMHQ2TWlhU3Rxc25scGhIMVFiN05QWFViL3EiLCJtYWMiOiJkNzI2OWZlZDY4MDEzYTI4YTE2MzIyNWYyZjIxNTIzZDg5OWQ1MDc0NzNiYzI5Y2JhYTExNzc4MjRiMGE2MDY1IiwidGFnIjoiIn0%3D; expires=Thu, 24 Oct 2024 13:21:48 GMT; Max-Age=86400; path=/; httponly; samesite=lax
Keep-Alive: timeout=5, max=100
Connection: Keep-Alive
Transfer-Encoding: chunked

{
    "id": 16574,
    "created_at": "2024-09-30T17:07:58.000000Z",
    "updated_at": "2024-09-30T17:07:58.000000Z",
    "birth_date": "2023-09-30",
    "birth_date_edited": 0,
    "is_tribal": 0,
    "tribal_certificate": null,
    "kind_id": 7,
    "suit_id": 120,
    "breed_id": 430,
    "registration_ground_id": 1,
    "gender": 1,
    "keep_type_id": 3,
    "keep_purpose_id": 1,
    "keep_place_id": 10,
    "enterprise_id": 239,
    "count": 1,
    "name": "Андрей",
    "deleted_at": null,
    "user_id": 72,
    "is_offspring": 0,
    "is_insemination": 0,
    "is_castrated": 0,
    "product_direction_id": 4,
    "number": "826876725800404",
    "twin_number": null,
    "is_group": 0,
    "guid": "9d22864f-7f50-422a-9998-4ce7a283e187",
    "animal_parent_id": null,
    "is_super_group": 0,
    "is_mobile": 0,
    "first_marker_date": "2024-09-30 00:00:00",
    "cross_id": null,
    "from_group_id": null,
    "disposal_list_id": null,
    "supervised_object_id": 558,
    "withdraw_at": null,
    "withdraw_user_id": null,
    "age_group": {
        "id": 58,
        "name": "Молодняк (самцы)",
        "gender": 1,
        "kind_id": 7,
        "age_from": 12,
        "age_to": 23,
        "is_castrated": 0,
        "is_aborted": 0,
        "is_reproducted": 0,
        "is_insemination": 0,
        "deleted_at": null
    },
    "age": {
        "in_hours": 9349,
        "in_days": 389,
        "in_months": 12,
        "in_years": 1,
        "human_1": "1 год",
        "human_2": "1 год 3 недели",
        "human_3": "1 год 3 недели 2 дня"
    },
    "can_birth_date_edit": true,
    "kind": {
        "id": 7,
        "name": "Олени",
        "is_active": 1,
        "sort": 6,
        "icon_url": "animal_icons/deer.svg",
        "deleted_at": null
    },
    "suit": {
        "id": 120,
        "name": "Темно-бурая",
        "kind_id": 7,
        "deleted_at": null
    },
    "breed": {
        "id": 430,
        "name": "Неизвестна",
        "kind_id": 7,
        "deleted_at": null
    },
    "registration_ground": {
        "id": 1,
        "name": "Заявление владельца",
        "sort": 1
    },
    "keep_type": {
        "id": 3,
        "name": "Отгонное содержание",
        "deleted_at": null
    },
    "keep_purpose": {
        "id": 1,
        "name": "Для получения подконтрольных госветнадзору товаров, предназначенных в пищу",
        "deleted_at": null,
        "sort": 1
    },
    "keep_place": {
        "id": 10,
        "name": "Пастбище",
        "deleted_at": null
    },
    "enterprise": {
        "id": 239,
        "created_at": "2023-12-12T11:52:40.000000Z",
        "updated_at": "2024-09-02T20:18:04.000000Z",
        "deleted_at": null,
        "name": "\"Навуходоносор\"",
        "uuid": "9ad4ab34-313c-41a4-90aa-23df439b50e2",
        "longitude": "36.0029098",
        "latitude": "53.4330830",
        "owner_id": 205,
        "enterprise_type_id": 26,
        "user_id": 77,
        "service_area_id": 52,
        "owner": {
            "id": 205,
            "created_at": "2024-01-11T14:09:14.000000Z",
            "updated_at": "2024-09-17T06:56:44.000000Z",
            "inn": "7736280232",
            "kpp": "772301006",
            "inn_kpp": "7736280232/772301006",
            "name": "Буль Галина  Бланковна",
            "phone": null,
            "email": null,
            "last_name": null,
            "first_name": null,
            "patronymic": null,
            "uuid": "9b113591-d760-4b93-b744-502f9ce3d34b",
            "user_id": 72,
            "legal_form_id": 1,
            "snils": "",
            "owner_addresses": [
                {
                    "id": 205,
                    "created_at": "2024-01-11T14:09:15.000000Z",
                    "updated_at": "2024-06-04T08:21:14.000000Z",
                    "full_address": "респ. Башкортостан, Уфимский р-н., с Ольховое",
                    "postal_code": null,
                    "country_code": null,
                    "region_code": "6f2cbfd8-692a-4ee4-9b16-067210bde3fc",
                    "district_code": "c7a81174-8d01-4ae6-83e6-386ae23ee629",
                    "locality_code": "710ce64a-8380-4bb5-9671-ee0db8898b06",
                    "sub_locality_code": null,
                    "pos_council_code": null,
                    "street_code": null,
                    "house": null,
                    "block": null,
                    "flat": null,
                    "owner_id": 205,
                    "address_type_id": 1,
                    "plan_structure_code": null
                }
            ],
            "legal_form": {
                "id": 1,
                "name": "Юридическое лицо"
            },
            "vetis_owner": null
        },
        "enterprise_addresses": [
            {
                "id": 239,
                "created_at": "2023-12-12T11:52:40.000000Z",
                "updated_at": "2023-12-12T11:52:40.000000Z",
                "full_address": "Орловская обл., Болховский р-н., г Болхов, д. 1",
                "postal_code": null,
                "country_code": null,
                "region_code": "5e465691-de23-4c4e-9f46-f35a125b5970",
                "district_code": "b3ccc7a9-8439-4686-a936-65a2b6212362",
                "locality_code": "4393f437-1a48-4083-bed9-ad3382fdad16",
                "sub_locality_code": null,
                "pos_council_code": null,
                "street_code": null,
                "house": "1",
                "block": null,
                "flat": null,
                "enterprise_id": 239,
                "address_type_id": 1,
                "comment": null,
                "plan_structure_code": null
            }
        ],
        "service_area": {
            "id": 52,
            "created_at": "2023-07-04T13:05:51.000000Z",
            "updated_at": "2023-07-04T13:05:51.000000Z",
            "name": "Территория 1",
            "uuid": "9990e4ed-8282-40f5-a3a7-5919cfb28ee7",
            "user_id": 1,
            "deleted_at": null,
            "organization_id": 66,
            "description": null
        }
    },
    "animal_pedigree": null,
    "product_direction": {
        "id": 4,
        "name": "Пантовое"
    },
    "animal_identifications": [
        {
            "id": 17368,
            "created_at": "2024-09-30T17:07:58.000000Z",
            "updated_at": "2024-09-30T17:07:58.000000Z",
            "animal_id": 16574,
            "user_id": 72,
            "marker_type_id": 21,
            "identification_reason_id": 1,
            "number": "826876725800404",
            "twin_number": null,
            "is_active": 1,
            "complect_number": null,
            "description": "Электронный ошейник 826876725800404",
            "marker_place_id": 14,
            "other_marker_place": null,
            "marker_date": "2024-09-30 00:00:00",
            "marker_type": {
                "id": 21,
                "name": "Электронный ошейник",
                "max": 15,
                "min": 15,
                "regexp": "/^[0-9]+$/",
                "priority": 22,
                "sort": 22,
                "is_only_group": 0,
                "deleted_at": null
            },
            "marker_place": {
                "id": 14,
                "name": "Шея",
                "sort": 14,
                "guid": "ad4d09d7-9078-48c6-a5a4-08ad4c074f4f",
                "deleted_at": null,
                "is_only_group": 0
            }
        }
    ],
    "animal_import": null,
    "animal_birth_date_range": null,
    "cross": null,
    "animal_count_range": {
        "id": 16557,
        "animal_id": 16574,
        "count_from": 1,
        "count_to": 1,
        "count_male": 0,
        "count_female": 0
    },
    "user": {
        "id": 72,
        "name": "Чехов Петр Васильевич",
        "email": "cheh@p.v",
        "email_verified_at": null,
        "created_at": "2023-07-04T13:38:15.000000Z",
        "updated_at": "2023-10-20T12:54:46.000000Z",
        "organization_id": 66,
        "locale": "ru",
        "first_name": "Петр",
        "last_name": "Чехов",
        "patronymic": "Васильевич",
        "post": "ветеринарный специалист",
        "phone": "+7(546)546-34-53",
        "deleted_at": null,
        "avatar_content": null,
        "guid": "7cbb8ba4-db1d-4c7a-b083-6849725a330d",
        "organization": {
            "id": 66,
            "created_at": "2023-07-04T13:04:26.000000Z",
            "updated_at": "2024-10-08T07:46:46.000000Z",
            "name": "СББЖ Орловского района",
            "uuid": "9990e46c-e648-4eed-a011-a684a5124abb",
            "user_id": 80,
            "post": "директ2",
            "director_first_name": "Шумил",
            "director_second_name": "Василий",
            "director_patronymic": "Петрович",
            "phone": "+7(453)534-53-45",
            "email": "zel@shum.ru",
            "inn": "5678944444",
            "kpp": "567894444",
            "path": null,
            "description": "5 территорий",
            "okpo": null,
            "okved2": null,
            "oktmo": null,
            "okogu": null,
            "okopf": null,
            "okfs": null,
            "organization_id": 65,
            "deleted_at": null,
            "organization_type_id": 1,
            "drug_storage_org_setting_id": 15,
            "service_areas": [
                {
                    "id": 52,
                    "created_at": "2023-07-04T13:05:51.000000Z",
                    "updated_at": "2023-07-04T13:05:51.000000Z",
                    "name": "Территория 1",
                    "uuid": "9990e4ed-8282-40f5-a3a7-5919cfb28ee7",
                    "user_id": 1,
                    "deleted_at": null,
                    "organization_id": 66,
                    "description": null
                },
                {
                    "id": 53,
                    "created_at": "2023-07-04T13:06:00.000000Z",
                    "updated_at": "2023-07-04T13:06:00.000000Z",
                    "name": "Территория 2",
                    "uuid": "9990e4fb-97d1-48a6-8c41-37ada312ccc0",
                    "user_id": 1,
                    "deleted_at": null,
                    "organization_id": 66,
                    "description": null
                },
                {
                    "id": 57,
                    "created_at": "2023-07-07T07:12:15.000000Z",
                    "updated_at": "2023-07-07T07:12:15.000000Z",
                    "name": "Территория 3",
                    "uuid": "99966f6c-b3ae-4568-8611-49157d734353",
                    "user_id": 1,
                    "deleted_at": null,
                    "organization_id": 66,
                    "description": null
                },
                {
                    "id": 58,
                    "created_at": "2023-07-07T07:12:24.000000Z",
                    "updated_at": "2023-07-07T07:12:24.000000Z",
                    "name": "Территория 4",
                    "uuid": "99966f7a-8271-4eeb-9eed-0b8ebe67fb00",
                    "user_id": 1,
                    "deleted_at": null,
                    "organization_id": 66,
                    "description": null
                },
                {
                    "id": 59,
                    "created_at": "2023-07-07T07:12:32.000000Z",
                    "updated_at": "2023-07-07T07:12:32.000000Z",
                    "name": "Территория 5",
                    "uuid": "99966f86-44ce-4169-88ec-95d3957f7b26",
                    "user_id": 1,
                    "deleted_at": null,
                    "organization_id": 66,
                    "description": null
                },
                {
                    "id": 104,
                    "created_at": "2024-09-03T07:38:59.000000Z",
                    "updated_at": "2024-09-03T07:38:59.000000Z",
                    "name": "Территория 6",
                    "uuid": "9ceb6a42-57fb-4d30-938f-349b0dd2dba0",
                    "user_id": 1,
                    "deleted_at": null,
                    "organization_id": 66,
                    "description": null
                },
                {
                    "id": 105,
                    "created_at": "2024-09-04T11:44:44.000000Z",
                    "updated_at": "2024-09-04T11:44:44.000000Z",
                    "name": "Территория 7",
                    "uuid": "9cedc521-40ea-4856-9fca-3150e28538f5",
                    "user_id": 1,
                    "deleted_at": null,
                    "organization_id": 66,
                    "description": "Территория баранов"
                }
            ]
        },
        "vetis_setting": {
            "id": 4,
            "created_at": "2024-03-15T08:17:40.000000Z",
            "updated_at": "2024-08-19T15:43:33.000000Z",
            "login": "deblik-ag-240131REGAGRO",
            "user_id": 72
        }
    },
    "vetis_animal": null,
    "supervised_object": {
        "id": 558,
        "created_at": "2024-07-31T12:56:10.000000Z",
        "updated_at": "2024-08-08T05:51:47.000000Z",
        "owner_id": 205,
        "enterprise_id": 239,
        "name": "НКО Владимир",
        "number": null,
        "guid": "9ca7763a-9a7a-454b-8e07-2bab49058d1f",
        "vetis_guid": null,
        "deleted_at": null,
        "integrated_at": null,
        "integrated_count": null,
        "type_id": 11,
        "user_id": 77,
        "deleted_user_id": null,
        "last_sync_at": null,
        "owner": {
            "id": 205,
            "created_at": "2024-01-11T14:09:14.000000Z",
            "updated_at": "2024-09-17T06:56:44.000000Z",
            "inn": "7736280232",
            "kpp": "772301006",
            "inn_kpp": "7736280232/772301006",
            "name": "Буль Галина  Бланковна",
            "phone": null,
            "email": null,
            "last_name": null,
            "first_name": null,
            "patronymic": null,
            "uuid": "9b113591-d760-4b93-b744-502f9ce3d34b",
            "user_id": 72,
            "legal_form_id": 1,
            "snils": "",
            "owner_addresses": [
                {
                    "id": 205,
                    "created_at": "2024-01-11T14:09:15.000000Z",
                    "updated_at": "2024-06-04T08:21:14.000000Z",
                    "full_address": "респ. Башкортостан, Уфимский р-н., с Ольховое",
                    "postal_code": null,
                    "country_code": null,
                    "region_code": "6f2cbfd8-692a-4ee4-9b16-067210bde3fc",
                    "district_code": "c7a81174-8d01-4ae6-83e6-386ae23ee629",
                    "locality_code": "710ce64a-8380-4bb5-9671-ee0db8898b06",
                    "sub_locality_code": null,
                    "pos_council_code": null,
                    "street_code": null,
                    "house": null,
                    "block": null,
                    "flat": null,
                    "owner_id": 205,
                    "address_type_id": 1,
                    "plan_structure_code": null
                }
            ],
            "legal_form": {
                "id": 1,
                "name": "Юридическое лицо"
            },
            "vetis_owner": null
        }
    },
    "withdraw_user": null,
    "withdraw_application": null,
    "super_group": null
}
Request method:	GET
Request URI:	https://v3.dev.regagro.ru/ajax/animals/16574
Proxy:			<none>
Request params:	<none>
Query params:	<none>
Form params:	<none>
Path params:	<none>
Headers:		Cookie=laravel_session=eyJpdiI6InZ1QlNOQWUxbXFpRjR0UEpSSHdSOEE9PSIsInZhbHVlIjoieDAzbU5peGNpRjhHRVgrS1pCRkM0QWMxN0h2RmxkQ1JUSThGNC84S2YxVjYxb2kzWHoyQUk5dEFSM20wTkNqQnNhVWpiTCtUakg2eUtNaUswSUFTR3c2TUdyaEdWZnN1QWNIN3pIQ3JBYVpuZ3JrMEdMWXVpWk1CbGZVdzRwNWkiLCJtYWMiOiJjNTE2NTRhZjYzZmU4MTY3MWU2YWVmZTg0OWVjMGE1N2ZiODU4MWI4NTY3N2M2MzY4ZmE2OWEwY2Y4OGQ5MTBlIiwidGFnIjoiIn0%3D
				X-XSRF-TOKEN=eyJpdiI6IlhCREpLVzUwRE5rR2xacXIzclRTSkE9PSIsInZhbHVlIjoiYmdld3k5RzBjN1JtdnFTU0YrOG5CYUp5bmpWMXA0Y2c1a3FnNGhsU3lTZWxYWDRzWUwreUQxL1Q5UUxjKzJaSWJBS0h6R2daQ1lENHFoWkNoYko3Zk1SRzFSbDJYY2syMzl3b3lTRG5hMFQvYzhZSHVxZHI5bnl2bGM3SnZCalkiLCJtYWMiOiIzODg4NTI5ODVhYmY1ODZkMDQ2MDI0MmQzZmFmYTBjM2I1MzMwZmJmYTA4NDY2ZjYyZjNlMzBkNzEyNWI4MDRhIiwidGFnIjoiIn0%3D
				Accept=*/*
				Content-Type=application/json
Cookies:		<none>
Multiparts:		<none>
Body:			<none>
HTTP/1.1 200 OK
Date: Wed, 23 Oct 2024 13:21:49 GMT
Server: LiteSpeed
cache-control: no-cache, private
content-type: application/json
content-encoding: gzip
vary: Accept-Encoding
alt-svc: h3=":443"; ma=2592000, h3-29=":443"; ma=2592000, h3-Q050=":443"; ma=2592000, h3-Q046=":443"; ma=2592000, h3-Q043=":443"; ma=2592000, quic=":443"; ma=2592000; v="43,46"
set-cookie: XSRF-TOKEN=eyJpdiI6IlQ3Mzh6ZDJ6YTBydFk0cy81c1o5VEE9PSIsInZhbHVlIjoiUXR5Q1lVYVRMOFFiajlmblFNOElKNm5mWXRWOUt3SHFFOVdVTUhaeXF5NGdWeTA0QzVKTUFBYXFLYVI2ZHF4dXhkbkd5bDR5K3NIa2xUK2pTdlQyTEo3YkJ3K0Nzcndpa2xpc0pmakpDOHU4eUpKQ0FOZ1ZOSTJqL0QveGNRZEYiLCJtYWMiOiJiYzhjZjE4YzQzODZkNjNmYjA0NWNiM2M3YjYzNjc4NGIxZjdlYzNhZWVhM2NlNjhmNjk3ZWUxY2M2NzBlYjRlIiwidGFnIjoiIn0%3D; expires=Thu, 24 Oct 2024 13:21:49 GMT; Max-Age=86400; path=/; samesite=lax
set-cookie: laravel_session=eyJpdiI6Ino4NFdCUTY2V3p0ZTd4RlZFZ0cxK2c9PSIsInZhbHVlIjoibktLZzlaT3hpNitrMCs2WXlkODV3RGNneGRHYklWVmFNR0llcUV6SWduUTh2QXpiU2xGTmlRcVJiWlRnNlUvcmtmb2NiS3VOUzU3a2xObVY2NXdGRENHWmhFVEtXMldtMU91TTZheDZwTXh2T1JXR2tubGh1ckVMVDBBb242SmYiLCJtYWMiOiIyYWJkZTQ0YjY0MWNiYjhjYTkyZDUzOGNhNGViMWQwNGExYjU1YTUxMDRiZDc5YzkyMGMzNzNkNWJmZDQ4NjA2IiwidGFnIjoiIn0%3D; expires=Thu, 24 Oct 2024 13:21:49 GMT; Max-Age=86400; path=/; httponly; samesite=lax
Keep-Alive: timeout=5, max=100
Connection: Keep-Alive
Transfer-Encoding: chunked

{
    "id": 16574,
    "created_at": "2024-09-30T17:07:58.000000Z",
    "updated_at": "2024-09-30T17:07:58.000000Z",
    "birth_date": "2023-09-30",
    "birth_date_edited": 0,
    "is_tribal": 0,
    "tribal_certificate": null,
    "kind_id": 7,
    "suit_id": 120,
    "breed_id": 430,
    "registration_ground_id": 1,
    "gender": 1,
    "keep_type_id": 3,
    "keep_purpose_id": 1,
    "keep_place_id": 10,
    "enterprise_id": 239,
    "count": 1,
    "name": "Андрей",
    "deleted_at": null,
    "user_id": 72,
    "is_offspring": 0,
    "is_insemination": 0,
    "is_castrated": 0,
    "product_direction_id": 4,
    "number": "826876725800404",
    "twin_number": null,
    "is_group": 0,
    "guid": "9d22864f-7f50-422a-9998-4ce7a283e187",
    "animal_parent_id": null,
    "is_super_group": 0,
    "is_mobile": 0,
    "first_marker_date": "2024-09-30 00:00:00",
    "cross_id": null,
    "from_group_id": null,
    "disposal_list_id": null,
    "supervised_object_id": 558,
    "withdraw_at": null,
    "withdraw_user_id": null,
    "age_group": {
        "id": 58,
        "name": "Молодняк (самцы)",
        "gender": 1,
        "kind_id": 7,
        "age_from": 12,
        "age_to": 23,
        "is_castrated": 0,
        "is_aborted": 0,
        "is_reproducted": 0,
        "is_insemination": 0,
        "deleted_at": null
    },
    "age": {
        "in_hours": 9349,
        "in_days": 389,
        "in_months": 12,
        "in_years": 1,
        "human_1": "1 год",
        "human_2": "1 год 3 недели",
        "human_3": "1 год 3 недели 2 дня"
    },
    "can_birth_date_edit": true,
    "kind": {
        "id": 7,
        "name": "Олени",
        "is_active": 1,
        "sort": 6,
        "icon_url": "animal_icons/deer.svg",
        "deleted_at": null
    },
    "suit": {
        "id": 120,
        "name": "Темно-бурая",
        "kind_id": 7,
        "deleted_at": null
    },
    "breed": {
        "id": 430,
        "name": "Неизвестна",
        "kind_id": 7,
        "deleted_at": null
    },
    "registration_ground": {
        "id": 1,
        "name": "Заявление владельца",
        "sort": 1
    },
    "keep_type": {
        "id": 3,
        "name": "Отгонное содержание",
        "deleted_at": null
    },
    "keep_purpose": {
        "id": 1,
        "name": "Для получения подконтрольных госветнадзору товаров, предназначенных в пищу",
        "deleted_at": null,
        "sort": 1
    },
    "keep_place": {
        "id": 10,
        "name": "Пастбище",
        "deleted_at": null
    },
    "enterprise": {
        "id": 239,
        "created_at": "2023-12-12T11:52:40.000000Z",
        "updated_at": "2024-09-02T20:18:04.000000Z",
        "deleted_at": null,
        "name": "\"Навуходоносор\"",
        "uuid": "9ad4ab34-313c-41a4-90aa-23df439b50e2",
        "longitude": "36.0029098",
        "latitude": "53.4330830",
        "owner_id": 205,
        "enterprise_type_id": 26,
        "user_id": 77,
        "service_area_id": 52,
        "owner": {
            "id": 205,
            "created_at": "2024-01-11T14:09:14.000000Z",
            "updated_at": "2024-09-17T06:56:44.000000Z",
            "inn": "7736280232",
            "kpp": "772301006",
            "inn_kpp": "7736280232/772301006",
            "name": "Буль Галина  Бланковна",
            "phone": null,
            "email": null,
            "last_name": null,
            "first_name": null,
            "patronymic": null,
            "uuid": "9b113591-d760-4b93-b744-502f9ce3d34b",
            "user_id": 72,
            "legal_form_id": 1,
            "snils": "",
            "owner_addresses": [
                {
                    "id": 205,
                    "created_at": "2024-01-11T14:09:15.000000Z",
                    "updated_at": "2024-06-04T08:21:14.000000Z",
                    "full_address": "респ. Башкортостан, Уфимский р-н., с Ольховое",
                    "postal_code": null,
                    "country_code": null,
                    "region_code": "6f2cbfd8-692a-4ee4-9b16-067210bde3fc",
                    "district_code": "c7a81174-8d01-4ae6-83e6-386ae23ee629",
                    "locality_code": "710ce64a-8380-4bb5-9671-ee0db8898b06",
                    "sub_locality_code": null,
                    "pos_council_code": null,
                    "street_code": null,
                    "house": null,
                    "block": null,
                    "flat": null,
                    "owner_id": 205,
                    "address_type_id": 1,
                    "plan_structure_code": null
                }
            ],
            "legal_form": {
                "id": 1,
                "name": "Юридическое лицо"
            },
            "vetis_owner": null
        },
        "enterprise_addresses": [
            {
                "id": 239,
                "created_at": "2023-12-12T11:52:40.000000Z",
                "updated_at": "2023-12-12T11:52:40.000000Z",
                "full_address": "Орловская обл., Болховский р-н., г Болхов, д. 1",
                "postal_code": null,
                "country_code": null,
                "region_code": "5e465691-de23-4c4e-9f46-f35a125b5970",
                "district_code": "b3ccc7a9-8439-4686-a936-65a2b6212362",
                "locality_code": "4393f437-1a48-4083-bed9-ad3382fdad16",
                "sub_locality_code": null,
                "pos_council_code": null,
                "street_code": null,
                "house": "1",
                "block": null,
                "flat": null,
                "enterprise_id": 239,
                "address_type_id": 1,
                "comment": null,
                "plan_structure_code": null
            }
        ],
        "service_area": {
            "id": 52,
            "created_at": "2023-07-04T13:05:51.000000Z",
            "updated_at": "2023-07-04T13:05:51.000000Z",
            "name": "Территория 1",
            "uuid": "9990e4ed-8282-40f5-a3a7-5919cfb28ee7",
            "user_id": 1,
            "deleted_at": null,
            "organization_id": 66,
            "description": null
        }
    },
    "animal_pedigree": null,
    "product_direction": {
        "id": 4,
        "name": "Пантовое"
    },
    "animal_identifications": [
        {
            "id": 17368,
            "created_at": "2024-09-30T17:07:58.000000Z",
            "updated_at": "2024-09-30T17:07:58.000000Z",
            "animal_id": 16574,
            "user_id": 72,
            "marker_type_id": 21,
            "identification_reason_id": 1,
            "number": "826876725800404",
            "twin_number": null,
            "is_active": 1,
            "complect_number": null,
            "description": "Электронный ошейник 826876725800404",
            "marker_place_id": 14,
            "other_marker_place": null,
            "marker_date": "2024-09-30 00:00:00",
            "marker_type": {
                "id": 21,
                "name": "Электронный ошейник",
                "max": 15,
                "min": 15,
                "regexp": "/^[0-9]+$/",
                "priority": 22,
                "sort": 22,
                "is_only_group": 0,
                "deleted_at": null
            },
            "marker_place": {
                "id": 14,
                "name": "Шея",
                "sort": 14,
                "guid": "ad4d09d7-9078-48c6-a5a4-08ad4c074f4f",
                "deleted_at": null,
                "is_only_group": 0
            }
        }
    ],
    "animal_import": null,
    "animal_birth_date_range": null,
    "cross": null,
    "animal_count_range": {
        "id": 16557,
        "animal_id": 16574,
        "count_from": 1,
        "count_to": 1,
        "count_male": 0,
        "count_female": 0
    },
    "user": {
        "id": 72,
        "name": "Чехов Петр Васильевич",
        "email": "cheh@p.v",
        "email_verified_at": null,
        "created_at": "2023-07-04T13:38:15.000000Z",
        "updated_at": "2023-10-20T12:54:46.000000Z",
        "organization_id": 66,
        "locale": "ru",
        "first_name": "Петр",
        "last_name": "Чехов",
        "patronymic": "Васильевич",
        "post": "ветеринарный специалист",
        "phone": "+7(546)546-34-53",
        "deleted_at": null,
        "avatar_content": null,
        "guid": "7cbb8ba4-db1d-4c7a-b083-6849725a330d",
        "organization": {
            "id": 66,
            "created_at": "2023-07-04T13:04:26.000000Z",
            "updated_at": "2024-10-08T07:46:46.000000Z",
            "name": "СББЖ Орловского района",
            "uuid": "9990e46c-e648-4eed-a011-a684a5124abb",
            "user_id": 80,
            "post": "директ2",
            "director_first_name": "Шумил",
            "director_second_name": "Василий",
            "director_patronymic": "Петрович",
            "phone": "+7(453)534-53-45",
            "email": "zel@shum.ru",
            "inn": "5678944444",
            "kpp": "567894444",
            "path": null,
            "description": "5 территорий",
            "okpo": null,
            "okved2": null,
            "oktmo": null,
            "okogu": null,
            "okopf": null,
            "okfs": null,
            "organization_id": 65,
            "deleted_at": null,
            "organization_type_id": 1,
            "drug_storage_org_setting_id": 15,
            "service_areas": [
                {
                    "id": 52,
                    "created_at": "2023-07-04T13:05:51.000000Z",
                    "updated_at": "2023-07-04T13:05:51.000000Z",
                    "name": "Территория 1",
                    "uuid": "9990e4ed-8282-40f5-a3a7-5919cfb28ee7",
                    "user_id": 1,
                    "deleted_at": null,
                    "organization_id": 66,
                    "description": null
                },
                {
                    "id": 53,
                    "created_at": "2023-07-04T13:06:00.000000Z",
                    "updated_at": "2023-07-04T13:06:00.000000Z",
                    "name": "Территория 2",
                    "uuid": "9990e4fb-97d1-48a6-8c41-37ada312ccc0",
                    "user_id": 1,
                    "deleted_at": null,
                    "organization_id": 66,
                    "description": null
                },
                {
                    "id": 57,
                    "created_at": "2023-07-07T07:12:15.000000Z",
                    "updated_at": "2023-07-07T07:12:15.000000Z",
                    "name": "Территория 3",
                    "uuid": "99966f6c-b3ae-4568-8611-49157d734353",
                    "user_id": 1,
                    "deleted_at": null,
                    "organization_id": 66,
                    "description": null
                },
                {
                    "id": 58,
                    "created_at": "2023-07-07T07:12:24.000000Z",
                    "updated_at": "2023-07-07T07:12:24.000000Z",
                    "name": "Территория 4",
                    "uuid": "99966f7a-8271-4eeb-9eed-0b8ebe67fb00",
                    "user_id": 1,
                    "deleted_at": null,
                    "organization_id": 66,
                    "description": null
                },
                {
                    "id": 59,
                    "created_at": "2023-07-07T07:12:32.000000Z",
                    "updated_at": "2023-07-07T07:12:32.000000Z",
                    "name": "Территория 5",
                    "uuid": "99966f86-44ce-4169-88ec-95d3957f7b26",
                    "user_id": 1,
                    "deleted_at": null,
                    "organization_id": 66,
                    "description": null
                },
                {
                    "id": 104,
                    "created_at": "2024-09-03T07:38:59.000000Z",
                    "updated_at": "2024-09-03T07:38:59.000000Z",
                    "name": "Территория 6",
                    "uuid": "9ceb6a42-57fb-4d30-938f-349b0dd2dba0",
                    "user_id": 1,
                    "deleted_at": null,
                    "organization_id": 66,
                    "description": null
                },
                {
                    "id": 105,
                    "created_at": "2024-09-04T11:44:44.000000Z",
                    "updated_at": "2024-09-04T11:44:44.000000Z",
                    "name": "Территория 7",
                    "uuid": "9cedc521-40ea-4856-9fca-3150e28538f5",
                    "user_id": 1,
                    "deleted_at": null,
                    "organization_id": 66,
                    "description": "Территория баранов"
                }
            ]
        },
        "vetis_setting": {
            "id": 4,
            "created_at": "2024-03-15T08:17:40.000000Z",
            "updated_at": "2024-08-19T15:43:33.000000Z",
            "login": "deblik-ag-240131REGAGRO",
            "user_id": 72
        }
    },
    "vetis_animal": null,
    "supervised_object": {
        "id": 558,
        "created_at": "2024-07-31T12:56:10.000000Z",
        "updated_at": "2024-08-08T05:51:47.000000Z",
        "owner_id": 205,
        "enterprise_id": 239,
        "name": "НКО Владимир",
        "number": null,
        "guid": "9ca7763a-9a7a-454b-8e07-2bab49058d1f",
        "vetis_guid": null,
        "deleted_at": null,
        "integrated_at": null,
        "integrated_count": null,
        "type_id": 11,
        "user_id": 77,
        "deleted_user_id": null,
        "last_sync_at": null,
        "owner": {
            "id": 205,
            "created_at": "2024-01-11T14:09:14.000000Z",
            "updated_at": "2024-09-17T06:56:44.000000Z",
            "inn": "7736280232",
            "kpp": "772301006",
            "inn_kpp": "7736280232/772301006",
            "name": "Буль Галина  Бланковна",
            "phone": null,
            "email": null,
            "last_name": null,
            "first_name": null,
            "patronymic": null,
            "uuid": "9b113591-d760-4b93-b744-502f9ce3d34b",
            "user_id": 72,
            "legal_form_id": 1,
            "snils": "",
            "owner_addresses": [
                {
                    "id": 205,
                    "created_at": "2024-01-11T14:09:15.000000Z",
                    "updated_at": "2024-06-04T08:21:14.000000Z",
                    "full_address": "респ. Башкортостан, Уфимский р-н., с Ольховое",
                    "postal_code": null,
                    "country_code": null,
                    "region_code": "6f2cbfd8-692a-4ee4-9b16-067210bde3fc",
                    "district_code": "c7a81174-8d01-4ae6-83e6-386ae23ee629",
                    "locality_code": "710ce64a-8380-4bb5-9671-ee0db8898b06",
                    "sub_locality_code": null,
                    "pos_council_code": null,
                    "street_code": null,
                    "house": null,
                    "block": null,
                    "flat": null,
                    "owner_id": 205,
                    "address_type_id": 1,
                    "plan_structure_code": null
                }
            ],
            "legal_form": {
                "id": 1,
                "name": "Юридическое лицо"
            },
            "vetis_owner": null
        }
    },
    "withdraw_user": null,
    "withdraw_application": null,
    "super_group": null
}
Request method:	GET
Request URI:	https://v3.dev.regagro.ru/ajax/animals/16757
Proxy:			<none>
Request params:	<none>
Query params:	<none>
Form params:	<none>
Path params:	<none>
Headers:		Cookie=laravel_session=eyJpdiI6InZ1QlNOQWUxbXFpRjR0UEpSSHdSOEE9PSIsInZhbHVlIjoieDAzbU5peGNpRjhHRVgrS1pCRkM0QWMxN0h2RmxkQ1JUSThGNC84S2YxVjYxb2kzWHoyQUk5dEFSM20wTkNqQnNhVWpiTCtUakg2eUtNaUswSUFTR3c2TUdyaEdWZnN1QWNIN3pIQ3JBYVpuZ3JrMEdMWXVpWk1CbGZVdzRwNWkiLCJtYWMiOiJjNTE2NTRhZjYzZmU4MTY3MWU2YWVmZTg0OWVjMGE1N2ZiODU4MWI4NTY3N2M2MzY4ZmE2OWEwY2Y4OGQ5MTBlIiwidGFnIjoiIn0%3D
				X-XSRF-TOKEN=eyJpdiI6IlhCREpLVzUwRE5rR2xacXIzclRTSkE9PSIsInZhbHVlIjoiYmdld3k5RzBjN1JtdnFTU0YrOG5CYUp5bmpWMXA0Y2c1a3FnNGhsU3lTZWxYWDRzWUwreUQxL1Q5UUxjKzJaSWJBS0h6R2daQ1lENHFoWkNoYko3Zk1SRzFSbDJYY2syMzl3b3lTRG5hMFQvYzhZSHVxZHI5bnl2bGM3SnZCalkiLCJtYWMiOiIzODg4NTI5ODVhYmY1ODZkMDQ2MDI0MmQzZmFmYTBjM2I1MzMwZmJmYTA4NDY2ZjYyZjNlMzBkNzEyNWI4MDRhIiwidGFnIjoiIn0%3D
				Accept=*/*
				Content-Type=application/json
Cookies:		<none>
Multiparts:		<none>
Body:			<none>
HTTP/1.1 200 OK
Date: Wed, 23 Oct 2024 13:22:33 GMT
Server: LiteSpeed
cache-control: no-cache, private
content-type: application/json
content-encoding: gzip
vary: Accept-Encoding
alt-svc: h3=":443"; ma=2592000, h3-29=":443"; ma=2592000, h3-Q050=":443"; ma=2592000, h3-Q046=":443"; ma=2592000, h3-Q043=":443"; ma=2592000, quic=":443"; ma=2592000; v="43,46"
set-cookie: XSRF-TOKEN=eyJpdiI6IkQvckl1UU1TekJnc2hLWkNOaHBCSnc9PSIsInZhbHVlIjoibnQ0SW1TTXU0cVlBcDBlV1MwVndqR2xDRjQ3SnV6YTV5ZGZ3K0t3cjlKRzFaTi9uZXdJK09zUVZnMWltdjlvcHAzWE80QjVOK0Q1R1JRUThyeldxZmdGM0w3Wk14YVVvL0dSNGQ3SUFsdUpFT1NBSzVHN0tFWm9VYTRTbnpySnAiLCJtYWMiOiIxODk5NzE0MTViNTQwMzY5ODFjYjBkOGMwZjRlM2IzY2RjMjE2ZjNhY2IxZDdlYzZjMzRhZTY5NTA0Yjg3NDM2IiwidGFnIjoiIn0%3D; expires=Thu, 24 Oct 2024 13:22:33 GMT; Max-Age=86400; path=/; samesite=lax
set-cookie: laravel_session=eyJpdiI6ImFvb3dmQkxsY0FPbEZiMmhhYzZHL3c9PSIsInZhbHVlIjoiZ0ZFUDBqSjF0dXpzL3lMUG1TbTBFWDNPRU9SVXVvbnpNcm4xNXM5MEswVDBXczZwU2hnTkxSMm9GeXJ4YTN5VVdUSHpFc3NrSlNCTDZPZ3BNaFE1eW5yRkdrZVBiMUc2cTEyYndqNS9ZNUcvK1dzcUtyN3JtWlBqVVA2ZzBoS0EiLCJtYWMiOiIyOGY4NGJlM2VjNTBhOTU0ZmJhMjM2MDQxYzVmYWI5YjQ1MGYyMDljY2Q2YTQ1MDM3MWM5MGU5ZDdhMzM0NDdmIiwidGFnIjoiIn0%3D; expires=Thu, 24 Oct 2024 13:22:33 GMT; Max-Age=86400; path=/; httponly; samesite=lax
Keep-Alive: timeout=5, max=100
Connection: Keep-Alive
Transfer-Encoding: chunked

{
    "id": 16757,
    "created_at": "2024-10-21T08:49:13.000000Z",
    "updated_at": "2024-10-21T08:49:13.000000Z",
    "birth_date": "2023-10-21",
    "birth_date_edited": 0,
    "is_tribal": 0,
    "tribal_certificate": null,
    "kind_id": 7,
    "suit_id": 341,
    "breed_id": 430,
    "registration_ground_id": 1,
    "gender": 2,
    "keep_type_id": 3,
    "keep_purpose_id": 1,
    "keep_place_id": 10,
    "enterprise_id": 239,
    "count": 1,
    "name": "Олег",
    "deleted_at": null,
    "user_id": 72,
    "is_offspring": 0,
    "is_insemination": 0,
    "is_castrated": 0,
    "product_direction_id": 10,
    "number": "835519278768045",
    "twin_number": null,
    "is_group": 0,
    "guid": "9d4c129d-06bf-4a80-842d-c12295b33e69",
    "animal_parent_id": null,
    "is_super_group": 0,
    "is_mobile": 0,
    "first_marker_date": "2024-10-21 00:00:00",
    "cross_id": null,
    "from_group_id": null,
    "disposal_list_id": null,
    "supervised_object_id": 558,
    "withdraw_at": null,
    "withdraw_user_id": null,
    "age_group": {
        "id": 57,
        "name": "Молодняк (самки)",
        "gender": 2,
        "kind_id": 7,
        "age_from": 12,
        "age_to": 23,
        "is_castrated": 0,
        "is_aborted": 0,
        "is_reproducted": 0,
        "is_insemination": 0,
        "deleted_at": null
    },
    "age": {
        "in_hours": 8845,
        "in_days": 368,
        "in_months": 12,
        "in_years": 1,
        "human_1": "1 год",
        "human_2": "1 год 2 дня",
        "human_3": "1 год 2 дня 13 часов"
    },
    "can_birth_date_edit": true,
    "kind": {
        "id": 7,
        "name": "Олени",
        "is_active": 1,
        "sort": 6,
        "icon_url": "animal_icons/deer.svg",
        "deleted_at": null
    },
    "suit": {
        "id": 341,
        "name": "Черная",
        "kind_id": 7,
        "deleted_at": null
    },
    "breed": {
        "id": 430,
        "name": "Неизвестна",
        "kind_id": 7,
        "deleted_at": null
    },
    "registration_ground": {
        "id": 1,
        "name": "Заявление владельца",
        "sort": 1
    },
    "keep_type": {
        "id": 3,
        "name": "Отгонное содержание",
        "deleted_at": null
    },
    "keep_purpose": {
        "id": 1,
        "name": "Для получения подконтрольных госветнадзору товаров, предназначенных в пищу",
        "deleted_at": null,
        "sort": 1
    },
    "keep_place": {
        "id": 10,
        "name": "Пастбище",
        "deleted_at": null
    },
    "enterprise": {
        "id": 239,
        "created_at": "2023-12-12T11:52:40.000000Z",
        "updated_at": "2024-09-02T20:18:04.000000Z",
        "deleted_at": null,
        "name": "\"Навуходоносор\"",
        "uuid": "9ad4ab34-313c-41a4-90aa-23df439b50e2",
        "longitude": "36.0029098",
        "latitude": "53.4330830",
        "owner_id": 205,
        "enterprise_type_id": 26,
        "user_id": 77,
        "service_area_id": 52,
        "owner": {
            "id": 205,
            "created_at": "2024-01-11T14:09:14.000000Z",
            "updated_at": "2024-09-17T06:56:44.000000Z",
            "inn": "7736280232",
            "kpp": "772301006",
            "inn_kpp": "7736280232/772301006",
            "name": "Буль Галина  Бланковна",
            "phone": null,
            "email": null,
            "last_name": null,
            "first_name": null,
            "patronymic": null,
            "uuid": "9b113591-d760-4b93-b744-502f9ce3d34b",
            "user_id": 72,
            "legal_form_id": 1,
            "snils": "",
            "owner_addresses": [
                {
                    "id": 205,
                    "created_at": "2024-01-11T14:09:15.000000Z",
                    "updated_at": "2024-06-04T08:21:14.000000Z",
                    "full_address": "респ. Башкортостан, Уфимский р-н., с Ольховое",
                    "postal_code": null,
                    "country_code": null,
                    "region_code": "6f2cbfd8-692a-4ee4-9b16-067210bde3fc",
                    "district_code": "c7a81174-8d01-4ae6-83e6-386ae23ee629",
                    "locality_code": "710ce64a-8380-4bb5-9671-ee0db8898b06",
                    "sub_locality_code": null,
                    "pos_council_code": null,
                    "street_code": null,
                    "house": null,
                    "block": null,
                    "flat": null,
                    "owner_id": 205,
                    "address_type_id": 1,
                    "plan_structure_code": null
                }
            ],
            "legal_form": {
                "id": 1,
                "name": "Юридическое лицо"
            },
            "vetis_owner": null
        },
        "enterprise_addresses": [
            {
                "id": 239,
                "created_at": "2023-12-12T11:52:40.000000Z",
                "updated_at": "2023-12-12T11:52:40.000000Z",
                "full_address": "Орловская обл., Болховский р-н., г Болхов, д. 1",
                "postal_code": null,
                "country_code": null,
                "region_code": "5e465691-de23-4c4e-9f46-f35a125b5970",
                "district_code": "b3ccc7a9-8439-4686-a936-65a2b6212362",
                "locality_code": "4393f437-1a48-4083-bed9-ad3382fdad16",
                "sub_locality_code": null,
                "pos_council_code": null,
                "street_code": null,
                "house": "1",
                "block": null,
                "flat": null,
                "enterprise_id": 239,
                "address_type_id": 1,
                "comment": null,
                "plan_structure_code": null
            }
        ],
        "service_area": {
            "id": 52,
            "created_at": "2023-07-04T13:05:51.000000Z",
            "updated_at": "2023-07-04T13:05:51.000000Z",
            "name": "Территория 1",
            "uuid": "9990e4ed-8282-40f5-a3a7-5919cfb28ee7",
            "user_id": 1,
            "deleted_at": null,
            "organization_id": 66,
            "description": null
        }
    },
    "animal_pedigree": null,
    "product_direction": {
        "id": 10,
        "name": "Рабочее"
    },
    "animal_identifications": [
        {
            "id": 17577,
            "created_at": "2024-10-21T08:49:13.000000Z",
            "updated_at": "2024-10-21T08:49:13.000000Z",
            "animal_id": 16757,
            "user_id": 72,
            "marker_type_id": 3,
            "identification_reason_id": 1,
            "number": "835519278768045",
            "twin_number": null,
            "is_active": 1,
            "complect_number": null,
            "description": "Эл. метка 835519278768045",
            "marker_place_id": 39,
            "other_marker_place": null,
            "marker_date": "2024-10-21 00:00:00",
            "marker_type": {
                "id": 3,
                "name": "Эл. метка",
                "max": 15,
                "min": 15,
                "regexp": "/^[0-9]+$/",
                "priority": 4,
                "sort": 4,
                "is_only_group": 0,
                "deleted_at": null
            },
            "marker_place": {
                "id": 39,
                "name": "Середина внутренней части левого уха",
                "sort": 39,
                "guid": "7e71b713-12da-4103-9489-deba0f5b5ecd",
                "deleted_at": null,
                "is_only_group": 0
            }
        }
    ],
    "animal_import": null,
    "animal_birth_date_range": null,
    "cross": null,
    "animal_count_range": {
        "id": 16737,
        "animal_id": 16757,
        "count_from": 1,
        "count_to": 1,
        "count_male": 0,
        "count_female": 0
    },
    "user": {
        "id": 72,
        "name": "Чехов Петр Васильевич",
        "email": "cheh@p.v",
        "email_verified_at": null,
        "created_at": "2023-07-04T13:38:15.000000Z",
        "updated_at": "2023-10-20T12:54:46.000000Z",
        "organization_id": 66,
        "locale": "ru",
        "first_name": "Петр",
        "last_name": "Чехов",
        "patronymic": "Васильевич",
        "post": "ветеринарный специалист",
        "phone": "+7(546)546-34-53",
        "deleted_at": null,
        "avatar_content": null,
        "guid": "7cbb8ba4-db1d-4c7a-b083-6849725a330d",
        "organization": {
            "id": 66,
            "created_at": "2023-07-04T13:04:26.000000Z",
            "updated_at": "2024-10-08T07:46:46.000000Z",
            "name": "СББЖ Орловского района",
            "uuid": "9990e46c-e648-4eed-a011-a684a5124abb",
            "user_id": 80,
            "post": "директ2",
            "director_first_name": "Шумил",
            "director_second_name": "Василий",
            "director_patronymic": "Петрович",
            "phone": "+7(453)534-53-45",
            "email": "zel@shum.ru",
            "inn": "5678944444",
            "kpp": "567894444",
            "path": null,
            "description": "5 территорий",
            "okpo": null,
            "okved2": null,
            "oktmo": null,
            "okogu": null,
            "okopf": null,
            "okfs": null,
            "organization_id": 65,
            "deleted_at": null,
            "organization_type_id": 1,
            "drug_storage_org_setting_id": 15,
            "service_areas": [
                {
                    "id": 52,
                    "created_at": "2023-07-04T13:05:51.000000Z",
                    "updated_at": "2023-07-04T13:05:51.000000Z",
                    "name": "Территория 1",
                    "uuid": "9990e4ed-8282-40f5-a3a7-5919cfb28ee7",
                    "user_id": 1,
                    "deleted_at": null,
                    "organization_id": 66,
                    "description": null
                },
                {
                    "id": 53,
                    "created_at": "2023-07-04T13:06:00.000000Z",
                    "updated_at": "2023-07-04T13:06:00.000000Z",
                    "name": "Территория 2",
                    "uuid": "9990e4fb-97d1-48a6-8c41-37ada312ccc0",
                    "user_id": 1,
                    "deleted_at": null,
                    "organization_id": 66,
                    "description": null
                },
                {
                    "id": 57,
                    "created_at": "2023-07-07T07:12:15.000000Z",
                    "updated_at": "2023-07-07T07:12:15.000000Z",
                    "name": "Территория 3",
                    "uuid": "99966f6c-b3ae-4568-8611-49157d734353",
                    "user_id": 1,
                    "deleted_at": null,
                    "organization_id": 66,
                    "description": null
                },
                {
                    "id": 58,
                    "created_at": "2023-07-07T07:12:24.000000Z",
                    "updated_at": "2023-07-07T07:12:24.000000Z",
                    "name": "Территория 4",
                    "uuid": "99966f7a-8271-4eeb-9eed-0b8ebe67fb00",
                    "user_id": 1,
                    "deleted_at": null,
                    "organization_id": 66,
                    "description": null
                },
                {
                    "id": 59,
                    "created_at": "2023-07-07T07:12:32.000000Z",
                    "updated_at": "2023-07-07T07:12:32.000000Z",
                    "name": "Территория 5",
                    "uuid": "99966f86-44ce-4169-88ec-95d3957f7b26",
                    "user_id": 1,
                    "deleted_at": null,
                    "organization_id": 66,
                    "description": null
                },
                {
                    "id": 104,
                    "created_at": "2024-09-03T07:38:59.000000Z",
                    "updated_at": "2024-09-03T07:38:59.000000Z",
                    "name": "Территория 6",
                    "uuid": "9ceb6a42-57fb-4d30-938f-349b0dd2dba0",
                    "user_id": 1,
                    "deleted_at": null,
                    "organization_id": 66,
                    "description": null
                },
                {
                    "id": 105,
                    "created_at": "2024-09-04T11:44:44.000000Z",
                    "updated_at": "2024-09-04T11:44:44.000000Z",
                    "name": "Территория 7",
                    "uuid": "9cedc521-40ea-4856-9fca-3150e28538f5",
                    "user_id": 1,
                    "deleted_at": null,
                    "organization_id": 66,
                    "description": "Территория баранов"
                }
            ]
        },
        "vetis_setting": {
            "id": 4,
            "created_at": "2024-03-15T08:17:40.000000Z",
            "updated_at": "2024-08-19T15:43:33.000000Z",
            "login": "deblik-ag-240131REGAGRO",
            "user_id": 72
        }
    },
    "vetis_animal": null,
    "supervised_object": {
        "id": 558,
        "created_at": "2024-07-31T12:56:10.000000Z",
        "updated_at": "2024-08-08T05:51:47.000000Z",
        "owner_id": 205,
        "enterprise_id": 239,
        "name": "НКО Владимир",
        "number": null,
        "guid": "9ca7763a-9a7a-454b-8e07-2bab49058d1f",
        "vetis_guid": null,
        "deleted_at": null,
        "integrated_at": null,
        "integrated_count": null,
        "type_id": 11,
        "user_id": 77,
        "deleted_user_id": null,
        "last_sync_at": null,
        "owner": {
            "id": 205,
            "created_at": "2024-01-11T14:09:14.000000Z",
            "updated_at": "2024-09-17T06:56:44.000000Z",
            "inn": "7736280232",
            "kpp": "772301006",
            "inn_kpp": "7736280232/772301006",
            "name": "Буль Галина  Бланковна",
            "phone": null,
            "email": null,
            "last_name": null,
            "first_name": null,
            "patronymic": null,
            "uuid": "9b113591-d760-4b93-b744-502f9ce3d34b",
            "user_id": 72,
            "legal_form_id": 1,
            "snils": "",
            "owner_addresses": [
                {
                    "id": 205,
                    "created_at": "2024-01-11T14:09:15.000000Z",
                    "updated_at": "2024-06-04T08:21:14.000000Z",
                    "full_address": "респ. Башкортостан, Уфимский р-н., с Ольховое",
                    "postal_code": null,
                    "country_code": null,
                    "region_code": "6f2cbfd8-692a-4ee4-9b16-067210bde3fc",
                    "district_code": "c7a81174-8d01-4ae6-83e6-386ae23ee629",
                    "locality_code": "710ce64a-8380-4bb5-9671-ee0db8898b06",
                    "sub_locality_code": null,
                    "pos_council_code": null,
                    "street_code": null,
                    "house": null,
                    "block": null,
                    "flat": null,
                    "owner_id": 205,
                    "address_type_id": 1,
                    "plan_structure_code": null
                }
            ],
            "legal_form": {
                "id": 1,
                "name": "Юридическое лицо"
            },
            "vetis_owner": null
        }
    },
    "withdraw_user": null,
    "withdraw_application": null,
    "super_group": null
}
Request method:	GET
Request URI:	https://v3.dev.regagro.ru/ajax/animals/16757
Proxy:			<none>
Request params:	<none>
Query params:	<none>
Form params:	<none>
Path params:	<none>
Headers:		Cookie=laravel_session=eyJpdiI6InZ1QlNOQWUxbXFpRjR0UEpSSHdSOEE9PSIsInZhbHVlIjoieDAzbU5peGNpRjhHRVgrS1pCRkM0QWMxN0h2RmxkQ1JUSThGNC84S2YxVjYxb2kzWHoyQUk5dEFSM20wTkNqQnNhVWpiTCtUakg2eUtNaUswSUFTR3c2TUdyaEdWZnN1QWNIN3pIQ3JBYVpuZ3JrMEdMWXVpWk1CbGZVdzRwNWkiLCJtYWMiOiJjNTE2NTRhZjYzZmU4MTY3MWU2YWVmZTg0OWVjMGE1N2ZiODU4MWI4NTY3N2M2MzY4ZmE2OWEwY2Y4OGQ5MTBlIiwidGFnIjoiIn0%3D
				X-XSRF-TOKEN=eyJpdiI6IlhCREpLVzUwRE5rR2xacXIzclRTSkE9PSIsInZhbHVlIjoiYmdld3k5RzBjN1JtdnFTU0YrOG5CYUp5bmpWMXA0Y2c1a3FnNGhsU3lTZWxYWDRzWUwreUQxL1Q5UUxjKzJaSWJBS0h6R2daQ1lENHFoWkNoYko3Zk1SRzFSbDJYY2syMzl3b3lTRG5hMFQvYzhZSHVxZHI5bnl2bGM3SnZCalkiLCJtYWMiOiIzODg4NTI5ODVhYmY1ODZkMDQ2MDI0MmQzZmFmYTBjM2I1MzMwZmJmYTA4NDY2ZjYyZjNlMzBkNzEyNWI4MDRhIiwidGFnIjoiIn0%3D
				Accept=*/*
				Content-Type=application/json
Cookies:		<none>
Multiparts:		<none>
Body:			<none>
HTTP/1.1 200 OK
Date: Wed, 23 Oct 2024 13:22:34 GMT
Server: LiteSpeed
cache-control: no-cache, private
content-type: application/json
content-encoding: gzip
vary: Accept-Encoding
alt-svc: h3=":443"; ma=2592000, h3-29=":443"; ma=2592000, h3-Q050=":443"; ma=2592000, h3-Q046=":443"; ma=2592000, h3-Q043=":443"; ma=2592000, quic=":443"; ma=2592000; v="43,46"
set-cookie: XSRF-TOKEN=eyJpdiI6InFSZGo3N1pNemVUTkdaQ3NuN1BVSGc9PSIsInZhbHVlIjoieU00MGdHM2RKenZHU0RvWUNZVnFYaWxGWHpyQ3V5d1E2ZTNXb3QwSkdwTDlrcTd4UGlQbFBZbjhDbzNpSXBoNDg1a0lUcXQ2Vk53Z0c1dVFwMFB3bFVpOFMzK1BSL2VKay9DejdOcHY1cEh0dWx3TW9uZnk0QVQ3TnlUTElSbG0iLCJtYWMiOiIyNGNmYTQ2YzQ0OTM4ZWJlOTM4Yzk4NzFiNWVhZGNiMmJlZDIxYTZiMjI2NTU4MzRkNWNkMTY3ZmFjYTI5ODQzIiwidGFnIjoiIn0%3D; expires=Thu, 24 Oct 2024 13:22:34 GMT; Max-Age=86400; path=/; samesite=lax
set-cookie: laravel_session=eyJpdiI6IlE5M1krUzRsV2dZeE10ZHVLV2F3S1E9PSIsInZhbHVlIjoicCtyUmo0WG5lNVdwZ01oZFI3R2ViNWl2RGprK0s5T0lwcW9vTWdGRTBnekVIRTU3M0Y5N09tMk8zR0NNVDd0QXBtTHF4a2poUTEvdi90MVZDejRKYmt1WEc4cTNvazFldFd5YUdxWE03NHo4ZTFhd1MwY0dMTE9hSXZQeGk5aG8iLCJtYWMiOiJmZjAxOTBjNjkyNDcyZjNhMjM0NWMwMGNiYjgzMTAwZGE3MTJiYzU1NTc2NDY2YmQ0YjZhNTJhMmY3YzVmMGVjIiwidGFnIjoiIn0%3D; expires=Thu, 24 Oct 2024 13:22:34 GMT; Max-Age=86400; path=/; httponly; samesite=lax
Keep-Alive: timeout=5, max=100
Connection: Keep-Alive
Transfer-Encoding: chunked

{
    "id": 16757,
    "created_at": "2024-10-21T08:49:13.000000Z",
    "updated_at": "2024-10-21T08:49:13.000000Z",
    "birth_date": "2023-10-21",
    "birth_date_edited": 0,
    "is_tribal": 0,
    "tribal_certificate": null,
    "kind_id": 7,
    "suit_id": 341,
    "breed_id": 430,
    "registration_ground_id": 1,
    "gender": 2,
    "keep_type_id": 3,
    "keep_purpose_id": 1,
    "keep_place_id": 10,
    "enterprise_id": 239,
    "count": 1,
    "name": "Олег",
    "deleted_at": null,
    "user_id": 72,
    "is_offspring": 0,
    "is_insemination": 0,
    "is_castrated": 0,
    "product_direction_id": 10,
    "number": "835519278768045",
    "twin_number": null,
    "is_group": 0,
    "guid": "9d4c129d-06bf-4a80-842d-c12295b33e69",
    "animal_parent_id": null,
    "is_super_group": 0,
    "is_mobile": 0,
    "first_marker_date": "2024-10-21 00:00:00",
    "cross_id": null,
    "from_group_id": null,
    "disposal_list_id": null,
    "supervised_object_id": 558,
    "withdraw_at": null,
    "withdraw_user_id": null,
    "age_group": {
        "id": 57,
        "name": "Молодняк (самки)",
        "gender": 2,
        "kind_id": 7,
        "age_from": 12,
        "age_to": 23,
        "is_castrated": 0,
        "is_aborted": 0,
        "is_reproducted": 0,
        "is_insemination": 0,
        "deleted_at": null
    },
    "age": {
        "in_hours": 8845,
        "in_days": 368,
        "in_months": 12,
        "in_years": 1,
        "human_1": "1 год",
        "human_2": "1 год 2 дня",
        "human_3": "1 год 2 дня 13 часов"
    },
    "can_birth_date_edit": true,
    "kind": {
        "id": 7,
        "name": "Олени",
        "is_active": 1,
        "sort": 6,
        "icon_url": "animal_icons/deer.svg",
        "deleted_at": null
    },
    "suit": {
        "id": 341,
        "name": "Черная",
        "kind_id": 7,
        "deleted_at": null
    },
    "breed": {
        "id": 430,
        "name": "Неизвестна",
        "kind_id": 7,
        "deleted_at": null
    },
    "registration_ground": {
        "id": 1,
        "name": "Заявление владельца",
        "sort": 1
    },
    "keep_type": {
        "id": 3,
        "name": "Отгонное содержание",
        "deleted_at": null
    },
    "keep_purpose": {
        "id": 1,
        "name": "Для получения подконтрольных госветнадзору товаров, предназначенных в пищу",
        "deleted_at": null,
        "sort": 1
    },
    "keep_place": {
        "id": 10,
        "name": "Пастбище",
        "deleted_at": null
    },
    "enterprise": {
        "id": 239,
        "created_at": "2023-12-12T11:52:40.000000Z",
        "updated_at": "2024-09-02T20:18:04.000000Z",
        "deleted_at": null,
        "name": "\"Навуходоносор\"",
        "uuid": "9ad4ab34-313c-41a4-90aa-23df439b50e2",
        "longitude": "36.0029098",
        "latitude": "53.4330830",
        "owner_id": 205,
        "enterprise_type_id": 26,
        "user_id": 77,
        "service_area_id": 52,
        "owner": {
            "id": 205,
            "created_at": "2024-01-11T14:09:14.000000Z",
            "updated_at": "2024-09-17T06:56:44.000000Z",
            "inn": "7736280232",
            "kpp": "772301006",
            "inn_kpp": "7736280232/772301006",
            "name": "Буль Галина  Бланковна",
            "phone": null,
            "email": null,
            "last_name": null,
            "first_name": null,
            "patronymic": null,
            "uuid": "9b113591-d760-4b93-b744-502f9ce3d34b",
            "user_id": 72,
            "legal_form_id": 1,
            "snils": "",
            "owner_addresses": [
                {
                    "id": 205,
                    "created_at": "2024-01-11T14:09:15.000000Z",
                    "updated_at": "2024-06-04T08:21:14.000000Z",
                    "full_address": "респ. Башкортостан, Уфимский р-н., с Ольховое",
                    "postal_code": null,
                    "country_code": null,
                    "region_code": "6f2cbfd8-692a-4ee4-9b16-067210bde3fc",
                    "district_code": "c7a81174-8d01-4ae6-83e6-386ae23ee629",
                    "locality_code": "710ce64a-8380-4bb5-9671-ee0db8898b06",
                    "sub_locality_code": null,
                    "pos_council_code": null,
                    "street_code": null,
                    "house": null,
                    "block": null,
                    "flat": null,
                    "owner_id": 205,
                    "address_type_id": 1,
                    "plan_structure_code": null
                }
            ],
            "legal_form": {
                "id": 1,
                "name": "Юридическое лицо"
            },
            "vetis_owner": null
        },
        "enterprise_addresses": [
            {
                "id": 239,
                "created_at": "2023-12-12T11:52:40.000000Z",
                "updated_at": "2023-12-12T11:52:40.000000Z",
                "full_address": "Орловская обл., Болховский р-н., г Болхов, д. 1",
                "postal_code": null,
                "country_code": null,
                "region_code": "5e465691-de23-4c4e-9f46-f35a125b5970",
                "district_code": "b3ccc7a9-8439-4686-a936-65a2b6212362",
                "locality_code": "4393f437-1a48-4083-bed9-ad3382fdad16",
                "sub_locality_code": null,
                "pos_council_code": null,
                "street_code": null,
                "house": "1",
                "block": null,
                "flat": null,
                "enterprise_id": 239,
                "address_type_id": 1,
                "comment": null,
                "plan_structure_code": null
            }
        ],
        "service_area": {
            "id": 52,
            "created_at": "2023-07-04T13:05:51.000000Z",
            "updated_at": "2023-07-04T13:05:51.000000Z",
            "name": "Территория 1",
            "uuid": "9990e4ed-8282-40f5-a3a7-5919cfb28ee7",
            "user_id": 1,
            "deleted_at": null,
            "organization_id": 66,
            "description": null
        }
    },
    "animal_pedigree": null,
    "product_direction": {
        "id": 10,
        "name": "Рабочее"
    },
    "animal_identifications": [
        {
            "id": 17577,
            "created_at": "2024-10-21T08:49:13.000000Z",
            "updated_at": "2024-10-21T08:49:13.000000Z",
            "animal_id": 16757,
            "user_id": 72,
            "marker_type_id": 3,
            "identification_reason_id": 1,
            "number": "835519278768045",
            "twin_number": null,
            "is_active": 1,
            "complect_number": null,
            "description": "Эл. метка 835519278768045",
            "marker_place_id": 39,
            "other_marker_place": null,
            "marker_date": "2024-10-21 00:00:00",
            "marker_type": {
                "id": 3,
                "name": "Эл. метка",
                "max": 15,
                "min": 15,
                "regexp": "/^[0-9]+$/",
                "priority": 4,
                "sort": 4,
                "is_only_group": 0,
                "deleted_at": null
            },
            "marker_place": {
                "id": 39,
                "name": "Середина внутренней части левого уха",
                "sort": 39,
                "guid": "7e71b713-12da-4103-9489-deba0f5b5ecd",
                "deleted_at": null,
                "is_only_group": 0
            }
        }
    ],
    "animal_import": null,
    "animal_birth_date_range": null,
    "cross": null,
    "animal_count_range": {
        "id": 16737,
        "animal_id": 16757,
        "count_from": 1,
        "count_to": 1,
        "count_male": 0,
        "count_female": 0
    },
    "user": {
        "id": 72,
        "name": "Чехов Петр Васильевич",
        "email": "cheh@p.v",
        "email_verified_at": null,
        "created_at": "2023-07-04T13:38:15.000000Z",
        "updated_at": "2023-10-20T12:54:46.000000Z",
        "organization_id": 66,
        "locale": "ru",
        "first_name": "Петр",
        "last_name": "Чехов",
        "patronymic": "Васильевич",
        "post": "ветеринарный специалист",
        "phone": "+7(546)546-34-53",
        "deleted_at": null,
        "avatar_content": null,
        "guid": "7cbb8ba4-db1d-4c7a-b083-6849725a330d",
        "organization": {
            "id": 66,
            "created_at": "2023-07-04T13:04:26.000000Z",
            "updated_at": "2024-10-08T07:46:46.000000Z",
            "name": "СББЖ Орловского района",
            "uuid": "9990e46c-e648-4eed-a011-a684a5124abb",
            "user_id": 80,
            "post": "директ2",
            "director_first_name": "Шумил",
            "director_second_name": "Василий",
            "director_patronymic": "Петрович",
            "phone": "+7(453)534-53-45",
            "email": "zel@shum.ru",
            "inn": "5678944444",
            "kpp": "567894444",
            "path": null,
            "description": "5 территорий",
            "okpo": null,
            "okved2": null,
            "oktmo": null,
            "okogu": null,
            "okopf": null,
            "okfs": null,
            "organization_id": 65,
            "deleted_at": null,
            "organization_type_id": 1,
            "drug_storage_org_setting_id": 15,
            "service_areas": [
                {
                    "id": 52,
                    "created_at": "2023-07-04T13:05:51.000000Z",
                    "updated_at": "2023-07-04T13:05:51.000000Z",
                    "name": "Территория 1",
                    "uuid": "9990e4ed-8282-40f5-a3a7-5919cfb28ee7",
                    "user_id": 1,
                    "deleted_at": null,
                    "organization_id": 66,
                    "description": null
                },
                {
                    "id": 53,
                    "created_at": "2023-07-04T13:06:00.000000Z",
                    "updated_at": "2023-07-04T13:06:00.000000Z",
                    "name": "Территория 2",
                    "uuid": "9990e4fb-97d1-48a6-8c41-37ada312ccc0",
                    "user_id": 1,
                    "deleted_at": null,
                    "organization_id": 66,
                    "description": null
                },
                {
                    "id": 57,
                    "created_at": "2023-07-07T07:12:15.000000Z",
                    "updated_at": "2023-07-07T07:12:15.000000Z",
                    "name": "Территория 3",
                    "uuid": "99966f6c-b3ae-4568-8611-49157d734353",
                    "user_id": 1,
                    "deleted_at": null,
                    "organization_id": 66,
                    "description": null
                },
                {
                    "id": 58,
                    "created_at": "2023-07-07T07:12:24.000000Z",
                    "updated_at": "2023-07-07T07:12:24.000000Z",
                    "name": "Территория 4",
                    "uuid": "99966f7a-8271-4eeb-9eed-0b8ebe67fb00",
                    "user_id": 1,
                    "deleted_at": null,
                    "organization_id": 66,
                    "description": null
                },
                {
                    "id": 59,
                    "created_at": "2023-07-07T07:12:32.000000Z",
                    "updated_at": "2023-07-07T07:12:32.000000Z",
                    "name": "Территория 5",
                    "uuid": "99966f86-44ce-4169-88ec-95d3957f7b26",
                    "user_id": 1,
                    "deleted_at": null,
                    "organization_id": 66,
                    "description": null
                },
                {
                    "id": 104,
                    "created_at": "2024-09-03T07:38:59.000000Z",
                    "updated_at": "2024-09-03T07:38:59.000000Z",
                    "name": "Территория 6",
                    "uuid": "9ceb6a42-57fb-4d30-938f-349b0dd2dba0",
                    "user_id": 1,
                    "deleted_at": null,
                    "organization_id": 66,
                    "description": null
                },
                {
                    "id": 105,
                    "created_at": "2024-09-04T11:44:44.000000Z",
                    "updated_at": "2024-09-04T11:44:44.000000Z",
                    "name": "Территория 7",
                    "uuid": "9cedc521-40ea-4856-9fca-3150e28538f5",
                    "user_id": 1,
                    "deleted_at": null,
                    "organization_id": 66,
                    "description": "Территория баранов"
                }
            ]
        },
        "vetis_setting": {
            "id": 4,
            "created_at": "2024-03-15T08:17:40.000000Z",
            "updated_at": "2024-08-19T15:43:33.000000Z",
            "login": "deblik-ag-240131REGAGRO",
            "user_id": 72
        }
    },
    "vetis_animal": null,
    "supervised_object": {
        "id": 558,
        "created_at": "2024-07-31T12:56:10.000000Z",
        "updated_at": "2024-08-08T05:51:47.000000Z",
        "owner_id": 205,
        "enterprise_id": 239,
        "name": "НКО Владимир",
        "number": null,
        "guid": "9ca7763a-9a7a-454b-8e07-2bab49058d1f",
        "vetis_guid": null,
        "deleted_at": null,
        "integrated_at": null,
        "integrated_count": null,
        "type_id": 11,
        "user_id": 77,
        "deleted_user_id": null,
        "last_sync_at": null,
        "owner": {
            "id": 205,
            "created_at": "2024-01-11T14:09:14.000000Z",
            "updated_at": "2024-09-17T06:56:44.000000Z",
            "inn": "7736280232",
            "kpp": "772301006",
            "inn_kpp": "7736280232/772301006",
            "name": "Буль Галина  Бланковна",
            "phone": null,
            "email": null,
            "last_name": null,
            "first_name": null,
            "patronymic": null,
            "uuid": "9b113591-d760-4b93-b744-502f9ce3d34b",
            "user_id": 72,
            "legal_form_id": 1,
            "snils": "",
            "owner_addresses": [
                {
                    "id": 205,
                    "created_at": "2024-01-11T14:09:15.000000Z",
                    "updated_at": "2024-06-04T08:21:14.000000Z",
                    "full_address": "респ. Башкортостан, Уфимский р-н., с Ольховое",
                    "postal_code": null,
                    "country_code": null,
                    "region_code": "6f2cbfd8-692a-4ee4-9b16-067210bde3fc",
                    "district_code": "c7a81174-8d01-4ae6-83e6-386ae23ee629",
                    "locality_code": "710ce64a-8380-4bb5-9671-ee0db8898b06",
                    "sub_locality_code": null,
                    "pos_council_code": null,
                    "street_code": null,
                    "house": null,
                    "block": null,
                    "flat": null,
                    "owner_id": 205,
                    "address_type_id": 1,
                    "plan_structure_code": null
                }
            ],
            "legal_form": {
                "id": 1,
                "name": "Юридическое лицо"
            },
            "vetis_owner": null
        }
    },
    "withdraw_user": null,
    "withdraw_application": null,
    "super_group": null
}
Request method:	GET
Request URI:	https://v3.dev.regagro.ru/ajax/animals/15354
Proxy:			<none>
Request params:	<none>
Query params:	<none>
Form params:	<none>
Path params:	<none>
Headers:		Cookie=laravel_session=eyJpdiI6InZ1QlNOQWUxbXFpRjR0UEpSSHdSOEE9PSIsInZhbHVlIjoieDAzbU5peGNpRjhHRVgrS1pCRkM0QWMxN0h2RmxkQ1JUSThGNC84S2YxVjYxb2kzWHoyQUk5dEFSM20wTkNqQnNhVWpiTCtUakg2eUtNaUswSUFTR3c2TUdyaEdWZnN1QWNIN3pIQ3JBYVpuZ3JrMEdMWXVpWk1CbGZVdzRwNWkiLCJtYWMiOiJjNTE2NTRhZjYzZmU4MTY3MWU2YWVmZTg0OWVjMGE1N2ZiODU4MWI4NTY3N2M2MzY4ZmE2OWEwY2Y4OGQ5MTBlIiwidGFnIjoiIn0%3D
				X-XSRF-TOKEN=eyJpdiI6IlhCREpLVzUwRE5rR2xacXIzclRTSkE9PSIsInZhbHVlIjoiYmdld3k5RzBjN1JtdnFTU0YrOG5CYUp5bmpWMXA0Y2c1a3FnNGhsU3lTZWxYWDRzWUwreUQxL1Q5UUxjKzJaSWJBS0h6R2daQ1lENHFoWkNoYko3Zk1SRzFSbDJYY2syMzl3b3lTRG5hMFQvYzhZSHVxZHI5bnl2bGM3SnZCalkiLCJtYWMiOiIzODg4NTI5ODVhYmY1ODZkMDQ2MDI0MmQzZmFmYTBjM2I1MzMwZmJmYTA4NDY2ZjYyZjNlMzBkNzEyNWI4MDRhIiwidGFnIjoiIn0%3D
				Accept=*/*
				Content-Type=application/json
Cookies:		<none>
Multiparts:		<none>
Body:			<none>
HTTP/1.1 200 OK
Date: Wed, 23 Oct 2024 13:23:19 GMT
Server: LiteSpeed
cache-control: no-cache, private
content-type: application/json
content-encoding: gzip
vary: Accept-Encoding
alt-svc: h3=":443"; ma=2592000, h3-29=":443"; ma=2592000, h3-Q050=":443"; ma=2592000, h3-Q046=":443"; ma=2592000, h3-Q043=":443"; ma=2592000, quic=":443"; ma=2592000; v="43,46"
set-cookie: XSRF-TOKEN=eyJpdiI6ImJhbkI3L2VKcE1saHdBV2xuR3M3S0E9PSIsInZhbHVlIjoiM2RRbGUzb25vdERHbTNod09PSmZ1LzQxT04vK21ZV3Z5YXF4V04vcTRhcnlsNkJKSHQwSW5YRkRjeDZJS0d6cDE4NEZ5TlBtMmZXYWExdjRva3lMMVEwTFMyQXlLVHV4bmFuWUpZRjJGL3RSMUZOSUZuaE5nTmM1ek5qM0FRWWwiLCJtYWMiOiJmMzhhMzVhOTFjNTgzZDhiOTE5MDk1Y2UzMDlmMzg2OWM1YWJlYTM2OGU3NTYyNDJjN2UwNzE3MmJkNWNiOWFhIiwidGFnIjoiIn0%3D; expires=Thu, 24 Oct 2024 13:23:19 GMT; Max-Age=86400; path=/; samesite=lax
set-cookie: laravel_session=eyJpdiI6IkcyR2FOdzVrc1g3bHBueFczN2ZNdGc9PSIsInZhbHVlIjoiLy9jMGp5RGJhZmZsNEF5ak5HZFBPalphY1NIR3l4RXdQWWorb3h1MVZYaVFMbVJtd0Z4d1E2NTd4ZS9wbnVwRTE2L1JjbGxQdFdnWE11MHJBclpZNlZ1YTlqRGtSQS9WeTQ3NVZISWhLR3B5Z2g3dm9Bck95NDdNZzh6aFJObWgiLCJtYWMiOiI2NTNmZWEwOTY0MGY5MjIyMWZiMzMyMmI3Mzc4MTliNjRiZDZhYzNlOGJhMjBlMWNlZDdhMDJhZjdhYzM4MzBiIiwidGFnIjoiIn0%3D; expires=Thu, 24 Oct 2024 13:23:19 GMT; Max-Age=86400; path=/; httponly; samesite=lax
Keep-Alive: timeout=5, max=100
Connection: Keep-Alive
Transfer-Encoding: chunked

{
    "id": 15354,
    "created_at": "2024-07-09T11:11:20.000000Z",
    "updated_at": "2024-07-09T11:11:20.000000Z",
    "birth_date": "2022-09-09",
    "birth_date_edited": 0,
    "is_tribal": 0,
    "tribal_certificate": null,
    "kind_id": 19,
    "suit_id": 141,
    "breed_id": 442,
    "registration_ground_id": 1,
    "gender": 1,
    "keep_type_id": 14,
    "keep_purpose_id": 1,
    "keep_place_id": 7,
    "enterprise_id": 239,
    "count": 1,
    "name": "Ирина",
    "deleted_at": null,
    "user_id": 72,
    "is_offspring": 0,
    "is_insemination": 0,
    "is_castrated": 0,
    "product_direction_id": 2,
    "number": "494333662316917",
    "twin_number": null,
    "is_group": 0,
    "guid": "9c7b0f16-affe-4954-8a66-000cfef85289",
    "animal_parent_id": null,
    "is_super_group": 0,
    "is_mobile": 0,
    "first_marker_date": "2024-02-09 00:00:00",
    "cross_id": null,
    "from_group_id": null,
    "disposal_list_id": null,
    "supervised_object_id": 238,
    "withdraw_at": null,
    "withdraw_user_id": null,
    "age_group": {
        "id": 101,
        "name": "Петух",
        "gender": 1,
        "kind_id": 19,
        "age_from": 7,
        "age_to": 9999,
        "is_castrated": 0,
        "is_aborted": 0,
        "is_reproducted": 0,
        "is_insemination": 0,
        "deleted_at": null
    },
    "age": {
        "in_hours": 18613,
        "in_days": 775,
        "in_months": 25,
        "in_years": 2,
        "human_1": "2 года",
        "human_2": "2 года 1 месяц",
        "human_3": "2 года 1 месяц 2 недели"
    },
    "can_birth_date_edit": true,
    "kind": {
        "id": 19,
        "name": "Куры",
        "is_active": 1,
        "sort": 19,
        "icon_url": "animal_icons/chicken.svg",
        "deleted_at": null
    },
    "suit": {
        "id": 141,
        "name": "Черная",
        "kind_id": 19,
        "deleted_at": null
    },
    "breed": {
        "id": 442,
        "name": "Неизвестна",
        "kind_id": 19,
        "deleted_at": null
    },
    "registration_ground": {
        "id": 1,
        "name": "Заявление владельца",
        "sort": 1
    },
    "keep_type": {
        "id": 14,
        "name": "Содержание в закрытом помещении без выгула",
        "deleted_at": null
    },
    "keep_purpose": {
        "id": 1,
        "name": "Для получения подконтрольных госветнадзору товаров, предназначенных в пищу",
        "deleted_at": null,
        "sort": 1
    },
    "keep_place": {
        "id": 7,
        "name": "Хозяйственное строение",
        "deleted_at": null
    },
    "enterprise": {
        "id": 239,
        "created_at": "2023-12-12T11:52:40.000000Z",
        "updated_at": "2024-09-02T20:18:04.000000Z",
        "deleted_at": null,
        "name": "\"Навуходоносор\"",
        "uuid": "9ad4ab34-313c-41a4-90aa-23df439b50e2",
        "longitude": "36.0029098",
        "latitude": "53.4330830",
        "owner_id": 205,
        "enterprise_type_id": 26,
        "user_id": 77,
        "service_area_id": 52,
        "owner": {
            "id": 205,
            "created_at": "2024-01-11T14:09:14.000000Z",
            "updated_at": "2024-09-17T06:56:44.000000Z",
            "inn": "7736280232",
            "kpp": "772301006",
            "inn_kpp": "7736280232/772301006",
            "name": "Буль Галина  Бланковна",
            "phone": null,
            "email": null,
            "last_name": null,
            "first_name": null,
            "patronymic": null,
            "uuid": "9b113591-d760-4b93-b744-502f9ce3d34b",
            "user_id": 72,
            "legal_form_id": 1,
            "snils": "",
            "owner_addresses": [
                {
                    "id": 205,
                    "created_at": "2024-01-11T14:09:15.000000Z",
                    "updated_at": "2024-06-04T08:21:14.000000Z",
                    "full_address": "респ. Башкортостан, Уфимский р-н., с Ольховое",
                    "postal_code": null,
                    "country_code": null,
                    "region_code": "6f2cbfd8-692a-4ee4-9b16-067210bde3fc",
[...]
        "updated_at": "2024-08-08T05:51:47.000000Z",
        "owner_id": 184,
        "enterprise_id": 239,
        "name": "Объект ООО \"НЕРАЛ-ПРОДУКТ\" ",
        "number": "9b6e4063-2420-4baf-96a5-ac964b52ba2b",
        "guid": "9b6e4063-2425-4b70-be14-12eac56b4e27",
        "vetis_guid": "b837b9cf-9ce1-4734-95a9-0e4d36995058",
        "deleted_at": null,
        "integrated_at": null,
        "integrated_count": null,
        "type_id": 4,
        "user_id": 77,
        "deleted_user_id": null,
        "last_sync_at": null,
        "owner": {
            "id": 184,
            "created_at": "2023-10-03T06:55:30.000000Z",
            "updated_at": "2024-08-06T10:34:41.000000Z",
            "inn": "1254365210",
            "kpp": "222255511",
            "inn_kpp": "1254365210/222255511",
            "name": "Тестовый владелец ",
            "phone": null,
            "email": null,
            "last_name": "Тестовый",
            "first_name": "владелец",
            "patronymic": null,
            "uuid": "9a47700a-0391-4507-800d-80c8fb84416e",
            "user_id": 72,
            "legal_form_id": 1,
            "snils": "",
            "owner_addresses": [
                {
                    "id": 184,
                    "created_at": "2023-10-03T06:55:30.000000Z",
                    "updated_at": "2024-08-06T10:31:14.000000Z",
                    "full_address": "респ. Коми, г Воркута, ул Капитальная",
                    "postal_code": "430010",
                    "country_code": null,
                    "region_code": "c20180d9-ad9c-46d1-9eff-d60bc424592a",
                    "district_code": null,
                    "locality_code": "e0bf9ea3-7cbf-4b13-95f1-32c3ee9b3ae5",
                    "sub_locality_code": null,
                    "pos_council_code": null,
                    "street_code": "2d8f0484-1e7f-4a53-aaee-b76de1ce0731",
                    "house": null,
                    "block": null,
                    "flat": null,
                    "owner_id": 184,
                    "address_type_id": 1,
                    "plan_structure_code": null
                }
            ],
            "legal_form": {
                "id": 1,
                "name": "Юридическое лицо"
            },
            "vetis_owner": null
        }
    },
    "withdraw_user": null,
    "withdraw_application": null,
    "super_group": null
}
Request method:	GET
Request URI:	https://v3.dev.regagro.ru/ajax/animals/13913
Proxy:			<none>
Request params:	<none>
Query params:	<none>
Form params:	<none>
Path params:	<none>
Headers:		Cookie=laravel_session=eyJpdiI6InZ1QlNOQWUxbXFpRjR0UEpSSHdSOEE9PSIsInZhbHVlIjoieDAzbU5peGNpRjhHRVgrS1pCRkM0QWMxN0h2RmxkQ1JUSThGNC84S2YxVjYxb2kzWHoyQUk5dEFSM20wTkNqQnNhVWpiTCtUakg2eUtNaUswSUFTR3c2TUdyaEdWZnN1QWNIN3pIQ3JBYVpuZ3JrMEdMWXVpWk1CbGZVdzRwNWkiLCJtYWMiOiJjNTE2NTRhZjYzZmU4MTY3MWU2YWVmZTg0OWVjMGE1N2ZiODU4MWI4NTY3N2M2MzY4ZmE2OWEwY2Y4OGQ5MTBlIiwidGFnIjoiIn0%3D
				X-XSRF-TOKEN=eyJpdiI6IlhCREpLVzUwRE5rR2xacXIzclRTSkE9PSIsInZhbHVlIjoiYmdld3k5RzBjN1JtdnFTU0YrOG5CYUp5bmpWMXA0Y2c1a3FnNGhsU3lTZWxYWDRzWUwreUQxL1Q5UUxjKzJaSWJBS0h6R2daQ1lENHFoWkNoYko3Zk1SRzFSbDJYY2syMzl3b3lTRG5hMFQvYzhZSHVxZHI5bnl2bGM3SnZCalkiLCJtYWMiOiIzODg4NTI5ODVhYmY1ODZkMDQ2MDI0MmQzZmFmYTBjM2I1MzMwZmJmYTA4NDY2ZjYyZjNlMzBkNzEyNWI4MDRhIiwidGFnIjoiIn0%3D
				Accept=*/*
				Content-Type=application/json
Cookies:		<none>
Multiparts:		<none>
Body:			<none>
HTTP/1.1 200 OK
Date: Wed, 23 Oct 2024 13:24:06 GMT
Server: LiteSpeed
cache-control: no-cache, private
content-type: application/json
content-encoding: gzip
vary: Accept-Encoding
alt-svc: h3=":443"; ma=2592000, h3-29=":443"; ma=2592000, h3-Q050=":443"; ma=2592000, h3-Q046=":443"; ma=2592000, h3-Q043=":443"; ma=2592000, quic=":443"; ma=2592000; v="43,46"
set-cookie: XSRF-TOKEN=eyJpdiI6Im5qYkRxNWltNEgra0FmZk0yRTJyRWc9PSIsInZhbHVlIjoiQ2ZLMG53ZHdMZ2VReDh4d2s5NWZ5TS9ZelhBYVlhTHpaakdzeHY3Q1ROMlBDZXphbnQwZmhXQ0Y5RXFCR3Zlb3NycFF1V1o0Q0ZIVXJZME1Nd1plbHpDeVNyc1hqTjVNLytDOXdhK2RlVzBzSXhCZFZKMkg1cTBMcWZMcVVMWloiLCJtYWMiOiIxNjA4ZWY5NTAwOGZlYWM0MTE0Y2I3ZGI3MjNkMzA4NGU0ZWVmZjI1OTZhYmY1MjQ2YzIwNzIzODcyZGE2YmNkIiwidGFnIjoiIn0%3D; expires=Thu, 24 Oct 2024 13:24:06 GMT; Max-Age=86400; path=/; samesite=lax
set-cookie: laravel_session=eyJpdiI6IjVmcGxhenJTei90dERjVk9OM1Y3aUE9PSIsInZhbHVlIjoiVUQxc3JHZEluYmtzbi9SRURMZG5ZUDU3QkJ3WUJRYUMydkdUOXFlS2twejhBWkw3U3FPTEEyOWRUV2pYdU8zZWdXckhkSFQwSFNSKzJjUzJDTkdBMHo2TWZKdUxuVm4vS1Z5MWVzREtoNDZ3bVlpanlTRWQ3THZvdnpQNjNlOFQiLCJtYWMiOiJjN2Y1ZTJlMWU5Y2JkYTM2YTRhNGE5MDFlNWE2MGIyYTA1YTY2ZWE0ZDdmM2YyZjY2OGJiNDE1ZWNlZTQ2MWY4IiwidGFnIjoiIn0%3D; expires=Thu, 24 Oct 2024 13:24:06 GMT; Max-Age=86400; path=/; httponly; samesite=lax
Keep-Alive: timeout=5, max=100
Connection: Keep-Alive
Transfer-Encoding: chunked

{
    "id": 13913,
    "created_at": "2024-02-22T06:49:07.000000Z",
    "updated_at": "2024-02-22T06:49:07.000000Z",
    "birth_date": "2023-01-22",
    "birth_date_edited": 0,
    "is_tribal": 0,
    "tribal_certificate": null,
    "kind_id": 4,
    "suit_id": 382,
    "breed_id": 427,
    "registration_ground_id": 1,
    "gender": 3,
    "keep_type_id": 20,
    "keep_purpose_id": 1,
    "keep_place_id": 4,
    "enterprise_id": 239,
    "count": 1,
    "name": null,
    "deleted_at": null,
    "user_id": 77,
    "is_offspring": 0,
    "is_insemination": 0,
    "is_castrated": 0,
    "product_direction_id": 8,
    "number": "44588943",
    "twin_number": null,
    "is_group": 1,
    "guid": "9b651580-24df-48a9-a7d0-d1f94dabdf80",
    "animal_parent_id": null,
    "is_super_group": 0,
    "is_mobile": 0,
    "first_marker_date": "2024-02-22 00:00:00",
    "cross_id": null,
    "from_group_id": null,
    "disposal_list_id": null,
    "supervised_object_id": 238,
    "withdraw_at": null,
    "withdraw_user_id": null,
    "age_group": null,
    "age": {
        "in_hours": [
            15373,
            15373
        ],
        "in_days": [
            640,
            640
        ],
        "in_months": [
            21,
            21
        ],
        "in_years": [
            1,
            1
        ],
        "human_1": "1 год - 1 год",
        "human_2": "1 год - 1 год",
        "human_3": "1 год - 1 год"
    },
    "can_birth_date_edit": true,
    "kind": {
        "id": 4,
        "name": "Пчёлы",
        "is_active": 1,
        "sort": 9,
        "icon_url": "animal_icons/bee.svg",
        "deleted_at": null
    },
    "suit": {
        "id": 382,
        "name": "Рыжая",
        "kind_id": 4,
        "deleted_at": null
    },
    "breed": {
        "id": 427,
        "name": "Неизвестна",
        "kind_id": 4,
        "deleted_at": null
    },
    "registration_ground": {
        "id": 1,
        "name": "Заявление владельца",
        "sort": 1
    },
    "keep_type": {
        "id": 20,
        "name": "Кассетный",
        "deleted_at": "2024-02-28T00:00:00.000000Z"
    },
    "keep_purpose": {
        "id": 1,
        "name": "Для получения подконтрольных госветнадзору товаров, предназначенных в пищу",
        "deleted_at": null,
        "sort": 1
    },
    "keep_place": {
        "id": 4,
        "name": "Улей",
        "deleted_at": null
    },
    "enterprise": {
        "id": 239,
        "created_at": "2023-12-12T11:52:40.000000Z",
        "updated_at": "2024-09-02T20:18:04.000000Z",
        "deleted_at": null,
        "name": "\"Навуходоносор\"",
        "uuid": "9ad4ab34-313c-41a4-90aa-23df439b50e2",
        "longitude": "36.0029098",
        "latitude": "53.4330830",
        "owner_id": 205,
        "enterprise_type_id": 26,
        "user_id": 77,
        "service_area_id": 52,
        "owner": {
            "id": 205,
            "created_at": "2024-01-11T14:09:14.000000Z",
            "updated_at": "2024-09-17T06:56:44.000000Z",
            "inn": "7736280232",
            "kpp": "772301006",
            "inn_kpp": "7736280232/772301006",
            "name": "Буль Галина  Бланковна",
            "phone": null,
            "email": null,
            "last_name": null,
            "first_name": null,
            "patronymic": null,
            "uuid": "9b113591-d760-4b93-b744-502f9ce3d34b",
            "user_id": 72,
            "legal_form_id": 1,
            "snils": "",
            "owner_addresses": [
                {
                    "id": 205,
                    "created_at": "2024-01-11T14:09:15.000000Z",
                    "updated_at": "2024-06-04T08:21:14.000000Z",
                    "full_address": "респ. Башкортостан, Уфимский р-н., с Ольховое",
                    "postal_code": null,
                    "country_code": null,
                    "region_code": "6f2cbfd8-692a-4ee4-9b16-067210bde3fc",
                    "district_code": "c7a81174-8d01-4ae6-83e6-386ae23ee629",
                    "locality_code": "710ce64a-8380-4bb5-9671-ee0db8898b06",
                    "sub_locality_code": null,
                    "pos_council_code": null,
                    "street_code": null,
                    "house": null,
                    "block": null,
                    "flat": null,
                    "owner_id": 205,
                    "address_type_id": 1,
                    "plan_structure_code": null
                }
            ],
            "legal_form": {
                "id": 1,
                "name": "Юридическое лицо"
            },
            "vetis_owner": null
        },
        "enterprise_addresses": [
            {
                "id": 239,
                "created_at": "2023-12-12T11:52:40.000000Z",
                "updated_at": "2023-12-12T11:52:40.000000Z",
                "full_address": "Орловская обл., Болховский р-н., г Болхов, д. 1",
                "postal_code": null,
                "country_code": null,
                "region_code": "5e465691-de23-4c4e-9f46-f35a125b5970",
                "district_code": "b3ccc7a9-8439-4686-a936-65a2b6212362",
                "locality_code": "4393f437-1a48-4083-bed9-ad3382fdad16",
                "sub_locality_code": null,
                "pos_council_code": null,
                "street_code": null,
                "house": "1",
                "block": null,
                "flat": null,
                "enterprise_id": 239,
                "address_type_id": 1,
                "comment": null,
                "plan_structure_code": null
            }
        ],
        "service_area": {
            "id": 52,
            "created_at": "2023-07-04T13:05:51.000000Z",
            "updated_at": "2023-07-04T13:05:51.000000Z",
            "name": "Территория 1",
            "uuid": "9990e4ed-8282-40f5-a3a7-5919cfb28ee7",
            "user_id": 1,
            "deleted_at": null,
            "organization_id": 66,
            "description": null
        }
    },
    "animal_pedigree": null,
    "product_direction": {
        "id": 8,
        "name": "Пчеловодство"
    },
    "animal_identifications": [
        {
            "id": 14520,
            "created_at": "2024-02-22T06:49:07.000000Z",
            "updated_at": "2024-04-19T08:10:15.000000Z",
            "animal_id": 13913,
            "user_id": 77,
            "marker_type_id": 13,
            "identification_reason_id": 1,
            "number": "44588943",
            "twin_number": null,
            "is_active": 1,
            "complect_number": null,
            "description": "Табло",
            "marker_place_id": 35,
            "other_marker_place": null,
            "marker_date": "2024-02-22 00:00:00",
            "marker_type": {
                "id": 13,
                "name": "Табло",
                "max": 11,
                "min": 11,
                "regexp": "/^RU2[a-z0-9]+$/",
                "priority": 14,
                "sort": 14,
                "is_only_group": 1,
                "deleted_at": null
            },
            "marker_place": {
                "id": 35,
                "name": "Внешняя стенка места содержания",
                "sort": 35,
                "guid": "06897efd-e9d4-4fb6-a1ff-db6505caa23d",
                "deleted_at": null,
                "is_only_group": 1
            }
        }
    ],
    "animal_import": null,
    "animal_birth_date_range": {
        "id": 533,
        "animal_id": 13913,
        "date_from": "2023-01-22",
        "date_to": "2023-01-22"
    },
    "cross": null,
    "animal_count_range": {
        "id": 13897,
        "animal_id": 13913,
        "count_from": 1,
        "count_to": 1,
        "count_male": 0,
        "count_female": 0
    },
    "user": {
        "id": 77,
        "name": "Тургенев Павел Сергеевич",
        "email": "tur@tur.tur",
        "email_verified_at": null,
        "created_at": "2023-07-10T06:01:34.000000Z",
        "updated_at": "2024-01-21T13:28:43.000000Z",
        "organization_id": 66,
        "locale": "ru",
        "first_name": "Павел",
        "last_name": "Тургенев",
        "patronymic": "Сергеевич",
        "post": "ветеринар",
        "phone": "+7(234)346-77-63",
        "deleted_at": null,
        "avatar_content": null,
        "guid": "744d8201-961f-46ce-b7cf-dc9abff385d1",
        "organization": {
            "id": 66,
            "created_at": "2023-07-04T13:04:26.000000Z",
            "updated_at": "2024-10-08T07:46:46.000000Z",
            "name": "СББЖ Орловского района",
            "uuid": "9990e46c-e648-4eed-a011-a684a5124abb",
            "user_id": 80,
            "post": "директ2",
            "director_first_name": "Шумил",
            "director_second_name": "Василий",
            "director_patronymic": "Петрович",
            "phone": "+7(453)534-53-45",
            "email": "zel@shum.ru",
            "inn": "5678944444",
            "kpp": "567894444",
            "path": null,
            "description": "5 территорий",
            "okpo": null,
            "okved2": null,
            "oktmo": null,
            "okogu": null,
            "okopf": null,
            "okfs": null,
            "organization_id": 65,
            "deleted_at": null,
            "organization_type_id": 1,
            "drug_storage_org_setting_id": 15,
            "service_areas": [
                {
                    "id": 52,
                    "created_at": "2023-07-04T13:05:51.000000Z",
                    "updated_at": "2023-07-04T13:05:51.000000Z",
                    "name": "Территория 1",
                    "uuid": "9990e4ed-8282-40f5-a3a7-5919cfb28ee7",
                    "user_id": 1,
                    "deleted_at": null,
                    "organization_id": 66,
                    "description": null
                },
                {
                    "id": 53,
                    "created_at": "2023-07-04T13:06:00.000000Z",
                    "updated_at": "2023-07-04T13:06:00.000000Z",
                    "name": "Территория 2",
                    "uuid": "9990e4fb-97d1-48a6-8c41-37ada312ccc0",
                    "user_id": 1,
                    "deleted_at": null,
                    "organization_id": 66,
                    "description": null
                },
                {
                    "id": 57,
                    "created_at": "2023-07-07T07:12:15.000000Z",
                    "updated_at": "2023-07-07T07:12:15.000000Z",
                    "name": "Территория 3",
                    "uuid": "99966f6c-b3ae-4568-8611-49157d734353",
                    "user_id": 1,
                    "deleted_at": null,
                    "organization_id": 66,
                    "description": null
                },
                {
                    "id": 58,
                    "created_at": "2023-07-07T07:12:24.000000Z",
                    "updated_at": "2023-07-07T07:12:24.000000Z",
                    "name": "Территория 4",
                    "uuid": "99966f7a-8271-4eeb-9eed-0b8ebe67fb00",
                    "user_id": 1,
                    "deleted_at": null,
                    "organization_id": 66,
                    "description": null
                },
                {
                    "id": 59,
                    "created_at": "2023-07-07T07:12:32.000000Z",
                    "updated_at": "2023-07-07T07:12:32.000000Z",
                    "name": "Территория 5",
                    "uuid": "99966f86-44ce-4169-88ec-95d3957f7b26",
                    "user_id": 1,
                    "deleted_at": null,
                    "organization_id": 66,
                    "description": null
                },
                {
                    "id": 104,
                    "created_at": "2024-09-03T07:38:59.000000Z",
                    "updated_at": "2024-09-03T07:38:59.000000Z",
                    "name": "Территория 6",
                    "uuid": "9ceb6a42-57fb-4d30-938f-349b0dd2dba0",
                    "user_id": 1,
                    "deleted_at": null,
                    "organization_id": 66,
                    "description": null
                },
                {
                    "id": 105,
                    "created_at": "2024-09-04T11:44:44.000000Z",
                    "updated_at": "2024-09-04T11:44:44.000000Z",
                    "name": "Территория 7",
                    "uuid": "9cedc521-40ea-4856-9fca-3150e28538f5",
                    "user_id": 1,
                    "deleted_at": null,
                    "organization_id": 66,
                    "description": "Территория баранов"
                }
            ]
        },
        "vetis_setting": null
    },
    "vetis_animal": null,
    "supervised_object": {
        "id": 238,
        "created_at": null,
        "updated_at": "2024-08-08T05:51:47.000000Z",
        "owner_id": 184,
        "enterprise_id": 239,
        "name": "Объект ООО \"НЕРАЛ-ПРОДУКТ\" ",
        "number": "9b6e4063-2420-4baf-96a5-ac964b52ba2b",
        "guid": "9b6e4063-2425-4b70-be14-12eac56b4e27",
        "vetis_guid": "b837b9cf-9ce1-4734-95a9-0e4d36995058",
        "deleted_at": null,
        "integrated_at": null,
        "integrated_count": null,
        "type_id": 4,
        "user_id": 77,
        "deleted_user_id": null,
        "last_sync_at": null,
        "owner": {
            "id": 184,
            "created_at": "2023-10-03T06:55:30.000000Z",
            "updated_at": "2024-08-06T10:34:41.000000Z",
            "inn": "1254365210",
            "kpp": "222255511",
            "inn_kpp": "1254365210/222255511",
            "name": "Тестовый владелец ",
            "phone": null,
            "email": null,
            "last_name": "Тестовый",
            "first_name": "владелец",
            "patronymic": null,
            "uuid": "9a47700a-0391-4507-800d-80c8fb84416e",
            "user_id": 72,
            "legal_form_id": 1,
            "snils": "",
            "owner_addresses": [
                {
                    "id": 184,
                    "created_at": "2023-10-03T06:55:30.000000Z",
                    "updated_at": "2024-08-06T10:31:14.000000Z",
                    "full_address": "респ. Коми, г Воркута, ул Капитальная",
                    "postal_code": "430010",
                    "country_code": null,
                    "region_code": "c20180d9-ad9c-46d1-9eff-d60bc424592a",
                    "district_code": null,
                    "locality_code": "e0bf9ea3-7cbf-4b13-95f1-32c3ee9b3ae5",
                    "sub_locality_code": null,
                    "pos_council_code": null,
                    "street_code": "2d8f0484-1e7f-4a53-aaee-b76de1ce0731",
                    "house": null,
                    "block": null,
                    "flat": null,
                    "owner_id": 184,
                    "address_type_id": 1,
                    "plan_structure_code": null
                }
            ],
            "legal_form": {
                "id": 1,
                "name": "Юридическое лицо"
            },
            "vetis_owner": null
        }
    },
    "withdraw_user": null,
    "withdraw_application": null,
    "super_group": null
}
]]></system-out>
  <system-err><![CDATA[]]></system-err>
</testsuite>
